{"/Users/ryota.murakami/utils/packages/types/assertIsError.ts": {"path":"/Users/ryota.murakami/utils/packages/types/assertIsError.ts","all":false,"statementMap":{"0":{"start":{"line":1,"column":0},"end":{"line":1,"column":36}},"1":{"start":{"line":2,"column":0},"end":{"line":2,"column":25}},"2":{"start":{"line":3,"column":0},"end":{"line":3,"column":1}},"10":{"start":{"line":11,"column":0},"end":{"line":11,"column":47}},"11":{"start":{"line":12,"column":0},"end":{"line":12,"column":17}},"12":{"start":{"line":13,"column":0},"end":{"line":13,"column":23}},"13":{"start":{"line":14,"column":0},"end":{"line":14,"column":41}},"14":{"start":{"line":15,"column":0},"end":{"line":15,"column":29}},"15":{"start":{"line":16,"column":0},"end":{"line":16,"column":60}},"16":{"start":{"line":17,"column":0},"end":{"line":17,"column":5}},"17":{"start":{"line":18,"column":0},"end":{"line":18,"column":3}},"18":{"start":{"line":19,"column":0},"end":{"line":19,"column":1}}},"s":{"0":1,"1":22,"2":22,"10":1,"11":30,"12":30,"13":30,"14":22,"15":22,"16":22,"17":22,"18":30},"branchMap":{"0":{"type":"branch","line":1,"loc":{"start":{"line":1,"column":35},"end":{"line":3,"column":1}},"locations":[{"start":{"line":1,"column":35},"end":{"line":3,"column":1}}]},"1":{"type":"branch","line":11,"loc":{"start":{"line":11,"column":7},"end":{"line":19,"column":1}},"locations":[{"start":{"line":11,"column":7},"end":{"line":19,"column":1}}]},"2":{"type":"branch","line":14,"loc":{"start":{"line":14,"column":40},"end":{"line":18,"column":3}},"locations":[{"start":{"line":14,"column":40},"end":{"line":18,"column":3}}]}},"b":{"0":[22],"1":[30],"2":[22]},"fnMap":{"0":{"name":"<instance_members_initializer>","decl":{"start":{"line":1,"column":35},"end":{"line":3,"column":1}},"loc":{"start":{"line":1,"column":35},"end":{"line":3,"column":1}},"line":1},"1":{"name":"assertIsError","decl":{"start":{"line":11,"column":7},"end":{"line":19,"column":1}},"loc":{"start":{"line":11,"column":7},"end":{"line":19,"column":1}},"line":11}},"f":{"0":22,"1":30}}
,"/Users/ryota.murakami/utils/packages/types/betterTypeof.ts": {"path":"/Users/ryota.murakami/utils/packages/types/betterTypeof.ts","all":false,"statementMap":{"25":{"start":{"line":26,"column":0},"end":{"line":26,"column":45}},"26":{"start":{"line":27,"column":0},"end":{"line":27,"column":33}},"27":{"start":{"line":28,"column":0},"end":{"line":28,"column":40}},"28":{"start":{"line":29,"column":0},"end":{"line":29,"column":48}},"29":{"start":{"line":30,"column":0},"end":{"line":30,"column":3}},"31":{"start":{"line":32,"column":0},"end":{"line":32,"column":33}},"32":{"start":{"line":33,"column":0},"end":{"line":33,"column":43}},"33":{"start":{"line":34,"column":0},"end":{"line":34,"column":36}},"34":{"start":{"line":35,"column":0},"end":{"line":35,"column":79}},"35":{"start":{"line":36,"column":0},"end":{"line":36,"column":98}},"36":{"start":{"line":37,"column":0},"end":{"line":37,"column":5}},"37":{"start":{"line":38,"column":0},"end":{"line":38,"column":3}},"39":{"start":{"line":40,"column":0},"end":{"line":40,"column":20}},"40":{"start":{"line":41,"column":0},"end":{"line":41,"column":1}}},"s":{"25":1,"26":78,"27":19,"28":19,"29":19,"31":78,"32":30,"33":30,"34":30,"35":16,"36":16,"37":30,"39":41,"40":41},"branchMap":{"0":{"type":"branch","line":26,"loc":{"start":{"line":26,"column":7},"end":{"line":41,"column":1}},"locations":[{"start":{"line":26,"column":7},"end":{"line":41,"column":1}}]},"1":{"type":"branch","line":27,"loc":{"start":{"line":27,"column":32},"end":{"line":30,"column":3}},"locations":[{"start":{"line":27,"column":32},"end":{"line":30,"column":3}}]},"2":{"type":"branch","line":28,"loc":{"start":{"line":28,"column":28},"end":{"line":28,"column":40}},"locations":[{"start":{"line":28,"column":28},"end":{"line":28,"column":40}}]},"3":{"type":"branch","line":28,"loc":{"start":{"line":28,"column":35},"end":{"line":29,"column":39}},"locations":[{"start":{"line":28,"column":35},"end":{"line":29,"column":39}}]},"4":{"type":"branch","line":29,"loc":{"start":{"line":29,"column":32},"end":{"line":29,"column":48}},"locations":[{"start":{"line":29,"column":32},"end":{"line":29,"column":48}}]},"5":{"type":"branch","line":30,"loc":{"start":{"line":30,"column":2},"end":{"line":32,"column":32}},"locations":[{"start":{"line":30,"column":2},"end":{"line":32,"column":32}}]},"6":{"type":"branch","line":32,"loc":{"start":{"line":32,"column":32},"end":{"line":38,"column":3}},"locations":[{"start":{"line":32,"column":32},"end":{"line":38,"column":3}}]},"7":{"type":"branch","line":33,"loc":{"start":{"line":33,"column":29},"end":{"line":33,"column":43}},"locations":[{"start":{"line":33,"column":29},"end":{"line":33,"column":43}}]},"8":{"type":"branch","line":33,"loc":{"start":{"line":33,"column":36},"end":{"line":34,"column":30}},"locations":[{"start":{"line":33,"column":36},"end":{"line":34,"column":30}}]},"9":{"type":"branch","line":34,"loc":{"start":{"line":34,"column":23},"end":{"line":34,"column":36}},"locations":[{"start":{"line":34,"column":23},"end":{"line":34,"column":36}}]},"10":{"type":"branch","line":34,"loc":{"start":{"line":34,"column":30},"end":{"line":35,"column":60}},"locations":[{"start":{"line":34,"column":30},"end":{"line":35,"column":60}}]},"11":{"type":"branch","line":35,"loc":{"start":{"line":35,"column":47},"end":{"line":35,"column":78}},"locations":[{"start":{"line":35,"column":47},"end":{"line":35,"column":78}}]},"12":{"type":"branch","line":35,"loc":{"start":{"line":35,"column":78},"end":{"line":37,"column":5}},"locations":[{"start":{"line":35,"column":78},"end":{"line":37,"column":5}}]},"13":{"type":"branch","line":38,"loc":{"start":{"line":38,"column":2},"end":{"line":41,"column":1}},"locations":[{"start":{"line":38,"column":2},"end":{"line":41,"column":1}}]}},"b":{"0":[78],"1":[19],"2":[4],"3":[15],"4":[9],"5":[65],"6":[30],"7":[6],"8":[24],"9":[2],"10":[22],"11":[18],"12":[16],"13":[41]},"fnMap":{"0":{"name":"betterTypeof","decl":{"start":{"line":26,"column":7},"end":{"line":41,"column":1}},"loc":{"start":{"line":26,"column":7},"end":{"line":41,"column":1}},"line":26}},"f":{"0":78}}
}
