TN:
SF:assertIsError.ts
FN:1,<instance_members_initializer>
FN:11,assertIsError
FNF:2
FNH:2
FNDA:22,<instance_members_initializer>
FNDA:30,assertIsError
DA:1,1
DA:2,22
DA:3,22
DA:11,1
DA:12,30
DA:13,30
DA:14,30
DA:15,22
DA:16,22
DA:17,22
DA:18,22
DA:19,30
LF:12
LH:12
BRDA:1,0,0,22
BRDA:11,1,0,30
BRDA:14,2,0,22
BRF:3
BRH:3
end_of_record
TN:
SF:betterTypeof.ts
FN:26,betterTypeof
FNF:1
FNH:1
FNDA:78,betterTypeof
DA:26,1
DA:27,78
DA:28,19
DA:29,19
DA:30,19
DA:32,78
DA:33,30
DA:34,30
DA:35,30
DA:36,16
DA:37,16
DA:38,30
DA:40,41
DA:41,41
LF:14
LH:14
BRDA:26,0,0,78
BRDA:27,1,0,19
BRDA:28,2,0,4
BRDA:28,3,0,15
BRDA:29,4,0,9
BRDA:30,5,0,65
BRDA:32,6,0,30
BRDA:33,7,0,6
BRDA:33,8,0,24
BRDA:34,9,0,2
BRDA:34,10,0,22
BRDA:35,11,0,18
BRDA:35,12,0,16
BRDA:38,13,0,41
BRF:14
BRH:14
end_of_record
