<?xml version="1.0" encoding="UTF-8"?>
<coverage generated="1751106100914" clover="3.2.0">
  <project timestamp="1751106100914" name="All files">
    <metrics statements="289" coveredstatements="278" conditionals="138" coveredconditionals="131" methods="34" coveredmethods="31" elements="461" coveredelements="440" complexity="0" loc="289" ncloc="289" packages="4" files="28" classes="28"/>
    <package name="universal">
      <metrics statements="259" coveredstatements="249" conditionals="126" coveredconditionals="120" methods="29" coveredmethods="27"/>
      <file name="eqeqeq.codemod.js" path="/Users/ryota.murakami/utils/packages/universal/eqeqeq.codemod.js">
        <metrics statements="11" coveredstatements="9" conditionals="1" coveredconditionals="1" methods="1" coveredmethods="1"/>
        <line num="1" count="1" type="cond" truecount="1" falsecount="0"/>
        <line num="2" count="12" type="stmt"/>
        <line num="3" count="12" type="stmt"/>
        <line num="5" count="12" type="stmt"/>
        <line num="6" count="12" type="stmt"/>
        <line num="7" count="12" type="stmt"/>
        <line num="8" count="0" type="stmt"/>
        <line num="10" count="0" type="stmt"/>
        <line num="11" count="12" type="stmt"/>
        <line num="12" count="12" type="stmt"/>
        <line num="13" count="12" type="stmt"/>
      </file>
      <file name="filterFalsy.ts" path="/Users/ryota.murakami/utils/packages/universal/filterFalsy.ts">
        <metrics statements="3" coveredstatements="3" conditionals="1" coveredconditionals="1" methods="1" coveredmethods="1"/>
        <line num="17" count="1" type="cond" truecount="1" falsecount="0"/>
        <line num="18" count="1" type="stmt"/>
        <line num="19" count="1" type="stmt"/>
      </file>
      <file name="getDate.ts" path="/Users/ryota.murakami/utils/packages/universal/getDate.ts">
        <metrics statements="3" coveredstatements="3" conditionals="1" coveredconditionals="1" methods="1" coveredmethods="1"/>
        <line num="13" count="1" type="cond" truecount="1" falsecount="0"/>
        <line num="14" count="3" type="stmt"/>
        <line num="15" count="3" type="stmt"/>
      </file>
      <file name="invariant.ts" path="/Users/ryota.murakami/utils/packages/universal/invariant.ts">
        <metrics statements="36" coveredstatements="36" conditionals="8" coveredconditionals="8" methods="1" coveredmethods="1"/>
        <line num="18" count="1" type="cond" truecount="1" falsecount="0"/>
        <line num="19" count="45" type="stmt"/>
        <line num="20" count="45" type="stmt"/>
        <line num="21" count="45" type="stmt"/>
        <line num="22" count="45" type="stmt"/>
        <line num="23" count="45" type="stmt"/>
        <line num="24" count="45" type="stmt"/>
        <line num="25" count="45" type="stmt"/>
        <line num="26" count="45" type="stmt"/>
        <line num="27" count="45" type="stmt"/>
        <line num="28" count="45" type="stmt"/>
        <line num="29" count="45" type="cond" truecount="1" falsecount="0"/>
        <line num="30" count="44" type="cond" truecount="1" falsecount="0"/>
        <line num="31" count="3" type="stmt"/>
        <line num="32" count="3" type="stmt"/>
        <line num="33" count="44" type="cond" truecount="1" falsecount="0"/>
        <line num="35" count="45" type="cond" truecount="1" falsecount="0"/>
        <line num="36" count="34" type="stmt"/>
        <line num="37" count="34" type="cond" truecount="1" falsecount="0"/>
        <line num="38" count="1" type="stmt"/>
        <line num="39" count="1" type="stmt"/>
        <line num="41" count="1" type="stmt"/>
        <line num="42" count="34" type="cond" truecount="1" falsecount="0"/>
        <line num="43" count="33" type="stmt"/>
        <line num="44" count="33" type="stmt"/>
        <line num="45" count="33" type="stmt"/>
        <line num="46" count="33" type="cond" truecount="1" falsecount="0"/>
        <line num="47" count="32" type="stmt"/>
        <line num="48" count="33" type="stmt"/>
        <line num="49" count="33" type="stmt"/>
        <line num="50" count="33" type="stmt"/>
        <line num="51" count="33" type="stmt"/>
        <line num="54" count="33" type="stmt"/>
        <line num="55" count="33" type="stmt"/>
        <line num="56" count="33" type="stmt"/>
        <line num="57" count="45" type="stmt"/>
      </file>
      <file name="isBoolean.ts" path="/Users/ryota.murakami/utils/packages/universal/isBoolean.ts">
        <metrics statements="1" coveredstatements="1" conditionals="1" coveredconditionals="1" methods="1" coveredmethods="1"/>
        <line num="16" count="1" type="cond" truecount="1" falsecount="0"/>
      </file>
      <file name="isError.ts" path="/Users/ryota.murakami/utils/packages/universal/isError.ts">
        <metrics statements="4" coveredstatements="4" conditionals="4" coveredconditionals="4" methods="1" coveredmethods="1"/>
        <line num="1" count="82" type="cond" truecount="1" falsecount="0"/>
        <line num="2" count="82" type="stmt"/>
        <line num="3" count="82" type="cond" truecount="3" falsecount="0"/>
        <line num="5" count="82" type="stmt"/>
      </file>
      <file name="isFalsy.ts" path="/Users/ryota.murakami/utils/packages/universal/isFalsy.ts">
        <metrics statements="3" coveredstatements="3" conditionals="1" coveredconditionals="1" methods="1" coveredmethods="1"/>
        <line num="19" count="1" type="cond" truecount="1" falsecount="0"/>
        <line num="20" count="15" type="stmt"/>
        <line num="21" count="15" type="stmt"/>
      </file>
      <file name="isFunction.ts" path="/Users/ryota.murakami/utils/packages/universal/isFunction.ts">
        <metrics statements="4" coveredstatements="4" conditionals="1" coveredconditionals="1" methods="1" coveredmethods="1"/>
        <line num="17" count="1" type="cond" truecount="1" falsecount="0"/>
        <line num="18" count="12" type="stmt"/>
        <line num="20" count="12" type="stmt"/>
        <line num="22" count="1" type="stmt"/>
      </file>
      <file name="isImageUrl.js" path="/Users/ryota.murakami/utils/packages/universal/isImageUrl.js">
        <metrics statements="3" coveredstatements="3" conditionals="1" coveredconditionals="1" methods="1" coveredmethods="1"/>
        <line num="1" count="1" type="cond" truecount="1" falsecount="0"/>
        <line num="2" count="36" type="stmt"/>
        <line num="3" count="36" type="stmt"/>
      </file>
      <file name="non-nullable.ts" path="/Users/ryota.murakami/utils/packages/universal/non-nullable.ts">
        <metrics statements="3" coveredstatements="3" conditionals="2" coveredconditionals="2" methods="1" coveredmethods="1"/>
        <line num="21" count="1" type="cond" truecount="1" falsecount="0"/>
        <line num="22" count="44" type="cond" truecount="1" falsecount="0"/>
        <line num="23" count="44" type="stmt"/>
      </file>
      <file name="positiveIntegerSum.js" path="/Users/ryota.murakami/utils/packages/universal/positiveIntegerSum.js">
        <metrics statements="10" coveredstatements="10" conditionals="5" coveredconditionals="5" methods="1" coveredmethods="1"/>
        <line num="1" count="1" type="cond" truecount="1" falsecount="0"/>
        <line num="2" count="26" type="stmt"/>
        <line num="3" count="26" type="stmt"/>
        <line num="4" count="26" type="stmt"/>
        <line num="5" count="26" type="cond" truecount="2" falsecount="0"/>
        <line num="7" count="26" type="cond" truecount="1" falsecount="0"/>
        <line num="8" count="292" type="stmt"/>
        <line num="9" count="292" type="cond" truecount="1" falsecount="0"/>
        <line num="11" count="21" type="stmt"/>
        <line num="12" count="21" type="stmt"/>
      </file>
      <file name="printValue.ts" path="/Users/ryota.murakami/utils/packages/universal/printValue.ts">
        <metrics statements="63" coveredstatements="61" conditionals="55" coveredconditionals="51" methods="4" coveredmethods="3"/>
        <line num="22" count="1" type="stmt"/>
        <line num="23" count="1" type="stmt"/>
        <line num="24" count="1" type="stmt"/>
        <line num="25" count="1" type="stmt"/>
        <line num="26" count="1" type="cond" truecount="0" falsecount="1"/>
        <line num="28" count="1" type="stmt"/>
        <line num="30" count="8" type="cond" truecount="1" falsecount="0"/>
        <line num="31" count="8" type="cond" truecount="2" falsecount="0"/>
        <line num="32" count="8" type="cond" truecount="1" falsecount="0"/>
        <line num="33" count="8" type="cond" truecount="2" falsecount="0"/>
        <line num="34" count="8" type="stmt"/>
        <line num="36" count="42" type="cond" truecount="1" falsecount="0"/>
        <line num="37" count="42" type="cond" truecount="4" falsecount="0"/>
        <line num="38" count="42" type="cond" truecount="2" falsecount="0"/>
        <line num="40" count="38" type="stmt"/>
        <line num="41" count="42" type="cond" truecount="2" falsecount="0"/>
        <line num="42" count="42" type="cond" truecount="4" falsecount="0"/>
        <line num="43" count="24" type="stmt"/>
        <line num="44" count="42" type="cond" truecount="2" falsecount="1"/>
        <line num="45" count="21" type="stmt"/>
        <line num="46" count="42" type="cond" truecount="2" falsecount="0"/>
        <line num="48" count="18" type="stmt"/>
        <line num="49" count="18" type="stmt"/>
        <line num="50" count="42" type="cond" truecount="4" falsecount="0"/>
        <line num="51" count="42" type="cond" truecount="1" falsecount="0"/>
        <line num="52" count="42" type="cond" truecount="2" falsecount="0"/>
        <line num="53" count="42" type="cond" truecount="2" falsecount="0"/>
        <line num="55" count="9" type="stmt"/>
        <line num="56" count="9" type="stmt"/>
        <line num="58" count="42" type="cond" truecount="1" falsecount="0"/>
        <line num="59" count="42" type="stmt"/>
        <line num="60" count="42" type="cond" truecount="2" falsecount="0"/>
        <line num="62" count="9" type="stmt"/>
        <line num="63" count="9" type="stmt"/>
        <line num="64" count="9" type="cond" truecount="1" falsecount="0"/>
        <line num="66" count="33" type="stmt"/>
        <line num="67" count="33" type="cond" truecount="1" falsecount="0"/>
        <line num="68" count="1" type="cond" truecount="0" falsecount="1"/>
        <line num="69" count="1" type="cond" truecount="1" falsecount="0"/>
        <line num="70" count="33" type="cond" truecount="1" falsecount="0"/>
        <line num="71" count="1" type="stmt"/>
        <line num="72" count="1" type="cond" truecount="1" falsecount="0"/>
        <line num="73" count="33" type="cond" truecount="1" falsecount="0"/>
        <line num="74" count="1" type="stmt"/>
        <line num="75" count="1" type="cond" truecount="1" falsecount="0"/>
        <line num="77" count="30" type="stmt"/>
        <line num="78" count="33" type="cond" truecount="0" falsecount="1"/>
        <line num="79" count="0" type="stmt"/>
        <line num="80" count="0" type="cond" truecount="1" falsecount="0"/>
        <line num="81" count="33" type="cond" truecount="2" falsecount="0"/>
        <line num="82" count="1" type="stmt"/>
        <line num="83" count="1" type="cond" truecount="1" falsecount="0"/>
        <line num="84" count="33" type="cond" truecount="1" falsecount="0"/>
        <line num="85" count="1" type="stmt"/>
        <line num="86" count="1" type="cond" truecount="1" falsecount="0"/>
        <line num="89" count="33" type="cond" truecount="2" falsecount="0"/>
        <line num="90" count="1" type="stmt"/>
        <line num="91" count="1" type="cond" truecount="1" falsecount="0"/>
        <line num="93" count="27" type="stmt"/>
        <line num="94" count="33" type="stmt"/>
        <line num="95" count="9" type="stmt"/>
        <line num="96" count="9" type="stmt"/>
        <line num="97" count="9" type="stmt"/>
      </file>
      <file name="random.ts" path="/Users/ryota.murakami/utils/packages/universal/random.ts">
        <metrics statements="9" coveredstatements="9" conditionals="3" coveredconditionals="3" methods="3" coveredmethods="3"/>
        <line num="13" count="1" type="cond" truecount="1" falsecount="0"/>
        <line num="14" count="6374" type="stmt"/>
        <line num="15" count="6374" type="stmt"/>
        <line num="30" count="1" type="cond" truecount="1" falsecount="0"/>
        <line num="31" count="5655" type="stmt"/>
        <line num="32" count="5655" type="stmt"/>
        <line num="49" count="1" type="cond" truecount="1" falsecount="0"/>
        <line num="50" count="5806" type="stmt"/>
        <line num="51" count="5806" type="stmt"/>
      </file>
      <file name="removeSpecialCharacters.ts" path="/Users/ryota.murakami/utils/packages/universal/removeSpecialCharacters.ts">
        <metrics statements="6" coveredstatements="6" conditionals="1" coveredconditionals="1" methods="1" coveredmethods="1"/>
        <line num="26" count="1" type="cond" truecount="1" falsecount="0"/>
        <line num="27" count="11" type="stmt"/>
        <line num="28" count="11" type="stmt"/>
        <line num="29" count="11" type="stmt"/>
        <line num="30" count="11" type="stmt"/>
        <line num="31" count="11" type="stmt"/>
      </file>
      <file name="retry.js" path="/Users/ryota.murakami/utils/packages/universal/retry.js">
        <metrics statements="28" coveredstatements="28" conditionals="9" coveredconditionals="9" methods="2" coveredmethods="2"/>
        <line num="1" count="1" type="stmt"/>
        <line num="2" count="1" type="stmt"/>
        <line num="3" count="1" type="stmt"/>
        <line num="4" count="38" type="cond" truecount="1" falsecount="0"/>
        <line num="5" count="38" type="stmt"/>
        <line num="7" count="38" type="stmt"/>
        <line num="8" count="38" type="stmt"/>
        <line num="9" count="38" type="stmt"/>
        <line num="11" count="38" type="cond" truecount="1" falsecount="0"/>
        <line num="12" count="10" type="stmt"/>
        <line num="13" count="10" type="stmt"/>
        <line num="15" count="38" type="cond" truecount="1" falsecount="0"/>
        <line num="16" count="170" type="stmt"/>
        <line num="17" count="170" type="stmt"/>
        <line num="18" count="170" type="cond" truecount="1" falsecount="0"/>
        <line num="19" count="26" type="stmt"/>
        <line num="20" count="170" type="cond" truecount="1" falsecount="0"/>
        <line num="21" count="144" type="cond" truecount="1" falsecount="0"/>
        <line num="22" count="10" type="stmt"/>
        <line num="23" count="10" type="stmt"/>
        <line num="24" count="144" type="stmt"/>
        <line num="25" count="170" type="cond" truecount="1" falsecount="0"/>
        <line num="27" count="38" type="cond" truecount="1" falsecount="0"/>
        <line num="28" count="5" type="stmt"/>
        <line num="29" count="5" type="cond" truecount="1" falsecount="0"/>
        <line num="31" count="22" type="stmt"/>
        <line num="32" count="22" type="stmt"/>
        <line num="34" count="1" type="stmt"/>
      </file>
      <file name="shallowEqual.ts" path="/Users/ryota.murakami/utils/packages/universal/shallowEqual.ts">
        <metrics statements="20" coveredstatements="18" conditionals="8" coveredconditionals="7" methods="1" coveredmethods="1"/>
        <line num="26" count="6" type="cond" truecount="1" falsecount="0"/>
        <line num="27" count="6" type="stmt"/>
        <line num="28" count="6" type="stmt"/>
        <line num="29" count="6" type="stmt"/>
        <line num="30" count="6" type="cond" truecount="0" falsecount="1"/>
        <line num="31" count="0" type="stmt"/>
        <line num="32" count="0" type="stmt"/>
        <line num="34" count="6" type="stmt"/>
        <line num="35" count="6" type="stmt"/>
        <line num="37" count="6" type="cond" truecount="1" falsecount="0"/>
        <line num="38" count="2" type="stmt"/>
        <line num="39" count="2" type="cond" truecount="1" falsecount="0"/>
        <line num="42" count="4" type="stmt"/>
        <line num="43" count="6" type="cond" truecount="1" falsecount="0"/>
        <line num="44" count="11" type="cond" truecount="2" falsecount="0"/>
        <line num="45" count="1" type="stmt"/>
        <line num="46" count="1" type="stmt"/>
        <line num="47" count="11" type="cond" truecount="1" falsecount="0"/>
        <line num="49" count="3" type="stmt"/>
        <line num="50" count="3" type="stmt"/>
      </file>
      <file name="shallowEqualScalar.js" path="/Users/ryota.murakami/utils/packages/universal/shallowEqualScalar.js">
        <metrics statements="32" coveredstatements="32" conditionals="16" coveredconditionals="16" methods="1" coveredmethods="1"/>
        <line num="1" count="1" type="stmt"/>
        <line num="3" count="1" type="cond" truecount="1" falsecount="0"/>
        <line num="4" count="10" type="cond" truecount="1" falsecount="0"/>
        <line num="5" count="1" type="stmt"/>
        <line num="6" count="1" type="cond" truecount="1" falsecount="0"/>
        <line num="8" count="9" type="stmt"/>
        <line num="9" count="9" type="stmt"/>
        <line num="10" count="10" type="cond" truecount="1" falsecount="0"/>
        <line num="11" count="10" type="cond" truecount="1" falsecount="0"/>
        <line num="12" count="8" type="stmt"/>
        <line num="13" count="10" type="cond" truecount="1" falsecount="0"/>
        <line num="14" count="2" type="stmt"/>
        <line num="15" count="2" type="cond" truecount="1" falsecount="0"/>
        <line num="17" count="7" type="stmt"/>
        <line num="18" count="7" type="stmt"/>
        <line num="20" count="10" type="cond" truecount="1" falsecount="0"/>
        <line num="21" count="2" type="stmt"/>
        <line num="22" count="2" type="cond" truecount="1" falsecount="0"/>
        <line num="24" count="5" type="stmt"/>
        <line num="25" count="5" type="stmt"/>
        <line num="26" count="10" type="cond" truecount="1" falsecount="0"/>
        <line num="27" count="13" type="cond" truecount="1" falsecount="0"/>
        <line num="28" count="1" type="stmt"/>
        <line num="29" count="1" type="cond" truecount="1" falsecount="0"/>
        <line num="31" count="12" type="stmt"/>
        <line num="32" count="12" type="stmt"/>
        <line num="34" count="13" type="cond" truecount="3" falsecount="0"/>
        <line num="35" count="2" type="stmt"/>
        <line num="36" count="2" type="stmt"/>
        <line num="37" count="13" type="cond" truecount="1" falsecount="0"/>
        <line num="39" count="2" type="stmt"/>
        <line num="40" count="2" type="stmt"/>
      </file>
      <file name="typeHelpers.ts" path="/Users/ryota.murakami/utils/packages/universal/typeHelpers.ts">
        <metrics statements="15" coveredstatements="15" conditionals="6" coveredconditionals="6" methods="4" coveredmethods="4"/>
        <line num="9" count="1" type="cond" truecount="1" falsecount="0"/>
        <line num="25" count="1" type="cond" truecount="1" falsecount="0"/>
        <line num="26" count="10" type="stmt"/>
        <line num="27" count="10" type="stmt"/>
        <line num="28" count="10" type="stmt"/>
        <line num="29" count="10" type="stmt"/>
        <line num="30" count="10" type="stmt"/>
        <line num="38" count="1" type="cond" truecount="1" falsecount="0"/>
        <line num="55" count="1" type="cond" truecount="1" falsecount="0"/>
        <line num="56" count="24" type="stmt"/>
        <line num="57" count="24" type="stmt"/>
        <line num="58" count="24" type="cond" truecount="2" falsecount="0"/>
        <line num="59" count="9" type="stmt"/>
        <line num="60" count="9" type="stmt"/>
        <line num="61" count="24" type="stmt"/>
      </file>
      <file name="varToString.js" path="/Users/ryota.murakami/utils/packages/universal/varToString.js">
        <metrics statements="4" coveredstatements="0" conditionals="1" coveredconditionals="0" methods="1" coveredmethods="0"/>
        <line num="1" count="0" type="cond" truecount="0" falsecount="1"/>
        <line num="3" count="0" type="stmt"/>
        <line num="4" count="0" type="stmt"/>
        <line num="5" count="0" type="stmt"/>
      </file>
      <file name="yyyy-mm-dd.js" path="/Users/ryota.murakami/utils/packages/universal/yyyy-mm-dd.js">
        <metrics statements="1" coveredstatements="1" conditionals="1" coveredconditionals="1" methods="1" coveredmethods="1"/>
        <line num="1" count="1" type="cond" truecount="1" falsecount="0"/>
      </file>
    </package>
    <package name="universal.array">
      <metrics statements="18" coveredstatements="17" conditionals="10" coveredconditionals="9" methods="4" coveredmethods="3"/>
      <file name="arrGen.js" path="/Users/ryota.murakami/utils/packages/universal/array/arrGen.js">
        <metrics statements="1" coveredstatements="0" conditionals="1" coveredconditionals="0" methods="1" coveredmethods="0"/>
        <line num="1" count="0" type="cond" truecount="0" falsecount="1"/>
      </file>
      <file name="arrayEqual.ts" path="/Users/ryota.murakami/utils/packages/universal/array/arrayEqual.ts">
        <metrics statements="7" coveredstatements="7" conditionals="6" coveredconditionals="6" methods="1" coveredmethods="1"/>
        <line num="22" count="1" type="cond" truecount="1" falsecount="0"/>
        <line num="23" count="69" type="cond" truecount="2" falsecount="0"/>
        <line num="24" count="69" type="cond" truecount="1" falsecount="0"/>
        <line num="25" count="21131" type="cond" truecount="1" falsecount="0"/>
        <line num="26" count="21131" type="cond" truecount="1" falsecount="0"/>
        <line num="27" count="39" type="stmt"/>
        <line num="28" count="39" type="stmt"/>
      </file>
      <file name="arrayFilllmap.ts" path="/Users/ryota.murakami/utils/packages/universal/array/arrayFilllmap.ts">
        <metrics statements="6" coveredstatements="6" conditionals="1" coveredconditionals="1" methods="1" coveredmethods="1"/>
        <line num="8" count="1" type="cond" truecount="1" falsecount="0"/>
        <line num="9" count="1" type="stmt"/>
        <line num="11" count="1" type="stmt"/>
        <line num="12" count="1" type="stmt"/>
        <line num="13" count="1" type="stmt"/>
        <line num="14" count="1" type="stmt"/>
      </file>
      <file name="range.ts" path="/Users/ryota.murakami/utils/packages/universal/array/range.ts">
        <metrics statements="4" coveredstatements="4" conditionals="2" coveredconditionals="2" methods="1" coveredmethods="1"/>
        <line num="6" count="1" type="cond" truecount="1" falsecount="0"/>
        <line num="7" count="1" type="stmt"/>
        <line num="8" count="1" type="cond" truecount="1" falsecount="0"/>
        <line num="9" count="1" type="stmt"/>
      </file>
    </package>
    <package name="universal.regex">
      <metrics statements="6" coveredstatements="6" conditionals="0" coveredconditionals="0" methods="0" coveredmethods="0"/>
      <file name="css.ts" path="/Users/ryota.murakami/utils/packages/universal/regex/css.ts">
        <metrics statements="4" coveredstatements="4" conditionals="0" coveredconditionals="0" methods="0" coveredmethods="0"/>
        <line num="12" count="1" type="stmt"/>
        <line num="25" count="1" type="stmt"/>
        <line num="38" count="1" type="stmt"/>
        <line num="52" count="1" type="stmt"/>
      </file>
      <file name="email.ts" path="/Users/ryota.murakami/utils/packages/universal/regex/email.ts">
        <metrics statements="1" coveredstatements="1" conditionals="0" coveredconditionals="0" methods="0" coveredmethods="0"/>
        <line num="1" count="1" type="stmt"/>
      </file>
      <file name="email2.ts" path="/Users/ryota.murakami/utils/packages/universal/regex/email2.ts">
        <metrics statements="1" coveredstatements="1" conditionals="0" coveredconditionals="0" methods="0" coveredmethods="0"/>
        <line num="3" count="1" type="stmt"/>
      </file>
    </package>
    <package name="universal.string">
      <metrics statements="6" coveredstatements="6" conditionals="2" coveredconditionals="2" methods="1" coveredmethods="1"/>
      <file name="snakeToCameledSpace.ts" path="/Users/ryota.murakami/utils/packages/universal/string/snakeToCameledSpace.ts">
        <metrics statements="6" coveredstatements="6" conditionals="2" coveredconditionals="2" methods="1" coveredmethods="1"/>
        <line num="18" count="1" type="cond" truecount="1" falsecount="0"/>
        <line num="19" count="45" type="stmt"/>
        <line num="20" count="45" type="stmt"/>
        <line num="21" count="45" type="cond" truecount="1" falsecount="0"/>
        <line num="22" count="45" type="stmt"/>
        <line num="24" count="1" type="stmt"/>
      </file>
    </package>
  </project>
</coverage>
