{"/Users/ryota.murakami/utils/packages/universal/eqeqeq.codemod.js": {"path":"/Users/ryota.murakami/utils/packages/universal/eqeqeq.codemod.js","all":false,"statementMap":{"0":{"start":{"line":1,"column":0},"end":{"line":1,"column":48}},"1":{"start":{"line":2,"column":0},"end":{"line":2,"column":27}},"2":{"start":{"line":3,"column":0},"end":{"line":3,"column":35}},"4":{"start":{"line":5,"column":0},"end":{"line":5,"column":23}},"5":{"start":{"line":6,"column":0},"end":{"line":6,"column":49}},"6":{"start":{"line":7,"column":0},"end":{"line":7,"column":25}},"7":{"start":{"line":8,"column":0},"end":{"line":8,"column":37}},"9":{"start":{"line":10,"column":0},"end":{"line":10,"column":45}},"10":{"start":{"line":11,"column":0},"end":{"line":11,"column":6}},"11":{"start":{"line":12,"column":0},"end":{"line":12,"column":15}},"12":{"start":{"line":13,"column":0},"end":{"line":13,"column":1}}},"s":{"0":1,"1":12,"2":12,"4":12,"5":12,"6":12,"7":0,"9":0,"10":12,"11":12,"12":12},"branchMap":{"0":{"type":"branch","line":1,"loc":{"start":{"line":1,"column":15},"end":{"line":13,"column":1}},"locations":[{"start":{"line":1,"column":15},"end":{"line":13,"column":1}}]}},"b":{"0":[12]},"fnMap":{"0":{"name":"transformer","decl":{"start":{"line":1,"column":15},"end":{"line":13,"column":1}},"loc":{"start":{"line":1,"column":15},"end":{"line":13,"column":1}},"line":1}},"f":{"0":12}}
,"/Users/ryota.murakami/utils/packages/universal/filterFalsy.ts": {"path":"/Users/ryota.murakami/utils/packages/universal/filterFalsy.ts","all":false,"statementMap":{"16":{"start":{"line":17,"column":0},"end":{"line":17,"column":69}},"17":{"start":{"line":18,"column":0},"end":{"line":18,"column":37}},"18":{"start":{"line":19,"column":0},"end":{"line":19,"column":1}}},"s":{"16":1,"17":1,"18":1},"branchMap":{"0":{"type":"branch","line":17,"loc":{"start":{"line":17,"column":7},"end":{"line":19,"column":1}},"locations":[{"start":{"line":17,"column":7},"end":{"line":19,"column":1}}]}},"b":{"0":[1]},"fnMap":{"0":{"name":"filterFalsy","decl":{"start":{"line":17,"column":7},"end":{"line":19,"column":1}},"loc":{"start":{"line":17,"column":7},"end":{"line":19,"column":1}},"line":17}},"f":{"0":1}}
,"/Users/ryota.murakami/utils/packages/universal/getDate.ts": {"path":"/Users/ryota.murakami/utils/packages/universal/getDate.ts","all":false,"statementMap":{"12":{"start":{"line":13,"column":0},"end":{"line":13,"column":41}},"13":{"start":{"line":14,"column":0},"end":{"line":14,"column":63}},"14":{"start":{"line":15,"column":0},"end":{"line":15,"column":1}}},"s":{"12":1,"13":3,"14":3},"branchMap":{"0":{"type":"branch","line":13,"loc":{"start":{"line":13,"column":7},"end":{"line":15,"column":1}},"locations":[{"start":{"line":13,"column":7},"end":{"line":15,"column":1}}]}},"b":{"0":[3]},"fnMap":{"0":{"name":"getDate","decl":{"start":{"line":13,"column":7},"end":{"line":15,"column":1}},"loc":{"start":{"line":13,"column":7},"end":{"line":15,"column":1}},"line":13}},"f":{"0":3}}
,"/Users/ryota.murakami/utils/packages/universal/invariant.ts": {"path":"/Users/ryota.murakami/utils/packages/universal/invariant.ts","all":false,"statementMap":{"17":{"start":{"line":18,"column":0},"end":{"line":18,"column":35}},"18":{"start":{"line":19,"column":0},"end":{"line":19,"column":17}},"19":{"start":{"line":20,"column":0},"end":{"line":20,"column":17}},"20":{"start":{"line":21,"column":0},"end":{"line":21,"column":10}},"21":{"start":{"line":22,"column":0},"end":{"line":22,"column":10}},"22":{"start":{"line":23,"column":0},"end":{"line":23,"column":10}},"23":{"start":{"line":24,"column":0},"end":{"line":24,"column":10}},"24":{"start":{"line":25,"column":0},"end":{"line":25,"column":10}},"25":{"start":{"line":26,"column":0},"end":{"line":26,"column":10}},"26":{"start":{"line":27,"column":0},"end":{"line":27,"column":32}},"27":{"start":{"line":28,"column":0},"end":{"line":28,"column":9}},"28":{"start":{"line":29,"column":0},"end":{"line":29,"column":22}},"29":{"start":{"line":30,"column":0},"end":{"line":30,"column":31}},"30":{"start":{"line":31,"column":0},"end":{"line":31,"column":69}},"31":{"start":{"line":32,"column":0},"end":{"line":32,"column":5}},"32":{"start":{"line":33,"column":0},"end":{"line":33,"column":3}},"34":{"start":{"line":35,"column":0},"end":{"line":35,"column":19}},"35":{"start":{"line":36,"column":0},"end":{"line":36,"column":13}},"36":{"start":{"line":37,"column":0},"end":{"line":37,"column":31}},"37":{"start":{"line":38,"column":0},"end":{"line":38,"column":24}},"38":{"start":{"line":39,"column":0},"end":{"line":39,"column":78}},"40":{"start":{"line":41,"column":0},"end":{"line":41,"column":7}},"41":{"start":{"line":42,"column":0},"end":{"line":42,"column":12}},"42":{"start":{"line":43,"column":0},"end":{"line":43,"column":37}},"43":{"start":{"line":44,"column":0},"end":{"line":44,"column":22}},"44":{"start":{"line":45,"column":0},"end":{"line":45,"column":24}},"45":{"start":{"line":46,"column":0},"end":{"line":46,"column":43}},"46":{"start":{"line":47,"column":0},"end":{"line":47,"column":33}},"47":{"start":{"line":48,"column":0},"end":{"line":48,"column":11}},"48":{"start":{"line":49,"column":0},"end":{"line":49,"column":7}},"49":{"start":{"line":50,"column":0},"end":{"line":50,"column":40}},"50":{"start":{"line":51,"column":0},"end":{"line":51,"column":5}},"53":{"start":{"line":54,"column":0},"end":{"line":54,"column":70}},"54":{"start":{"line":55,"column":0},"end":{"line":55,"column":15}},"55":{"start":{"line":56,"column":0},"end":{"line":56,"column":3}},"56":{"start":{"line":57,"column":0},"end":{"line":57,"column":1}}},"s":{"17":1,"18":45,"19":45,"20":45,"21":45,"22":45,"23":45,"24":45,"25":45,"26":45,"27":45,"28":45,"29":44,"30":3,"31":3,"32":44,"34":45,"35":34,"36":34,"37":1,"38":1,"40":1,"41":34,"42":33,"43":33,"44":33,"45":33,"46":32,"47":33,"48":33,"49":33,"50":33,"53":33,"54":33,"55":33,"56":45},"branchMap":{"0":{"type":"branch","line":18,"loc":{"start":{"line":18,"column":25},"end":{"line":57,"column":1}},"locations":[{"start":{"line":18,"column":25},"end":{"line":57,"column":1}}]},"1":{"type":"branch","line":29,"loc":{"start":{"line":29,"column":21},"end":{"line":33,"column":3}},"locations":[{"start":{"line":29,"column":21},"end":{"line":33,"column":3}}]},"2":{"type":"branch","line":30,"loc":{"start":{"line":30,"column":30},"end":{"line":32,"column":5}},"locations":[{"start":{"line":30,"column":30},"end":{"line":32,"column":5}}]},"3":{"type":"branch","line":33,"loc":{"start":{"line":33,"column":2},"end":{"line":35,"column":18}},"locations":[{"start":{"line":33,"column":2},"end":{"line":35,"column":18}}]},"4":{"type":"branch","line":35,"loc":{"start":{"line":35,"column":18},"end":{"line":56,"column":3}},"locations":[{"start":{"line":35,"column":18},"end":{"line":56,"column":3}}]},"5":{"type":"branch","line":37,"loc":{"start":{"line":37,"column":30},"end":{"line":42,"column":11}},"locations":[{"start":{"line":37,"column":30},"end":{"line":42,"column":11}}]},"6":{"type":"branch","line":42,"loc":{"start":{"line":42,"column":4},"end":{"line":56,"column":3}},"locations":[{"start":{"line":42,"column":4},"end":{"line":56,"column":3}}]},"7":{"type":"branch","line":46,"loc":{"start":{"line":46,"column":30},"end":{"line":48,"column":9}},"locations":[{"start":{"line":46,"column":30},"end":{"line":48,"column":9}}]}},"b":{"0":[45],"1":[44],"2":[3],"3":[42],"4":[34],"5":[1],"6":[33],"7":[32]},"fnMap":{"0":{"name":"invariant","decl":{"start":{"line":18,"column":25},"end":{"line":57,"column":1}},"loc":{"start":{"line":18,"column":25},"end":{"line":57,"column":1}},"line":18}},"f":{"0":45}}
,"/Users/ryota.murakami/utils/packages/universal/isBoolean.ts": {"path":"/Users/ryota.murakami/utils/packages/universal/isBoolean.ts","all":false,"statementMap":{"15":{"start":{"line":16,"column":0},"end":{"line":16,"column":79}}},"s":{"15":1},"branchMap":{"0":{"type":"branch","line":16,"loc":{"start":{"line":16,"column":15},"end":{"line":16,"column":79}},"locations":[{"start":{"line":16,"column":15},"end":{"line":16,"column":79}}]}},"b":{"0":[11]},"fnMap":{"0":{"name":"__vite_ssr_export_default__","decl":{"start":{"line":16,"column":15},"end":{"line":16,"column":79}},"loc":{"start":{"line":16,"column":15},"end":{"line":16,"column":79}},"line":16}},"f":{"0":11}}
,"/Users/ryota.murakami/utils/packages/universal/isError.ts": {"path":"/Users/ryota.murakami/utils/packages/universal/isError.ts","all":false,"statementMap":{"0":{"start":{"line":1,"column":0},"end":{"line":1,"column":61}},"1":{"start":{"line":2,"column":0},"end":{"line":2,"column":10}},"2":{"start":{"line":3,"column":0},"end":{"line":3,"column":80}},"4":{"start":{"line":5,"column":0},"end":{"line":5,"column":1}}},"s":{"0":82,"1":82,"2":82,"4":82},"branchMap":{"0":{"type":"branch","line":1,"loc":{"start":{"line":1,"column":0},"end":{"line":5,"column":1}},"locations":[{"start":{"line":1,"column":0},"end":{"line":5,"column":1}}]},"1":{"type":"branch","line":3,"loc":{"start":{"line":3,"column":19},"end":{"line":3,"column":47}},"locations":[{"start":{"line":3,"column":19},"end":{"line":3,"column":47}}]},"2":{"type":"branch","line":3,"loc":{"start":{"line":3,"column":39},"end":{"line":3,"column":64}},"locations":[{"start":{"line":3,"column":39},"end":{"line":3,"column":64}}]},"3":{"type":"branch","line":3,"loc":{"start":{"line":3,"column":57},"end":{"line":3,"column":80}},"locations":[{"start":{"line":3,"column":57},"end":{"line":3,"column":80}}]}},"b":{"0":[82],"1":[64],"2":[62],"3":[47]},"fnMap":{"0":{"name":"isError","decl":{"start":{"line":1,"column":0},"end":{"line":5,"column":1}},"loc":{"start":{"line":1,"column":0},"end":{"line":5,"column":1}},"line":1}},"f":{"0":82}}
,"/Users/ryota.murakami/utils/packages/universal/isFalsy.ts": {"path":"/Users/ryota.murakami/utils/packages/universal/isFalsy.ts","all":false,"statementMap":{"18":{"start":{"line":19,"column":0},"end":{"line":19,"column":44}},"19":{"start":{"line":20,"column":0},"end":{"line":20,"column":13}},"20":{"start":{"line":21,"column":0},"end":{"line":21,"column":1}}},"s":{"18":1,"19":15,"20":15},"branchMap":{"0":{"type":"branch","line":19,"loc":{"start":{"line":19,"column":7},"end":{"line":21,"column":1}},"locations":[{"start":{"line":19,"column":7},"end":{"line":21,"column":1}}]}},"b":{"0":[15]},"fnMap":{"0":{"name":"isFalsy","decl":{"start":{"line":19,"column":7},"end":{"line":21,"column":1}},"loc":{"start":{"line":19,"column":7},"end":{"line":21,"column":1}},"line":19}},"f":{"0":15}}
,"/Users/ryota.murakami/utils/packages/universal/isFunction.ts": {"path":"/Users/ryota.murakami/utils/packages/universal/isFunction.ts","all":false,"statementMap":{"16":{"start":{"line":17,"column":0},"end":{"line":17,"column":20}},"17":{"start":{"line":18,"column":0},"end":{"line":18,"column":27}},"19":{"start":{"line":20,"column":0},"end":{"line":20,"column":39}},"21":{"start":{"line":22,"column":0},"end":{"line":22,"column":25}}},"s":{"16":1,"17":12,"19":12,"21":1},"branchMap":{"0":{"type":"branch","line":17,"loc":{"start":{"line":17,"column":19},"end":{"line":20,"column":39}},"locations":[{"start":{"line":17,"column":19},"end":{"line":20,"column":39}}]}},"b":{"0":[12]},"fnMap":{"0":{"name":"isFunction","decl":{"start":{"line":17,"column":19},"end":{"line":20,"column":39}},"loc":{"start":{"line":17,"column":19},"end":{"line":20,"column":39}},"line":17}},"f":{"0":12}}
,"/Users/ryota.murakami/utils/packages/universal/isImageUrl.js": {"path":"/Users/ryota.murakami/utils/packages/universal/isImageUrl.js","all":false,"statementMap":{"0":{"start":{"line":1,"column":0},"end":{"line":1,"column":31}},"1":{"start":{"line":2,"column":0},"end":{"line":2,"column":55}},"2":{"start":{"line":3,"column":0},"end":{"line":3,"column":1}}},"s":{"0":1,"1":36,"2":36},"branchMap":{"0":{"type":"branch","line":1,"loc":{"start":{"line":1,"column":7},"end":{"line":3,"column":1}},"locations":[{"start":{"line":1,"column":7},"end":{"line":3,"column":1}}]}},"b":{"0":[36]},"fnMap":{"0":{"name":"isImgUrl","decl":{"start":{"line":1,"column":7},"end":{"line":3,"column":1}},"loc":{"start":{"line":1,"column":7},"end":{"line":3,"column":1}},"line":1}},"f":{"0":36}}
,"/Users/ryota.murakami/utils/packages/universal/non-nullable.ts": {"path":"/Users/ryota.murakami/utils/packages/universal/non-nullable.ts","all":false,"statementMap":{"20":{"start":{"line":21,"column":0},"end":{"line":21,"column":67}},"21":{"start":{"line":22,"column":0},"end":{"line":22,"column":46}},"22":{"start":{"line":23,"column":0},"end":{"line":23,"column":1}}},"s":{"20":1,"21":44,"22":44},"branchMap":{"0":{"type":"branch","line":21,"loc":{"start":{"line":21,"column":7},"end":{"line":23,"column":1}},"locations":[{"start":{"line":21,"column":7},"end":{"line":23,"column":1}}]},"1":{"type":"branch","line":22,"loc":{"start":{"line":22,"column":19},"end":{"line":22,"column":46}},"locations":[{"start":{"line":22,"column":19},"end":{"line":22,"column":46}}]}},"b":{"0":[44],"1":[39]},"fnMap":{"0":{"name":"nonNullable","decl":{"start":{"line":21,"column":7},"end":{"line":23,"column":1}},"loc":{"start":{"line":21,"column":7},"end":{"line":23,"column":1}},"line":21}},"f":{"0":44}}
,"/Users/ryota.murakami/utils/packages/universal/positiveIntegerSum.js": {"path":"/Users/ryota.murakami/utils/packages/universal/positiveIntegerSum.js","all":false,"statementMap":{"0":{"start":{"line":1,"column":0},"end":{"line":1,"column":39}},"1":{"start":{"line":2,"column":0},"end":{"line":2,"column":35}},"2":{"start":{"line":3,"column":0},"end":{"line":3,"column":30}},"3":{"start":{"line":4,"column":0},"end":{"line":4,"column":2}},"4":{"start":{"line":5,"column":0},"end":{"line":5,"column":32}},"6":{"start":{"line":7,"column":0},"end":{"line":7,"column":49}},"7":{"start":{"line":8,"column":0},"end":{"line":8,"column":21}},"8":{"start":{"line":9,"column":0},"end":{"line":9,"column":3}},"10":{"start":{"line":11,"column":0},"end":{"line":11,"column":14}},"11":{"start":{"line":12,"column":0},"end":{"line":12,"column":1}}},"s":{"0":1,"1":26,"2":26,"3":26,"4":26,"6":26,"7":292,"8":292,"10":21,"11":21},"branchMap":{"0":{"type":"branch","line":1,"loc":{"start":{"line":1,"column":7},"end":{"line":12,"column":1}},"locations":[{"start":{"line":1,"column":7},"end":{"line":12,"column":1}}]},"1":{"type":"branch","line":5,"loc":{"start":{"line":5,"column":20},"end":{"line":5,"column":32}},"locations":[{"start":{"line":5,"column":20},"end":{"line":5,"column":32}}]},"2":{"type":"branch","line":5,"loc":{"start":{"line":5,"column":27},"end":{"line":7,"column":48}},"locations":[{"start":{"line":5,"column":27},"end":{"line":7,"column":48}}]},"3":{"type":"branch","line":7,"loc":{"start":{"line":7,"column":48},"end":{"line":9,"column":3}},"locations":[{"start":{"line":7,"column":48},"end":{"line":9,"column":3}}]},"4":{"type":"branch","line":9,"loc":{"start":{"line":9,"column":2},"end":{"line":12,"column":1}},"locations":[{"start":{"line":9,"column":2},"end":{"line":12,"column":1}}]}},"b":{"0":[26],"1":[5],"2":[21],"3":[292],"4":[21]},"fnMap":{"0":{"name":"positiveIntegerSum","decl":{"start":{"line":1,"column":7},"end":{"line":12,"column":1}},"loc":{"start":{"line":1,"column":7},"end":{"line":12,"column":1}},"line":1}},"f":{"0":26}}
,"/Users/ryota.murakami/utils/packages/universal/printValue.ts": {"path":"/Users/ryota.murakami/utils/packages/universal/printValue.ts","all":false,"statementMap":{"21":{"start":{"line":22,"column":0},"end":{"line":22,"column":42}},"22":{"start":{"line":23,"column":0},"end":{"line":23,"column":46}},"23":{"start":{"line":24,"column":0},"end":{"line":24,"column":48}},"24":{"start":{"line":25,"column":0},"end":{"line":25,"column":22}},"25":{"start":{"line":26,"column":0},"end":{"line":26,"column":70}},"27":{"start":{"line":28,"column":0},"end":{"line":28,"column":44}},"29":{"start":{"line":30,"column":0},"end":{"line":30,"column":32}},"30":{"start":{"line":31,"column":0},"end":{"line":31,"column":32}},"31":{"start":{"line":32,"column":0},"end":{"line":32,"column":49}},"32":{"start":{"line":33,"column":0},"end":{"line":33,"column":41}},"33":{"start":{"line":34,"column":0},"end":{"line":34,"column":1}},"35":{"start":{"line":36,"column":0},"end":{"line":36,"column":59}},"36":{"start":{"line":37,"column":0},"end":{"line":37,"column":68}},"37":{"start":{"line":38,"column":0},"end":{"line":38,"column":43}},"39":{"start":{"line":40,"column":0},"end":{"line":40,"column":27}},"40":{"start":{"line":41,"column":0},"end":{"line":41,"column":50}},"41":{"start":{"line":42,"column":0},"end":{"line":42,"column":65}},"42":{"start":{"line":43,"column":0},"end":{"line":43,"column":28}},"43":{"start":{"line":44,"column":0},"end":{"line":44,"column":57}},"44":{"start":{"line":45,"column":0},"end":{"line":45,"column":26}},"45":{"start":{"line":46,"column":0},"end":{"line":46,"column":72}},"47":{"start":{"line":48,"column":0},"end":{"line":48,"column":45}},"48":{"start":{"line":49,"column":0},"end":{"line":49,"column":21}},"49":{"start":{"line":50,"column":0},"end":{"line":50,"column":65}},"50":{"start":{"line":51,"column":0},"end":{"line":51,"column":46}},"51":{"start":{"line":52,"column":0},"end":{"line":52,"column":46}},"52":{"start":{"line":53,"column":0},"end":{"line":53,"column":55}},"54":{"start":{"line":55,"column":0},"end":{"line":55,"column":13}},"55":{"start":{"line":56,"column":0},"end":{"line":56,"column":1}},"57":{"start":{"line":58,"column":0},"end":{"line":58,"column":72}},"58":{"start":{"line":59,"column":0},"end":{"line":59,"column":54}},"59":{"start":{"line":60,"column":0},"end":{"line":60,"column":36}},"61":{"start":{"line":62,"column":0},"end":{"line":62,"column":24}},"62":{"start":{"line":63,"column":0},"end":{"line":63,"column":10}},"63":{"start":{"line":64,"column":0},"end":{"line":64,"column":27}},"65":{"start":{"line":66,"column":0},"end":{"line":66,"column":33}},"66":{"start":{"line":67,"column":0},"end":{"line":67,"column":34}},"67":{"start":{"line":68,"column":0},"end":{"line":68,"column":63}},"68":{"start":{"line":69,"column":0},"end":{"line":69,"column":7}},"69":{"start":{"line":70,"column":0},"end":{"line":70,"column":32}},"70":{"start":{"line":71,"column":0},"end":{"line":71,"column":78}},"71":{"start":{"line":72,"column":0},"end":{"line":72,"column":7}},"72":{"start":{"line":73,"column":0},"end":{"line":73,"column":32}},"73":{"start":{"line":74,"column":0},"end":{"line":74,"column":26}},"74":{"start":{"line":75,"column":0},"end":{"line":75,"column":7}},"76":{"start":{"line":77,"column":0},"end":{"line":77,"column":51}},"77":{"start":{"line":78,"column":0},"end":{"line":78,"column":27}},"78":{"start":{"line":79,"column":0},"end":{"line":79,"column":77}},"79":{"start":{"line":80,"column":0},"end":{"line":80,"column":7}},"80":{"start":{"line":81,"column":0},"end":{"line":81,"column":54}},"81":{"start":{"line":82,"column":0},"end":{"line":82,"column":52}},"82":{"start":{"line":83,"column":0},"end":{"line":83,"column":7}},"83":{"start":{"line":84,"column":0},"end":{"line":84,"column":29}},"84":{"start":{"line":85,"column":0},"end":{"line":85,"column":41}},"85":{"start":{"line":86,"column":0},"end":{"line":86,"column":7}},"88":{"start":{"line":89,"column":0},"end":{"line":89,"column":48}},"89":{"start":{"line":90,"column":0},"end":{"line":90,"column":27}},"90":{"start":{"line":91,"column":0},"end":{"line":91,"column":7}},"92":{"start":{"line":93,"column":0},"end":{"line":93,"column":18}},"93":{"start":{"line":94,"column":0},"end":{"line":94,"column":6}},"94":{"start":{"line":95,"column":0},"end":{"line":95,"column":6}},"95":{"start":{"line":96,"column":0},"end":{"line":96,"column":3}},"96":{"start":{"line":97,"column":0},"end":{"line":97,"column":1}}},"s":{"21":1,"22":1,"23":1,"24":1,"25":1,"27":1,"29":8,"30":8,"31":8,"32":8,"33":8,"35":42,"36":42,"37":42,"39":38,"40":42,"41":42,"42":24,"43":42,"44":21,"45":42,"47":18,"48":18,"49":42,"50":42,"51":42,"52":42,"54":9,"55":9,"57":42,"58":42,"59":42,"61":9,"62":9,"63":9,"65":33,"66":33,"67":1,"68":1,"69":33,"70":1,"71":1,"72":33,"73":1,"74":1,"76":30,"77":33,"78":0,"79":0,"80":33,"81":1,"82":1,"83":33,"84":1,"85":1,"88":33,"89":1,"90":1,"92":27,"93":33,"94":9,"95":9,"96":9},"branchMap":{"0":{"type":"branch","line":26,"loc":{"start":{"line":26,"column":51},"end":{"line":26,"column":70}},"locations":[{"start":{"line":26,"column":51},"end":{"line":26,"column":70}}]},"1":{"type":"branch","line":30,"loc":{"start":{"line":30,"column":0},"end":{"line":34,"column":1}},"locations":[{"start":{"line":30,"column":0},"end":{"line":34,"column":1}}]},"2":{"type":"branch","line":31,"loc":{"start":{"line":31,"column":20},"end":{"line":31,"column":32}},"locations":[{"start":{"line":31,"column":20},"end":{"line":31,"column":32}}]},"3":{"type":"branch","line":31,"loc":{"start":{"line":31,"column":27},"end":{"line":32,"column":38}},"locations":[{"start":{"line":31,"column":27},"end":{"line":32,"column":38}}]},"4":{"type":"branch","line":32,"loc":{"start":{"line":32,"column":33},"end":{"line":32,"column":49}},"locations":[{"start":{"line":32,"column":33},"end":{"line":32,"column":49}}]},"5":{"type":"branch","line":33,"loc":{"start":{"line":33,"column":9},"end":{"line":33,"column":33}},"locations":[{"start":{"line":33,"column":9},"end":{"line":33,"column":33}}]},"6":{"type":"branch","line":33,"loc":{"start":{"line":33,"column":26},"end":{"line":33,"column":41}},"locations":[{"start":{"line":33,"column":26},"end":{"line":33,"column":41}}]},"7":{"type":"branch","line":36,"loc":{"start":{"line":36,"column":0},"end":{"line":56,"column":1}},"locations":[{"start":{"line":36,"column":0},"end":{"line":56,"column":1}}]},"8":{"type":"branch","line":37,"loc":{"start":{"line":37,"column":14},"end":{"line":37,"column":38}},"locations":[{"start":{"line":37,"column":14},"end":{"line":37,"column":38}}]},"9":{"type":"branch","line":37,"loc":{"start":{"line":37,"column":30},"end":{"line":37,"column":53}},"locations":[{"start":{"line":37,"column":30},"end":{"line":37,"column":53}}]},"10":{"type":"branch","line":37,"loc":{"start":{"line":37,"column":53},"end":{"line":37,"column":68}},"locations":[{"start":{"line":37,"column":53},"end":{"line":37,"column":68}}]},"11":{"type":"branch","line":37,"loc":{"start":{"line":37,"column":65},"end":{"line":38,"column":32}},"locations":[{"start":{"line":37,"column":65},"end":{"line":38,"column":32}}]},"12":{"type":"branch","line":38,"loc":{"start":{"line":38,"column":25},"end":{"line":38,"column":43}},"locations":[{"start":{"line":38,"column":25},"end":{"line":38,"column":43}}]},"13":{"type":"branch","line":38,"loc":{"start":{"line":38,"column":32},"end":{"line":41,"column":34}},"locations":[{"start":{"line":38,"column":32},"end":{"line":41,"column":34}}]},"14":{"type":"branch","line":41,"loc":{"start":{"line":41,"column":27},"end":{"line":41,"column":50}},"locations":[{"start":{"line":41,"column":27},"end":{"line":41,"column":50}}]},"15":{"type":"branch","line":41,"loc":{"start":{"line":41,"column":49},"end":{"line":42,"column":34}},"locations":[{"start":{"line":41,"column":49},"end":{"line":42,"column":34}}]},"16":{"type":"branch","line":42,"loc":{"start":{"line":42,"column":27},"end":{"line":42,"column":65}},"locations":[{"start":{"line":42,"column":27},"end":{"line":42,"column":65}}]},"17":{"type":"branch","line":42,"loc":{"start":{"line":42,"column":34},"end":{"line":42,"column":62}},"locations":[{"start":{"line":42,"column":34},"end":{"line":42,"column":62}}]},"18":{"type":"branch","line":42,"loc":{"start":{"line":42,"column":56},"end":{"line":42,"column":65}},"locations":[{"start":{"line":42,"column":56},"end":{"line":42,"column":65}}]},"19":{"type":"branch","line":42,"loc":{"start":{"line":42,"column":62},"end":{"line":44,"column":11}},"locations":[{"start":{"line":42,"column":62},"end":{"line":44,"column":11}}]},"20":{"type":"branch","line":44,"loc":{"start":{"line":44,"column":4},"end":{"line":44,"column":57}},"locations":[{"start":{"line":44,"column":4},"end":{"line":44,"column":57}}]},"21":{"type":"branch","line":44,"loc":{"start":{"line":44,"column":31},"end":{"line":44,"column":54}},"locations":[{"start":{"line":44,"column":31},"end":{"line":44,"column":54}}]},"22":{"type":"branch","line":44,"loc":{"start":{"line":44,"column":54},"end":{"line":46,"column":11}},"locations":[{"start":{"line":44,"column":54},"end":{"line":46,"column":11}}]},"23":{"type":"branch","line":46,"loc":{"start":{"line":46,"column":4},"end":{"line":46,"column":72}},"locations":[{"start":{"line":46,"column":4},"end":{"line":46,"column":72}}]},"24":{"type":"branch","line":46,"loc":{"start":{"line":46,"column":71},"end":{"line":50,"column":11}},"locations":[{"start":{"line":46,"column":71},"end":{"line":50,"column":11}}]},"25":{"type":"branch","line":50,"loc":{"start":{"line":50,"column":4},"end":{"line":50,"column":65}},"locations":[{"start":{"line":50,"column":4},"end":{"line":50,"column":65}}]},"26":{"type":"branch","line":50,"loc":{"start":{"line":50,"column":30},"end":{"line":50,"column":45}},"locations":[{"start":{"line":50,"column":30},"end":{"line":50,"column":45}}]},"27":{"type":"branch","line":50,"loc":{"start":{"line":50,"column":39},"end":{"line":50,"column":65}},"locations":[{"start":{"line":50,"column":39},"end":{"line":50,"column":65}}]},"28":{"type":"branch","line":50,"loc":{"start":{"line":50,"column":64},"end":{"line":51,"column":25}},"locations":[{"start":{"line":50,"column":64},"end":{"line":51,"column":25}}]},"29":{"type":"branch","line":51,"loc":{"start":{"line":51,"column":14},"end":{"line":51,"column":46}},"locations":[{"start":{"line":51,"column":14},"end":{"line":51,"column":46}}]},"30":{"type":"branch","line":52,"loc":{"start":{"line":52,"column":4},"end":{"line":52,"column":46}},"locations":[{"start":{"line":52,"column":4},"end":{"line":52,"column":46}}]},"31":{"type":"branch","line":52,"loc":{"start":{"line":52,"column":43},"end":{"line":53,"column":31}},"locations":[{"start":{"line":52,"column":43},"end":{"line":53,"column":31}}]},"32":{"type":"branch","line":53,"loc":{"start":{"line":53,"column":24},"end":{"line":53,"column":55}},"locations":[{"start":{"line":53,"column":24},"end":{"line":53,"column":55}}]},"33":{"type":"branch","line":53,"loc":{"start":{"line":53,"column":54},"end":{"line":56,"column":1}},"locations":[{"start":{"line":53,"column":54},"end":{"line":56,"column":1}}]},"34":{"type":"branch","line":58,"loc":{"start":{"line":58,"column":0},"end":{"line":97,"column":1}},"locations":[{"start":{"line":58,"column":0},"end":{"line":97,"column":1}}]},"35":{"type":"branch","line":60,"loc":{"start":{"line":60,"column":23},"end":{"line":60,"column":36}},"locations":[{"start":{"line":60,"column":23},"end":{"line":60,"column":36}}]},"36":{"type":"branch","line":60,"loc":{"start":{"line":60,"column":30},"end":{"line":97,"column":1}},"locations":[{"start":{"line":60,"column":30},"end":{"line":97,"column":1}}]},"37":{"type":"branch","line":64,"loc":{"start":{"line":64,"column":4},"end":{"line":94,"column":6}},"locations":[{"start":{"line":64,"column":4},"end":{"line":94,"column":6}}]},"38":{"type":"branch","line":67,"loc":{"start":{"line":67,"column":33},"end":{"line":69,"column":7}},"locations":[{"start":{"line":67,"column":33},"end":{"line":69,"column":7}}]},"39":{"type":"branch","line":68,"loc":{"start":{"line":68,"column":37},"end":{"line":68,"column":60}},"locations":[{"start":{"line":68,"column":37},"end":{"line":68,"column":60}}]},"40":{"type":"branch","line":69,"loc":{"start":{"line":69,"column":6},"end":{"line":70,"column":31}},"locations":[{"start":{"line":69,"column":6},"end":{"line":70,"column":31}}]},"41":{"type":"branch","line":70,"loc":{"start":{"line":70,"column":31},"end":{"line":72,"column":7}},"locations":[{"start":{"line":70,"column":31},"end":{"line":72,"column":7}}]},"42":{"type":"branch","line":72,"loc":{"start":{"line":72,"column":6},"end":{"line":73,"column":31}},"locations":[{"start":{"line":72,"column":6},"end":{"line":73,"column":31}}]},"43":{"type":"branch","line":73,"loc":{"start":{"line":73,"column":31},"end":{"line":75,"column":7}},"locations":[{"start":{"line":73,"column":31},"end":{"line":75,"column":7}}]},"44":{"type":"branch","line":75,"loc":{"start":{"line":75,"column":6},"end":{"line":78,"column":26}},"locations":[{"start":{"line":75,"column":6},"end":{"line":78,"column":26}}]},"45":{"type":"branch","line":78,"loc":{"start":{"line":78,"column":26},"end":{"line":80,"column":7}},"locations":[{"start":{"line":78,"column":26},"end":{"line":80,"column":7}}]},"46":{"type":"branch","line":80,"loc":{"start":{"line":80,"column":6},"end":{"line":81,"column":29}},"locations":[{"start":{"line":80,"column":6},"end":{"line":81,"column":29}}]},"47":{"type":"branch","line":81,"loc":{"start":{"line":81,"column":18},"end":{"line":81,"column":53}},"locations":[{"start":{"line":81,"column":18},"end":{"line":81,"column":53}}]},"48":{"type":"branch","line":81,"loc":{"start":{"line":81,"column":53},"end":{"line":83,"column":7}},"locations":[{"start":{"line":81,"column":53},"end":{"line":83,"column":7}}]},"49":{"type":"branch","line":83,"loc":{"start":{"line":83,"column":6},"end":{"line":84,"column":28}},"locations":[{"start":{"line":83,"column":6},"end":{"line":84,"column":28}}]},"50":{"type":"branch","line":84,"loc":{"start":{"line":84,"column":28},"end":{"line":86,"column":7}},"locations":[{"start":{"line":84,"column":28},"end":{"line":86,"column":7}}]},"51":{"type":"branch","line":86,"loc":{"start":{"line":86,"column":6},"end":{"line":89,"column":33}},"locations":[{"start":{"line":86,"column":6},"end":{"line":89,"column":33}}]},"52":{"type":"branch","line":89,"loc":{"start":{"line":89,"column":21},"end":{"line":89,"column":47}},"locations":[{"start":{"line":89,"column":21},"end":{"line":89,"column":47}}]},"53":{"type":"branch","line":89,"loc":{"start":{"line":89,"column":47},"end":{"line":91,"column":7}},"locations":[{"start":{"line":89,"column":47},"end":{"line":91,"column":7}}]},"54":{"type":"branch","line":91,"loc":{"start":{"line":91,"column":6},"end":{"line":93,"column":18}},"locations":[{"start":{"line":91,"column":6},"end":{"line":93,"column":18}}]}},"b":{"0":[0],"1":[8],"2":[1],"3":[7],"4":[2],"5":[1],"6":[6],"7":[42],"8":[41],"9":[40],"10":[3],"11":[39],"12":[1],"13":[38],"14":[8],"15":[30],"16":[6],"17":[3],"18":[3],"19":[24],"20":[3],"21":[0],"22":[21],"23":[3],"24":[18],"25":[2],"26":[1],"27":[1],"28":[16],"29":[12],"30":[4],"31":[12],"32":[3],"33":[9],"34":[42],"35":[33],"36":[9],"37":[33],"38":[1],"39":[0],"40":[32],"41":[1],"42":[31],"43":[1],"44":[30],"45":[0],"46":[30],"47":[29],"48":[1],"49":[29],"50":[1],"51":[28],"52":[5],"53":[1],"54":[27]},"fnMap":{"0":{"name":"symbolToString","decl":{"start":{"line":26,"column":62},"end":{"line":26,"column":70}},"loc":{"start":{"line":26,"column":62},"end":{"line":26,"column":70}},"line":26},"1":{"name":"printNumber","decl":{"start":{"line":30,"column":0},"end":{"line":34,"column":1}},"loc":{"start":{"line":30,"column":0},"end":{"line":34,"column":1}},"line":30},"2":{"name":"printSimpleValue","decl":{"start":{"line":36,"column":0},"end":{"line":56,"column":1}},"loc":{"start":{"line":36,"column":0},"end":{"line":56,"column":1}},"line":36},"3":{"name":"printValue","decl":{"start":{"line":58,"column":0},"end":{"line":97,"column":1}},"loc":{"start":{"line":58,"column":0},"end":{"line":97,"column":1}},"line":58}},"f":{"0":0,"1":8,"2":42,"3":42}}
,"/Users/ryota.murakami/utils/packages/universal/random.ts": {"path":"/Users/ryota.murakami/utils/packages/universal/random.ts","all":false,"statementMap":{"12":{"start":{"line":13,"column":0},"end":{"line":13,"column":46}},"13":{"start":{"line":14,"column":0},"end":{"line":14,"column":47}},"14":{"start":{"line":15,"column":0},"end":{"line":15,"column":1}},"29":{"start":{"line":30,"column":0},"end":{"line":30,"column":61}},"30":{"start":{"line":31,"column":0},"end":{"line":31,"column":58}},"31":{"start":{"line":32,"column":0},"end":{"line":32,"column":1}},"48":{"start":{"line":49,"column":0},"end":{"line":49,"column":43}},"49":{"start":{"line":50,"column":0},"end":{"line":50,"column":56}},"50":{"start":{"line":51,"column":0},"end":{"line":51,"column":1}}},"s":{"12":1,"13":6374,"14":6374,"29":1,"30":5655,"31":5655,"48":1,"49":5806,"50":5806},"branchMap":{"0":{"type":"branch","line":13,"loc":{"start":{"line":13,"column":7},"end":{"line":15,"column":1}},"locations":[{"start":{"line":13,"column":7},"end":{"line":15,"column":1}}]},"1":{"type":"branch","line":30,"loc":{"start":{"line":30,"column":7},"end":{"line":32,"column":1}},"locations":[{"start":{"line":30,"column":7},"end":{"line":32,"column":1}}]},"2":{"type":"branch","line":49,"loc":{"start":{"line":49,"column":7},"end":{"line":51,"column":1}},"locations":[{"start":{"line":49,"column":7},"end":{"line":51,"column":1}}]}},"b":{"0":[6374],"1":[5655],"2":[5806]},"fnMap":{"0":{"name":"randomNumber","decl":{"start":{"line":13,"column":7},"end":{"line":15,"column":1}},"loc":{"start":{"line":13,"column":7},"end":{"line":15,"column":1}},"line":13},"1":{"name":"randomNumberRange","decl":{"start":{"line":30,"column":7},"end":{"line":32,"column":1}},"loc":{"start":{"line":30,"column":7},"end":{"line":32,"column":1}},"line":30},"2":{"name":"randomInArray","decl":{"start":{"line":49,"column":7},"end":{"line":51,"column":1}},"loc":{"start":{"line":49,"column":7},"end":{"line":51,"column":1}},"line":49}},"f":{"0":6374,"1":5655,"2":5806}}
,"/Users/ryota.murakami/utils/packages/universal/removeSpecialCharacters.ts": {"path":"/Users/ryota.murakami/utils/packages/universal/removeSpecialCharacters.ts","all":false,"statementMap":{"25":{"start":{"line":26,"column":0},"end":{"line":26,"column":62}},"26":{"start":{"line":27,"column":0},"end":{"line":27,"column":21}},"27":{"start":{"line":28,"column":0},"end":{"line":28,"column":65}},"28":{"start":{"line":29,"column":0},"end":{"line":29,"column":7}},"29":{"start":{"line":30,"column":0},"end":{"line":30,"column":3}},"30":{"start":{"line":31,"column":0},"end":{"line":31,"column":1}}},"s":{"25":1,"26":11,"27":11,"28":11,"29":11,"30":11},"branchMap":{"0":{"type":"branch","line":26,"loc":{"start":{"line":26,"column":7},"end":{"line":31,"column":1}},"locations":[{"start":{"line":26,"column":7},"end":{"line":31,"column":1}}]}},"b":{"0":[11]},"fnMap":{"0":{"name":"removeSpecialCharacters","decl":{"start":{"line":26,"column":7},"end":{"line":31,"column":1}},"loc":{"start":{"line":26,"column":7},"end":{"line":31,"column":1}},"line":26}},"f":{"0":11}}
,"/Users/ryota.murakami/utils/packages/universal/retry.js": {"path":"/Users/ryota.murakami/utils/packages/universal/retry.js","all":false,"statementMap":{"0":{"start":{"line":1,"column":0},"end":{"line":1,"column":110}},"1":{"start":{"line":2,"column":0},"end":{"line":2,"column":50}},"2":{"start":{"line":3,"column":0},"end":{"line":3,"column":48}},"3":{"start":{"line":4,"column":0},"end":{"line":4,"column":49}},"4":{"start":{"line":5,"column":0},"end":{"line":5,"column":33}},"6":{"start":{"line":7,"column":0},"end":{"line":7,"column":15}},"7":{"start":{"line":8,"column":0},"end":{"line":8,"column":19}},"8":{"start":{"line":9,"column":0},"end":{"line":9,"column":20}},"10":{"start":{"line":11,"column":0},"end":{"line":11,"column":25}},"11":{"start":{"line":12,"column":0},"end":{"line":12,"column":17}},"12":{"start":{"line":13,"column":0},"end":{"line":13,"column":3}},"14":{"start":{"line":15,"column":0},"end":{"line":15,"column":27}},"15":{"start":{"line":16,"column":0},"end":{"line":16,"column":14}},"16":{"start":{"line":17,"column":0},"end":{"line":17,"column":9}},"17":{"start":{"line":18,"column":0},"end":{"line":18,"column":49}},"18":{"start":{"line":19,"column":0},"end":{"line":19,"column":11}},"19":{"start":{"line":20,"column":0},"end":{"line":20,"column":19}},"20":{"start":{"line":21,"column":0},"end":{"line":21,"column":29}},"21":{"start":{"line":22,"column":0},"end":{"line":22,"column":17}},"22":{"start":{"line":23,"column":0},"end":{"line":23,"column":7}},"23":{"start":{"line":24,"column":0},"end":{"line":24,"column":5}},"24":{"start":{"line":25,"column":0},"end":{"line":25,"column":3}},"26":{"start":{"line":27,"column":0},"end":{"line":27,"column":16}},"27":{"start":{"line":28,"column":0},"end":{"line":28,"column":17}},"28":{"start":{"line":29,"column":0},"end":{"line":29,"column":3}},"30":{"start":{"line":31,"column":0},"end":{"line":31,"column":15}},"31":{"start":{"line":32,"column":0},"end":{"line":32,"column":1}},"33":{"start":{"line":34,"column":0},"end":{"line":34,"column":20}}},"s":{"0":1,"1":1,"2":1,"3":38,"4":38,"6":38,"7":38,"8":38,"10":38,"11":10,"12":10,"14":38,"15":170,"16":170,"17":170,"18":26,"19":170,"20":144,"21":10,"22":10,"23":144,"24":170,"26":38,"27":5,"28":5,"30":22,"31":22,"33":1},"branchMap":{"0":{"type":"branch","line":4,"loc":{"start":{"line":4,"column":0},"end":{"line":32,"column":1}},"locations":[{"start":{"line":4,"column":0},"end":{"line":32,"column":1}}]},"1":{"type":"branch","line":15,"loc":{"start":{"line":15,"column":26},"end":{"line":25,"column":3}},"locations":[{"start":{"line":15,"column":26},"end":{"line":25,"column":3}}]},"2":{"type":"branch","line":18,"loc":{"start":{"line":18,"column":48},"end":{"line":20,"column":6}},"locations":[{"start":{"line":18,"column":48},"end":{"line":20,"column":6}}]},"3":{"type":"branch","line":20,"loc":{"start":{"line":20,"column":6},"end":{"line":24,"column":5}},"locations":[{"start":{"line":20,"column":6},"end":{"line":24,"column":5}}]},"4":{"type":"branch","line":21,"loc":{"start":{"line":21,"column":28},"end":{"line":23,"column":7}},"locations":[{"start":{"line":21,"column":28},"end":{"line":23,"column":7}}]},"5":{"type":"branch","line":25,"loc":{"start":{"line":25,"column":2},"end":{"line":27,"column":15}},"locations":[{"start":{"line":25,"column":2},"end":{"line":27,"column":15}}]},"6":{"type":"branch","line":27,"loc":{"start":{"line":27,"column":15},"end":{"line":29,"column":3}},"locations":[{"start":{"line":27,"column":15},"end":{"line":29,"column":3}}]},"7":{"type":"branch","line":29,"loc":{"start":{"line":29,"column":2},"end":{"line":32,"column":1}},"locations":[{"start":{"line":29,"column":2},"end":{"line":32,"column":1}}]},"8":{"type":"branch","line":11,"loc":{"start":{"line":11,"column":15},"end":{"line":13,"column":3}},"locations":[{"start":{"line":11,"column":15},"end":{"line":13,"column":3}}]}},"b":{"0":[38],"1":[170],"2":[26],"3":[144],"4":[10],"5":[27],"6":[5],"7":[22],"8":[10]},"fnMap":{"0":{"name":"retry","decl":{"start":{"line":4,"column":0},"end":{"line":32,"column":1}},"loc":{"start":{"line":4,"column":0},"end":{"line":32,"column":1}},"line":4},"1":{"name":"bail","decl":{"start":{"line":11,"column":15},"end":{"line":13,"column":3}},"loc":{"start":{"line":11,"column":15},"end":{"line":13,"column":3}},"line":11}},"f":{"0":38,"1":10}}
,"/Users/ryota.murakami/utils/packages/universal/shallowEqual.ts": {"path":"/Users/ryota.murakami/utils/packages/universal/shallowEqual.ts","all":false,"statementMap":{"25":{"start":{"line":26,"column":0},"end":{"line":26,"column":37}},"26":{"start":{"line":27,"column":0},"end":{"line":27,"column":32}},"27":{"start":{"line":28,"column":0},"end":{"line":28,"column":32}},"28":{"start":{"line":29,"column":0},"end":{"line":29,"column":12}},"29":{"start":{"line":30,"column":0},"end":{"line":30,"column":22}},"30":{"start":{"line":31,"column":0},"end":{"line":31,"column":15}},"31":{"start":{"line":32,"column":0},"end":{"line":32,"column":3}},"33":{"start":{"line":34,"column":0},"end":{"line":34,"column":33}},"34":{"start":{"line":35,"column":0},"end":{"line":35,"column":33}},"36":{"start":{"line":37,"column":0},"end":{"line":37,"column":38}},"37":{"start":{"line":38,"column":0},"end":{"line":38,"column":16}},"38":{"start":{"line":39,"column":0},"end":{"line":39,"column":3}},"41":{"start":{"line":42,"column":0},"end":{"line":42,"column":48}},"42":{"start":{"line":43,"column":0},"end":{"line":43,"column":42}},"43":{"start":{"line":44,"column":0},"end":{"line":44,"column":76}},"44":{"start":{"line":45,"column":0},"end":{"line":45,"column":18}},"45":{"start":{"line":46,"column":0},"end":{"line":46,"column":5}},"46":{"start":{"line":47,"column":0},"end":{"line":47,"column":3}},"48":{"start":{"line":49,"column":0},"end":{"line":49,"column":13}},"49":{"start":{"line":50,"column":0},"end":{"line":50,"column":1}}},"s":{"25":6,"26":6,"27":6,"28":6,"29":6,"30":0,"31":0,"33":6,"34":6,"36":6,"37":2,"38":2,"41":4,"42":6,"43":11,"44":1,"45":1,"46":11,"48":3,"49":3},"branchMap":{"0":{"type":"branch","line":26,"loc":{"start":{"line":26,"column":0},"end":{"line":50,"column":1}},"locations":[{"start":{"line":26,"column":0},"end":{"line":50,"column":1}}]},"1":{"type":"branch","line":30,"loc":{"start":{"line":30,"column":21},"end":{"line":32,"column":3}},"locations":[{"start":{"line":30,"column":21},"end":{"line":32,"column":3}}]},"2":{"type":"branch","line":37,"loc":{"start":{"line":37,"column":37},"end":{"line":39,"column":3}},"locations":[{"start":{"line":37,"column":37},"end":{"line":39,"column":3}}]},"3":{"type":"branch","line":39,"loc":{"start":{"line":39,"column":2},"end":{"line":43,"column":41}},"locations":[{"start":{"line":39,"column":2},"end":{"line":43,"column":41}}]},"4":{"type":"branch","line":43,"loc":{"start":{"line":43,"column":41},"end":{"line":47,"column":3}},"locations":[{"start":{"line":43,"column":41},"end":{"line":47,"column":3}}]},"5":{"type":"branch","line":44,"loc":{"start":{"line":44,"column":35},"end":{"line":44,"column":75}},"locations":[{"start":{"line":44,"column":35},"end":{"line":44,"column":75}}]},"6":{"type":"branch","line":44,"loc":{"start":{"line":44,"column":75},"end":{"line":46,"column":5}},"locations":[{"start":{"line":44,"column":75},"end":{"line":46,"column":5}}]},"7":{"type":"branch","line":47,"loc":{"start":{"line":47,"column":2},"end":{"line":50,"column":1}},"locations":[{"start":{"line":47,"column":2},"end":{"line":50,"column":1}}]}},"b":{"0":[6],"1":[0],"2":[2],"3":[4],"4":[11],"5":[10],"6":[1],"7":[3]},"fnMap":{"0":{"name":"shallowEqual","decl":{"start":{"line":26,"column":0},"end":{"line":50,"column":1}},"loc":{"start":{"line":26,"column":0},"end":{"line":50,"column":1}},"line":26}},"f":{"0":6}}
,"/Users/ryota.murakami/utils/packages/universal/shallowEqualScalar.js": {"path":"/Users/ryota.murakami/utils/packages/universal/shallowEqualScalar.js","all":false,"statementMap":{"0":{"start":{"line":1,"column":0},"end":{"line":1,"column":124}},"2":{"start":{"line":3,"column":0},"end":{"line":3,"column":56}},"3":{"start":{"line":4,"column":0},"end":{"line":4,"column":22}},"4":{"start":{"line":5,"column":0},"end":{"line":5,"column":15}},"5":{"start":{"line":6,"column":0},"end":{"line":6,"column":3}},"7":{"start":{"line":8,"column":0},"end":{"line":8,"column":6}},"8":{"start":{"line":9,"column":0},"end":{"line":9,"column":31}},"9":{"start":{"line":10,"column":0},"end":{"line":10,"column":20}},"10":{"start":{"line":11,"column":0},"end":{"line":11,"column":31}},"11":{"start":{"line":12,"column":0},"end":{"line":12,"column":17}},"12":{"start":{"line":13,"column":0},"end":{"line":13,"column":5}},"13":{"start":{"line":14,"column":0},"end":{"line":14,"column":16}},"14":{"start":{"line":15,"column":0},"end":{"line":15,"column":3}},"16":{"start":{"line":17,"column":0},"end":{"line":17,"column":31}},"17":{"start":{"line":18,"column":0},"end":{"line":18,"column":31}},"19":{"start":{"line":20,"column":0},"end":{"line":20,"column":38}},"20":{"start":{"line":21,"column":0},"end":{"line":21,"column":16}},"21":{"start":{"line":22,"column":0},"end":{"line":22,"column":3}},"23":{"start":{"line":24,"column":0},"end":{"line":24,"column":40}},"24":{"start":{"line":25,"column":0},"end":{"line":25,"column":46}},"25":{"start":{"line":26,"column":0},"end":{"line":26,"column":42}},"26":{"start":{"line":27,"column":0},"end":{"line":27,"column":39}},"27":{"start":{"line":28,"column":0},"end":{"line":28,"column":18}},"28":{"start":{"line":29,"column":0},"end":{"line":29,"column":5}},"30":{"start":{"line":31,"column":0},"end":{"line":31,"column":29}},"31":{"start":{"line":32,"column":0},"end":{"line":32,"column":29}},"33":{"start":{"line":34,"column":0},"end":{"line":34,"column":80}},"34":{"start":{"line":35,"column":0},"end":{"line":35,"column":18}},"35":{"start":{"line":36,"column":0},"end":{"line":36,"column":5}},"36":{"start":{"line":37,"column":0},"end":{"line":37,"column":3}},"38":{"start":{"line":39,"column":0},"end":{"line":39,"column":13}},"39":{"start":{"line":40,"column":0},"end":{"line":40,"column":1}}},"s":{"0":1,"2":1,"3":10,"4":1,"5":1,"7":9,"8":9,"9":10,"10":10,"11":8,"12":10,"13":2,"14":2,"16":7,"17":7,"19":10,"20":2,"21":2,"23":5,"24":5,"25":10,"26":13,"27":1,"28":1,"30":12,"31":12,"33":13,"34":2,"35":2,"36":13,"38":2,"39":2},"branchMap":{"0":{"type":"branch","line":3,"loc":{"start":{"line":3,"column":15},"end":{"line":40,"column":1}},"locations":[{"start":{"line":3,"column":15},"end":{"line":40,"column":1}}]},"1":{"type":"branch","line":4,"loc":{"start":{"line":4,"column":21},"end":{"line":6,"column":3}},"locations":[{"start":{"line":4,"column":21},"end":{"line":6,"column":3}}]},"2":{"type":"branch","line":6,"loc":{"start":{"line":6,"column":2},"end":{"line":10,"column":17}},"locations":[{"start":{"line":6,"column":2},"end":{"line":10,"column":17}}]},"3":{"type":"branch","line":10,"loc":{"start":{"line":10,"column":18},"end":{"line":11,"column":28}},"locations":[{"start":{"line":10,"column":18},"end":{"line":11,"column":28}}]},"4":{"type":"branch","line":11,"loc":{"start":{"line":11,"column":29},"end":{"line":12,"column":17}},"locations":[{"start":{"line":11,"column":29},"end":{"line":12,"column":17}}]},"5":{"type":"branch","line":13,"loc":{"start":{"line":13,"column":4},"end":{"line":15,"column":3}},"locations":[{"start":{"line":13,"column":4},"end":{"line":15,"column":3}}]},"6":{"type":"branch","line":15,"loc":{"start":{"line":15,"column":2},"end":{"line":20,"column":37}},"locations":[{"start":{"line":15,"column":2},"end":{"line":20,"column":37}}]},"7":{"type":"branch","line":20,"loc":{"start":{"line":20,"column":37},"end":{"line":22,"column":3}},"locations":[{"start":{"line":20,"column":37},"end":{"line":22,"column":3}}]},"8":{"type":"branch","line":22,"loc":{"start":{"line":22,"column":2},"end":{"line":26,"column":41}},"locations":[{"start":{"line":22,"column":2},"end":{"line":26,"column":41}}]},"9":{"type":"branch","line":26,"loc":{"start":{"line":26,"column":41},"end":{"line":37,"column":3}},"locations":[{"start":{"line":26,"column":41},"end":{"line":37,"column":3}}]},"10":{"type":"branch","line":27,"loc":{"start":{"line":27,"column":38},"end":{"line":29,"column":5}},"locations":[{"start":{"line":27,"column":38},"end":{"line":29,"column":5}}]},"11":{"type":"branch","line":29,"loc":{"start":{"line":29,"column":4},"end":{"line":34,"column":22}},"locations":[{"start":{"line":29,"column":4},"end":{"line":34,"column":22}}]},"12":{"type":"branch","line":34,"loc":{"start":{"line":34,"column":22},"end":{"line":34,"column":49}},"locations":[{"start":{"line":34,"column":22},"end":{"line":34,"column":49}}]},"13":{"type":"branch","line":34,"loc":{"start":{"line":34,"column":50},"end":{"line":34,"column":77}},"locations":[{"start":{"line":34,"column":50},"end":{"line":34,"column":77}}]},"14":{"type":"branch","line":34,"loc":{"start":{"line":34,"column":79},"end":{"line":36,"column":5}},"locations":[{"start":{"line":34,"column":79},"end":{"line":36,"column":5}}]},"15":{"type":"branch","line":37,"loc":{"start":{"line":37,"column":2},"end":{"line":40,"column":1}},"locations":[{"start":{"line":37,"column":2},"end":{"line":40,"column":1}}]}},"b":{"0":[10],"1":[1],"2":[9],"3":[8],"4":[8],"5":[2],"6":[7],"7":[2],"8":[5],"9":[13],"10":[1],"11":[12],"12":[11],"13":[10],"14":[2],"15":[2]},"fnMap":{"0":{"name":"shallowEqualScalar","decl":{"start":{"line":3,"column":15},"end":{"line":40,"column":1}},"loc":{"start":{"line":3,"column":15},"end":{"line":40,"column":1}},"line":3}},"f":{"0":10}}
,"/Users/ryota.murakami/utils/packages/universal/typeHelpers.ts": {"path":"/Users/ryota.murakami/utils/packages/universal/typeHelpers.ts","all":false,"statementMap":{"8":{"start":{"line":9,"column":0},"end":{"line":9,"column":56}},"24":{"start":{"line":25,"column":0},"end":{"line":25,"column":62}},"25":{"start":{"line":26,"column":0},"end":{"line":26,"column":12}},"26":{"start":{"line":27,"column":0},"end":{"line":27,"column":37}},"27":{"start":{"line":28,"column":0},"end":{"line":28,"column":3}},"28":{"start":{"line":29,"column":0},"end":{"line":29,"column":32}},"29":{"start":{"line":30,"column":0},"end":{"line":30,"column":1}},"37":{"start":{"line":38,"column":0},"end":{"line":38,"column":71}},"54":{"start":{"line":55,"column":0},"end":{"line":55,"column":44}},"55":{"start":{"line":56,"column":0},"end":{"line":56,"column":11}},"56":{"start":{"line":57,"column":0},"end":{"line":57,"column":36}},"57":{"start":{"line":58,"column":0},"end":{"line":58,"column":46}},"58":{"start":{"line":59,"column":0},"end":{"line":59,"column":46}},"59":{"start":{"line":60,"column":0},"end":{"line":60,"column":3}},"60":{"start":{"line":61,"column":0},"end":{"line":61,"column":1}}},"s":{"8":1,"24":1,"25":10,"26":10,"27":10,"28":10,"29":10,"37":1,"54":1,"55":24,"56":24,"57":24,"58":9,"59":9,"60":24},"branchMap":{"0":{"type":"branch","line":9,"loc":{"start":{"line":9,"column":7},"end":{"line":9,"column":56}},"locations":[{"start":{"line":9,"column":7},"end":{"line":9,"column":56}}]},"1":{"type":"branch","line":25,"loc":{"start":{"line":25,"column":7},"end":{"line":30,"column":1}},"locations":[{"start":{"line":25,"column":7},"end":{"line":30,"column":1}}]},"2":{"type":"branch","line":38,"loc":{"start":{"line":38,"column":7},"end":{"line":38,"column":71}},"locations":[{"start":{"line":38,"column":7},"end":{"line":38,"column":71}}]},"3":{"type":"branch","line":55,"loc":{"start":{"line":55,"column":7},"end":{"line":61,"column":1}},"locations":[{"start":{"line":55,"column":7},"end":{"line":61,"column":1}}]},"4":{"type":"branch","line":58,"loc":{"start":{"line":58,"column":16},"end":{"line":58,"column":45}},"locations":[{"start":{"line":58,"column":16},"end":{"line":58,"column":45}}]},"5":{"type":"branch","line":58,"loc":{"start":{"line":58,"column":45},"end":{"line":60,"column":3}},"locations":[{"start":{"line":58,"column":45},"end":{"line":60,"column":3}}]}},"b":{"0":[12],"1":[10],"2":[11],"3":[24],"4":[20],"5":[9]},"fnMap":{"0":{"name":"assertCast","decl":{"start":{"line":9,"column":7},"end":{"line":9,"column":56}},"loc":{"start":{"line":9,"column":7},"end":{"line":9,"column":56}},"line":9},"1":{"name":"safeAssign","decl":{"start":{"line":25,"column":7},"end":{"line":30,"column":1}},"loc":{"start":{"line":25,"column":7},"end":{"line":30,"column":1}},"line":25},"2":{"name":"assertIsDefined","decl":{"start":{"line":38,"column":7},"end":{"line":38,"column":71}},"loc":{"start":{"line":38,"column":7},"end":{"line":38,"column":71}},"line":38},"3":{"name":"assertIsDefinedWithError","decl":{"start":{"line":55,"column":7},"end":{"line":61,"column":1}},"loc":{"start":{"line":55,"column":7},"end":{"line":61,"column":1}},"line":55}},"f":{"0":12,"1":10,"2":11,"3":24}}
,"/Users/ryota.murakami/utils/packages/universal/varToString.js": {"path":"/Users/ryota.murakami/utils/packages/universal/varToString.js","all":true,"statementMap":{"0":{"start":{"line":1,"column":0},"end":{"line":1,"column":54}},"2":{"start":{"line":3,"column":0},"end":{"line":3,"column":18}},"3":{"start":{"line":4,"column":0},"end":{"line":4,"column":44}},"4":{"start":{"line":5,"column":0},"end":{"line":5,"column":24}}},"s":{"0":0,"2":0,"3":0,"4":0},"branchMap":{"0":{"type":"branch","line":1,"loc":{"start":{"line":1,"column":0},"end":{"line":5,"column":23}},"locations":[{"start":{"line":1,"column":0},"end":{"line":5,"column":23}}]}},"b":{"0":[0]},"fnMap":{"0":{"name":"(empty-report)","decl":{"start":{"line":1,"column":0},"end":{"line":5,"column":23}},"loc":{"start":{"line":1,"column":0},"end":{"line":5,"column":23}},"line":1}},"f":{"0":0}}
,"/Users/ryota.murakami/utils/packages/universal/yyyy-mm-dd.js": {"path":"/Users/ryota.murakami/utils/packages/universal/yyyy-mm-dd.js","all":false,"statementMap":{"0":{"start":{"line":1,"column":0},"end":{"line":1,"column":70}}},"s":{"0":1},"branchMap":{"0":{"type":"branch","line":1,"loc":{"start":{"line":1,"column":26},"end":{"line":1,"column":70}},"locations":[{"start":{"line":1,"column":26},"end":{"line":1,"column":70}}]}},"b":{"0":[25]},"fnMap":{"0":{"name":"yyyy_mm_dd","decl":{"start":{"line":1,"column":26},"end":{"line":1,"column":70}},"loc":{"start":{"line":1,"column":26},"end":{"line":1,"column":70}},"line":1}},"f":{"0":25}}
,"/Users/ryota.murakami/utils/packages/universal/array/arrGen.js": {"path":"/Users/ryota.murakami/utils/packages/universal/array/arrGen.js","all":true,"statementMap":{"0":{"start":{"line":1,"column":0},"end":{"line":1,"column":39}}},"s":{"0":0},"branchMap":{"0":{"type":"branch","line":1,"loc":{"start":{"line":1,"column":39},"end":{"line":1,"column":39}},"locations":[{"start":{"line":1,"column":39},"end":{"line":1,"column":39}}]}},"b":{"0":[0]},"fnMap":{"0":{"name":"(empty-report)","decl":{"start":{"line":1,"column":39},"end":{"line":1,"column":39}},"loc":{"start":{"line":1,"column":39},"end":{"line":1,"column":39}},"line":1}},"f":{"0":0}}
,"/Users/ryota.murakami/utils/packages/universal/array/arrayEqual.ts": {"path":"/Users/ryota.murakami/utils/packages/universal/array/arrayEqual.ts","all":false,"statementMap":{"21":{"start":{"line":22,"column":0},"end":{"line":22,"column":57}},"22":{"start":{"line":23,"column":0},"end":{"line":23,"column":41}},"23":{"start":{"line":24,"column":0},"end":{"line":24,"column":38}},"24":{"start":{"line":25,"column":0},"end":{"line":25,"column":35}},"25":{"start":{"line":26,"column":0},"end":{"line":26,"column":3}},"26":{"start":{"line":27,"column":0},"end":{"line":27,"column":13}},"27":{"start":{"line":28,"column":0},"end":{"line":28,"column":1}}},"s":{"21":1,"22":69,"23":69,"24":21131,"25":21131,"26":39,"27":39},"branchMap":{"0":{"type":"branch","line":22,"loc":{"start":{"line":22,"column":7},"end":{"line":28,"column":1}},"locations":[{"start":{"line":22,"column":7},"end":{"line":28,"column":1}}]},"1":{"type":"branch","line":23,"loc":{"start":{"line":23,"column":29},"end":{"line":23,"column":41}},"locations":[{"start":{"line":23,"column":29},"end":{"line":23,"column":41}}]},"2":{"type":"branch","line":23,"loc":{"start":{"line":23,"column":36},"end":{"line":24,"column":37}},"locations":[{"start":{"line":23,"column":36},"end":{"line":24,"column":37}}]},"3":{"type":"branch","line":24,"loc":{"start":{"line":24,"column":37},"end":{"line":26,"column":3}},"locations":[{"start":{"line":24,"column":37},"end":{"line":26,"column":3}}]},"4":{"type":"branch","line":25,"loc":{"start":{"line":25,"column":23},"end":{"line":25,"column":35}},"locations":[{"start":{"line":25,"column":23},"end":{"line":25,"column":35}}]},"5":{"type":"branch","line":26,"loc":{"start":{"line":26,"column":2},"end":{"line":28,"column":1}},"locations":[{"start":{"line":26,"column":2},"end":{"line":28,"column":1}}]}},"b":{"0":[69],"1":[5],"2":[64],"3":[21131],"4":[25],"5":[39]},"fnMap":{"0":{"name":"arraysEqual","decl":{"start":{"line":22,"column":7},"end":{"line":28,"column":1}},"loc":{"start":{"line":22,"column":7},"end":{"line":28,"column":1}},"line":22}},"f":{"0":69}}
,"/Users/ryota.murakami/utils/packages/universal/array/arrayFilllmap.ts": {"path":"/Users/ryota.murakami/utils/packages/universal/array/arrayFilllmap.ts","all":false,"statementMap":{"7":{"start":{"line":8,"column":0},"end":{"line":8,"column":29}},"8":{"start":{"line":9,"column":0},"end":{"line":9,"column":22}},"10":{"start":{"line":11,"column":0},"end":{"line":11,"column":68}},"11":{"start":{"line":12,"column":0},"end":{"line":12,"column":14}},"12":{"start":{"line":13,"column":0},"end":{"line":13,"column":53}},"13":{"start":{"line":14,"column":0},"end":{"line":14,"column":1}}},"s":{"7":1,"8":1,"10":1,"11":1,"12":1,"13":1},"branchMap":{"0":{"type":"branch","line":8,"loc":{"start":{"line":8,"column":7},"end":{"line":14,"column":1}},"locations":[{"start":{"line":8,"column":7},"end":{"line":14,"column":1}}]}},"b":{"0":[1]},"fnMap":{"0":{"name":"arrayFillmap","decl":{"start":{"line":8,"column":7},"end":{"line":14,"column":1}},"loc":{"start":{"line":8,"column":7},"end":{"line":14,"column":1}},"line":8}},"f":{"0":1}}
,"/Users/ryota.murakami/utils/packages/universal/array/range.ts": {"path":"/Users/ryota.murakami/utils/packages/universal/array/range.ts","all":false,"statementMap":{"5":{"start":{"line":6,"column":0},"end":{"line":6,"column":64}},"6":{"start":{"line":7,"column":0},"end":{"line":7,"column":32}},"7":{"start":{"line":8,"column":0},"end":{"line":8,"column":52}},"8":{"start":{"line":9,"column":0},"end":{"line":9,"column":1}}},"s":{"5":1,"6":1,"7":1,"8":1},"branchMap":{"0":{"type":"branch","line":6,"loc":{"start":{"line":6,"column":21},"end":{"line":9,"column":1}},"locations":[{"start":{"line":6,"column":21},"end":{"line":9,"column":1}}]},"1":{"type":"branch","line":8,"loc":{"start":{"line":8,"column":32},"end":{"line":8,"column":51}},"locations":[{"start":{"line":8,"column":32},"end":{"line":8,"column":51}}]}},"b":{"0":[1],"1":[10]},"fnMap":{"0":{"name":"range","decl":{"start":{"line":6,"column":21},"end":{"line":9,"column":1}},"loc":{"start":{"line":6,"column":21},"end":{"line":9,"column":1}},"line":6}},"f":{"0":1}}
,"/Users/ryota.murakami/utils/packages/universal/regex/css.ts": {"path":"/Users/ryota.murakami/utils/packages/universal/regex/css.ts","all":false,"statementMap":{"11":{"start":{"line":12,"column":0},"end":{"line":12,"column":32}},"24":{"start":{"line":25,"column":0},"end":{"line":25,"column":46}},"37":{"start":{"line":38,"column":0},"end":{"line":38,"column":41}},"51":{"start":{"line":52,"column":0},"end":{"line":52,"column":55}}},"s":{"11":1,"24":1,"37":1,"51":1},"branchMap":{},"b":{},"fnMap":{},"f":{}}
,"/Users/ryota.murakami/utils/packages/universal/regex/email.ts": {"path":"/Users/ryota.murakami/utils/packages/universal/regex/email.ts","all":false,"statementMap":{"0":{"start":{"line":1,"column":0},"end":{"line":1,"column":68}}},"s":{"0":1},"branchMap":{},"b":{},"fnMap":{},"f":{}}
,"/Users/ryota.murakami/utils/packages/universal/regex/email2.ts": {"path":"/Users/ryota.murakami/utils/packages/universal/regex/email2.ts","all":false,"statementMap":{"2":{"start":{"line":3,"column":0},"end":{"line":3,"column":454}}},"s":{"2":1},"branchMap":{},"b":{},"fnMap":{},"f":{}}
,"/Users/ryota.murakami/utils/packages/universal/string/snakeToCameledSpace.ts": {"path":"/Users/ryota.murakami/utils/packages/universal/string/snakeToCameledSpace.ts","all":false,"statementMap":{"17":{"start":{"line":18,"column":0},"end":{"line":18,"column":52}},"18":{"start":{"line":19,"column":0},"end":{"line":19,"column":5}},"19":{"start":{"line":20,"column":0},"end":{"line":20,"column":15}},"20":{"start":{"line":21,"column":0},"end":{"line":21,"column":55}},"21":{"start":{"line":22,"column":0},"end":{"line":22,"column":14}},"23":{"start":{"line":24,"column":0},"end":{"line":24,"column":34}}},"s":{"17":1,"18":45,"19":45,"20":45,"21":45,"23":1},"branchMap":{"0":{"type":"branch","line":18,"loc":{"start":{"line":18,"column":28},"end":{"line":22,"column":14}},"locations":[{"start":{"line":18,"column":28},"end":{"line":22,"column":14}}]},"1":{"type":"branch","line":21,"loc":{"start":{"line":21,"column":9},"end":{"line":21,"column":54}},"locations":[{"start":{"line":21,"column":9},"end":{"line":21,"column":54}}]}},"b":{"0":[45],"1":[120]},"fnMap":{"0":{"name":"snakeToCameledSpace","decl":{"start":{"line":18,"column":28},"end":{"line":22,"column":14}},"loc":{"start":{"line":18,"column":28},"end":{"line":22,"column":14}},"line":18}},"f":{"0":45}}
}
