TN:
SF:eqeqeq.codemod.js
FN:1,transformer
FNF:1
FNH:1
FNDA:12,transformer
DA:1,1
DA:2,12
DA:3,12
DA:5,12
DA:6,12
DA:7,12
DA:8,0
DA:10,0
DA:11,12
DA:12,12
DA:13,12
LF:11
LH:9
BRDA:1,0,0,12
BRF:1
BRH:1
end_of_record
TN:
SF:filterFalsy.ts
FN:17,filterFalsy
FNF:1
FNH:1
FNDA:1,filterFalsy
DA:17,1
DA:18,1
DA:19,1
LF:3
LH:3
BRDA:17,0,0,1
BRF:1
BRH:1
end_of_record
TN:
SF:getDate.ts
FN:13,getDate
FNF:1
FNH:1
FNDA:3,getDate
DA:13,1
DA:14,3
DA:15,3
LF:3
LH:3
BRDA:13,0,0,3
BRF:1
BRH:1
end_of_record
TN:
SF:invariant.ts
FN:18,invariant
FNF:1
FNH:1
FNDA:45,invariant
DA:18,1
DA:19,45
DA:20,45
DA:21,45
DA:22,45
DA:23,45
DA:24,45
DA:25,45
DA:26,45
DA:27,45
DA:28,45
DA:29,45
DA:30,44
DA:31,3
DA:32,3
DA:33,44
DA:35,45
DA:36,34
DA:37,34
DA:38,1
DA:39,1
DA:41,1
DA:42,34
DA:43,33
DA:44,33
DA:45,33
DA:46,33
DA:47,32
DA:48,33
DA:49,33
DA:50,33
DA:51,33
DA:54,33
DA:55,33
DA:56,33
DA:57,45
LF:36
LH:36
BRDA:18,0,0,45
BRDA:29,1,0,44
BRDA:30,2,0,3
BRDA:33,3,0,42
BRDA:35,4,0,34
BRDA:37,5,0,1
BRDA:42,6,0,33
BRDA:46,7,0,32
BRF:8
BRH:8
end_of_record
TN:
SF:isBoolean.ts
FN:16,__vite_ssr_export_default__
FNF:1
FNH:1
FNDA:11,__vite_ssr_export_default__
DA:16,1
LF:1
LH:1
BRDA:16,0,0,11
BRF:1
BRH:1
end_of_record
TN:
SF:isError.ts
FN:1,isError
FNF:1
FNH:1
FNDA:82,isError
DA:1,82
DA:2,82
DA:3,82
DA:5,82
LF:4
LH:4
BRDA:1,0,0,82
BRDA:3,1,0,64
BRDA:3,2,0,62
BRDA:3,3,0,47
BRF:4
BRH:4
end_of_record
TN:
SF:isFalsy.ts
FN:19,isFalsy
FNF:1
FNH:1
FNDA:15,isFalsy
DA:19,1
DA:20,15
DA:21,15
LF:3
LH:3
BRDA:19,0,0,15
BRF:1
BRH:1
end_of_record
TN:
SF:isFunction.ts
FN:17,isFunction
FNF:1
FNH:1
FNDA:12,isFunction
DA:17,1
DA:18,12
DA:20,12
DA:22,1
LF:4
LH:4
BRDA:17,0,0,12
BRF:1
BRH:1
end_of_record
TN:
SF:isImageUrl.js
FN:1,isImgUrl
FNF:1
FNH:1
FNDA:36,isImgUrl
DA:1,1
DA:2,36
DA:3,36
LF:3
LH:3
BRDA:1,0,0,36
BRF:1
BRH:1
end_of_record
TN:
SF:non-nullable.ts
FN:21,nonNullable
FNF:1
FNH:1
FNDA:44,nonNullable
DA:21,1
DA:22,44
DA:23,44
LF:3
LH:3
BRDA:21,0,0,44
BRDA:22,1,0,39
BRF:2
BRH:2
end_of_record
TN:
SF:positiveIntegerSum.js
FN:1,positiveIntegerSum
FNF:1
FNH:1
FNDA:26,positiveIntegerSum
DA:1,1
DA:2,26
DA:3,26
DA:4,26
DA:5,26
DA:7,26
DA:8,292
DA:9,292
DA:11,21
DA:12,21
LF:10
LH:10
BRDA:1,0,0,26
BRDA:5,1,0,5
BRDA:5,2,0,21
BRDA:7,3,0,292
BRDA:9,4,0,21
BRF:5
BRH:5
end_of_record
TN:
SF:printValue.ts
FN:26,symbolToString
FN:30,printNumber
FN:36,printSimpleValue
FN:58,printValue
FNF:4
FNH:3
FNDA:0,symbolToString
FNDA:8,printNumber
FNDA:42,printSimpleValue
FNDA:42,printValue
DA:22,1
DA:23,1
DA:24,1
DA:25,1
DA:26,1
DA:28,1
DA:30,8
DA:31,8
DA:32,8
DA:33,8
DA:34,8
DA:36,42
DA:37,42
DA:38,42
DA:40,38
DA:41,42
DA:42,42
DA:43,24
DA:44,42
DA:45,21
DA:46,42
DA:48,18
DA:49,18
DA:50,42
DA:51,42
DA:52,42
DA:53,42
DA:55,9
DA:56,9
DA:58,42
DA:59,42
DA:60,42
DA:62,9
DA:63,9
DA:64,9
DA:66,33
DA:67,33
DA:68,1
DA:69,1
DA:70,33
DA:71,1
DA:72,1
DA:73,33
DA:74,1
DA:75,1
DA:77,30
DA:78,33
DA:79,0
DA:80,0
DA:81,33
DA:82,1
DA:83,1
DA:84,33
DA:85,1
DA:86,1
DA:89,33
DA:90,1
DA:91,1
DA:93,27
DA:94,33
DA:95,9
DA:96,9
DA:97,9
LF:63
LH:61
BRDA:26,0,0,0
BRDA:30,1,0,8
BRDA:31,2,0,1
BRDA:31,3,0,7
BRDA:32,4,0,2
BRDA:33,5,0,1
BRDA:33,6,0,6
BRDA:36,7,0,42
BRDA:37,8,0,41
BRDA:37,9,0,40
BRDA:37,10,0,3
BRDA:37,11,0,39
BRDA:38,12,0,1
BRDA:38,13,0,38
BRDA:41,14,0,8
BRDA:41,15,0,30
BRDA:42,16,0,6
BRDA:42,17,0,3
BRDA:42,18,0,3
BRDA:42,19,0,24
BRDA:44,20,0,3
BRDA:44,21,0,0
BRDA:44,22,0,21
BRDA:46,23,0,3
BRDA:46,24,0,18
BRDA:50,25,0,2
BRDA:50,26,0,1
BRDA:50,27,0,1
BRDA:50,28,0,16
BRDA:51,29,0,12
BRDA:52,30,0,4
BRDA:52,31,0,12
BRDA:53,32,0,3
BRDA:53,33,0,9
BRDA:58,34,0,42
BRDA:60,35,0,33
BRDA:60,36,0,9
BRDA:64,37,0,33
BRDA:67,38,0,1
BRDA:68,39,0,0
BRDA:69,40,0,32
BRDA:70,41,0,1
BRDA:72,42,0,31
BRDA:73,43,0,1
BRDA:75,44,0,30
BRDA:78,45,0,0
BRDA:80,46,0,30
BRDA:81,47,0,29
BRDA:81,48,0,1
BRDA:83,49,0,29
BRDA:84,50,0,1
BRDA:86,51,0,28
BRDA:89,52,0,5
BRDA:89,53,0,1
BRDA:91,54,0,27
BRF:55
BRH:51
end_of_record
TN:
SF:random.ts
FN:13,randomNumber
FN:30,randomNumberRange
FN:49,randomInArray
FNF:3
FNH:3
FNDA:6374,randomNumber
FNDA:5655,randomNumberRange
FNDA:5806,randomInArray
DA:13,1
DA:14,6374
DA:15,6374
DA:30,1
DA:31,5655
DA:32,5655
DA:49,1
DA:50,5806
DA:51,5806
LF:9
LH:9
BRDA:13,0,0,6374
BRDA:30,1,0,5655
BRDA:49,2,0,5806
BRF:3
BRH:3
end_of_record
TN:
SF:removeSpecialCharacters.ts
FN:26,removeSpecialCharacters
FNF:1
FNH:1
FNDA:11,removeSpecialCharacters
DA:26,1
DA:27,11
DA:28,11
DA:29,11
DA:30,11
DA:31,11
LF:6
LH:6
BRDA:26,0,0,11
BRF:1
BRH:1
end_of_record
TN:
SF:retry.js
FN:4,retry
FN:11,bail
FNF:2
FNH:2
FNDA:38,retry
FNDA:10,bail
DA:1,1
DA:2,1
DA:3,1
DA:4,38
DA:5,38
DA:7,38
DA:8,38
DA:9,38
DA:11,38
DA:12,10
DA:13,10
DA:15,38
DA:16,170
DA:17,170
DA:18,170
DA:19,26
DA:20,170
DA:21,144
DA:22,10
DA:23,10
DA:24,144
DA:25,170
DA:27,38
DA:28,5
DA:29,5
DA:31,22
DA:32,22
DA:34,1
LF:28
LH:28
BRDA:4,0,0,38
BRDA:15,1,0,170
BRDA:18,2,0,26
BRDA:20,3,0,144
BRDA:21,4,0,10
BRDA:25,5,0,27
BRDA:27,6,0,5
BRDA:29,7,0,22
BRDA:11,8,0,10
BRF:9
BRH:9
end_of_record
TN:
SF:shallowEqual.ts
FN:26,shallowEqual
FNF:1
FNH:1
FNDA:6,shallowEqual
DA:26,6
DA:27,6
DA:28,6
DA:29,6
DA:30,6
DA:31,0
DA:32,0
DA:34,6
DA:35,6
DA:37,6
DA:38,2
DA:39,2
DA:42,4
DA:43,6
DA:44,11
DA:45,1
DA:46,1
DA:47,11
DA:49,3
DA:50,3
LF:20
LH:18
BRDA:26,0,0,6
BRDA:30,1,0,0
BRDA:37,2,0,2
BRDA:39,3,0,4
BRDA:43,4,0,11
BRDA:44,5,0,10
BRDA:44,6,0,1
BRDA:47,7,0,3
BRF:8
BRH:7
end_of_record
TN:
SF:shallowEqualScalar.js
FN:3,shallowEqualScalar
FNF:1
FNH:1
FNDA:10,shallowEqualScalar
DA:1,1
DA:3,1
DA:4,10
DA:5,1
DA:6,1
DA:8,9
DA:9,9
DA:10,10
DA:11,10
DA:12,8
DA:13,10
DA:14,2
DA:15,2
DA:17,7
DA:18,7
DA:20,10
DA:21,2
DA:22,2
DA:24,5
DA:25,5
DA:26,10
DA:27,13
DA:28,1
DA:29,1
DA:31,12
DA:32,12
DA:34,13
DA:35,2
DA:36,2
DA:37,13
DA:39,2
DA:40,2
LF:32
LH:32
BRDA:3,0,0,10
BRDA:4,1,0,1
BRDA:6,2,0,9
BRDA:10,3,0,8
BRDA:11,4,0,8
BRDA:13,5,0,2
BRDA:15,6,0,7
BRDA:20,7,0,2
BRDA:22,8,0,5
BRDA:26,9,0,13
BRDA:27,10,0,1
BRDA:29,11,0,12
BRDA:34,12,0,11
BRDA:34,13,0,10
BRDA:34,14,0,2
BRDA:37,15,0,2
BRF:16
BRH:16
end_of_record
TN:
SF:typeHelpers.ts
FN:9,assertCast
FN:25,safeAssign
FN:38,assertIsDefined
FN:55,assertIsDefinedWithError
FNF:4
FNH:4
FNDA:12,assertCast
FNDA:10,safeAssign
FNDA:11,assertIsDefined
FNDA:24,assertIsDefinedWithError
DA:9,1
DA:25,1
DA:26,10
DA:27,10
DA:28,10
DA:29,10
DA:30,10
DA:38,1
DA:55,1
DA:56,24
DA:57,24
DA:58,24
DA:59,9
DA:60,9
DA:61,24
LF:15
LH:15
BRDA:9,0,0,12
BRDA:25,1,0,10
BRDA:38,2,0,11
BRDA:55,3,0,24
BRDA:58,4,0,20
BRDA:58,5,0,9
BRF:6
BRH:6
end_of_record
TN:
SF:varToString.js
FN:1,(empty-report)
FNF:1
FNH:0
FNDA:0,(empty-report)
DA:1,0
DA:3,0
DA:4,0
DA:5,0
LF:4
LH:0
BRDA:1,0,0,0
BRF:1
BRH:0
end_of_record
TN:
SF:yyyy-mm-dd.js
FN:1,yyyy_mm_dd
FNF:1
FNH:1
FNDA:25,yyyy_mm_dd
DA:1,1
LF:1
LH:1
BRDA:1,0,0,25
BRF:1
BRH:1
end_of_record
TN:
SF:array/arrGen.js
FN:1,(empty-report)
FNF:1
FNH:0
FNDA:0,(empty-report)
DA:1,0
LF:1
LH:0
BRDA:1,0,0,0
BRF:1
BRH:0
end_of_record
TN:
SF:array/arrayEqual.ts
FN:22,arraysEqual
FNF:1
FNH:1
FNDA:69,arraysEqual
DA:22,1
DA:23,69
DA:24,69
DA:25,21131
DA:26,21131
DA:27,39
DA:28,39
LF:7
LH:7
BRDA:22,0,0,69
BRDA:23,1,0,5
BRDA:23,2,0,64
BRDA:24,3,0,21131
BRDA:25,4,0,25
BRDA:26,5,0,39
BRF:6
BRH:6
end_of_record
TN:
SF:array/arrayFilllmap.ts
FN:8,arrayFillmap
FNF:1
FNH:1
FNDA:1,arrayFillmap
DA:8,1
DA:9,1
DA:11,1
DA:12,1
DA:13,1
DA:14,1
LF:6
LH:6
BRDA:8,0,0,1
BRF:1
BRH:1
end_of_record
TN:
SF:array/range.ts
FN:6,range
FNF:1
FNH:1
FNDA:1,range
DA:6,1
DA:7,1
DA:8,1
DA:9,1
LF:4
LH:4
BRDA:6,0,0,1
BRDA:8,1,0,10
BRF:2
BRH:2
end_of_record
TN:
SF:regex/css.ts
FNF:0
FNH:0
DA:12,1
DA:25,1
DA:38,1
DA:52,1
LF:4
LH:4
BRF:0
BRH:0
end_of_record
TN:
SF:regex/email.ts
FNF:0
FNH:0
DA:1,1
LF:1
LH:1
BRF:0
BRH:0
end_of_record
TN:
SF:regex/email2.ts
FNF:0
FNH:0
DA:3,1
LF:1
LH:1
BRF:0
BRH:0
end_of_record
TN:
SF:string/snakeToCameledSpace.ts
FN:18,snakeToCameledSpace
FNF:1
FNH:1
FNDA:45,snakeToCameledSpace
DA:18,1
DA:19,45
DA:20,45
DA:21,45
DA:22,45
DA:24,1
LF:6
LH:6
BRDA:18,0,0,45
BRDA:21,1,0,120
BRF:2
BRH:2
end_of_record
