{"/Users/ryota.murakami/utils/packages/browser/Queue.js": {"path":"/Users/ryota.murakami/utils/packages/browser/Queue.js","all":false,"statementMap":{"0":{"start":{"line":1,"column":0},"end":{"line":1,"column":110}},"2":{"start":{"line":3,"column":0},"end":{"line":3,"column":3}},"3":{"start":{"line":4,"column":0},"end":{"line":4,"column":78}},"4":{"start":{"line":5,"column":0},"end":{"line":5,"column":91}},"5":{"start":{"line":6,"column":0},"end":{"line":6,"column":3}},"6":{"start":{"line":7,"column":0},"end":{"line":7,"column":11}},"7":{"start":{"line":8,"column":0},"end":{"line":8,"column":16}},"8":{"start":{"line":9,"column":0},"end":{"line":9,"column":46}},"9":{"start":{"line":10,"column":0},"end":{"line":10,"column":44}},"10":{"start":{"line":11,"column":0},"end":{"line":11,"column":37}},"11":{"start":{"line":12,"column":0},"end":{"line":12,"column":43}},"12":{"start":{"line":13,"column":0},"end":{"line":13,"column":25}},"13":{"start":{"line":14,"column":0},"end":{"line":14,"column":3}},"14":{"start":{"line":15,"column":0},"end":{"line":15,"column":28}},"15":{"start":{"line":16,"column":0},"end":{"line":16,"column":15}},"16":{"start":{"line":17,"column":0},"end":{"line":17,"column":30}},"17":{"start":{"line":18,"column":0},"end":{"line":18,"column":30}},"18":{"start":{"line":19,"column":0},"end":{"line":19,"column":29}},"19":{"start":{"line":20,"column":0},"end":{"line":20,"column":5}},"20":{"start":{"line":21,"column":0},"end":{"line":21,"column":3}},"21":{"start":{"line":22,"column":0},"end":{"line":22,"column":36}},"22":{"start":{"line":23,"column":0},"end":{"line":23,"column":36}},"23":{"start":{"line":24,"column":0},"end":{"line":24,"column":6}},"24":{"start":{"line":25,"column":0},"end":{"line":25,"column":3}},"25":{"start":{"line":26,"column":0},"end":{"line":26,"column":13}},"26":{"start":{"line":27,"column":0},"end":{"line":27,"column":5}},"27":{"start":{"line":28,"column":0},"end":{"line":28,"column":34}},"28":{"start":{"line":29,"column":0},"end":{"line":29,"column":5}},"29":{"start":{"line":30,"column":0},"end":{"line":30,"column":65}},"30":{"start":{"line":31,"column":0},"end":{"line":31,"column":52}},"31":{"start":{"line":32,"column":0},"end":{"line":32,"column":81}},"32":{"start":{"line":33,"column":0},"end":{"line":33,"column":5}},"33":{"start":{"line":34,"column":0},"end":{"line":34,"column":37}},"34":{"start":{"line":35,"column":0},"end":{"line":35,"column":24}},"35":{"start":{"line":36,"column":0},"end":{"line":36,"column":47}},"36":{"start":{"line":37,"column":0},"end":{"line":37,"column":28}},"37":{"start":{"line":38,"column":0},"end":{"line":38,"column":21}},"38":{"start":{"line":39,"column":0},"end":{"line":39,"column":19}},"39":{"start":{"line":40,"column":0},"end":{"line":40,"column":3}},"41":{"start":{"line":42,"column":0},"end":{"line":42,"column":5}},"42":{"start":{"line":43,"column":0},"end":{"line":43,"column":44}},"43":{"start":{"line":44,"column":0},"end":{"line":44,"column":5}},"44":{"start":{"line":45,"column":0},"end":{"line":45,"column":64}},"45":{"start":{"line":46,"column":0},"end":{"line":46,"column":5}},"46":{"start":{"line":47,"column":0},"end":{"line":47,"column":17}},"47":{"start":{"line":48,"column":0},"end":{"line":48,"column":61}},"48":{"start":{"line":49,"column":0},"end":{"line":49,"column":18}},"49":{"start":{"line":50,"column":0},"end":{"line":50,"column":3}},"51":{"start":{"line":52,"column":0},"end":{"line":52,"column":5}},"52":{"start":{"line":53,"column":0},"end":{"line":53,"column":57}},"53":{"start":{"line":54,"column":0},"end":{"line":54,"column":47}},"54":{"start":{"line":55,"column":0},"end":{"line":55,"column":5}},"55":{"start":{"line":56,"column":0},"end":{"line":56,"column":13}},"56":{"start":{"line":57,"column":0},"end":{"line":57,"column":49}},"57":{"start":{"line":58,"column":0},"end":{"line":58,"column":8}},"58":{"start":{"line":59,"column":0},"end":{"line":59,"column":39}},"59":{"start":{"line":60,"column":0},"end":{"line":60,"column":5}},"60":{"start":{"line":61,"column":0},"end":{"line":61,"column":37}},"61":{"start":{"line":62,"column":0},"end":{"line":62,"column":39}},"62":{"start":{"line":63,"column":0},"end":{"line":63,"column":11}},"63":{"start":{"line":64,"column":0},"end":{"line":64,"column":31}},"64":{"start":{"line":65,"column":0},"end":{"line":65,"column":21}},"65":{"start":{"line":66,"column":0},"end":{"line":66,"column":22}},"66":{"start":{"line":67,"column":0},"end":{"line":67,"column":17}},"67":{"start":{"line":68,"column":0},"end":{"line":68,"column":26}},"68":{"start":{"line":69,"column":0},"end":{"line":69,"column":7}},"70":{"start":{"line":71,"column":0},"end":{"line":71,"column":43}},"71":{"start":{"line":72,"column":0},"end":{"line":72,"column":22}},"72":{"start":{"line":73,"column":0},"end":{"line":73,"column":7}},"73":{"start":{"line":74,"column":0},"end":{"line":74,"column":6}},"74":{"start":{"line":75,"column":0},"end":{"line":75,"column":3}},"76":{"start":{"line":77,"column":0},"end":{"line":77,"column":5}},"77":{"start":{"line":78,"column":0},"end":{"line":78,"column":42}},"78":{"start":{"line":79,"column":0},"end":{"line":79,"column":5}},"79":{"start":{"line":80,"column":0},"end":{"line":80,"column":48}},"80":{"start":{"line":81,"column":0},"end":{"line":81,"column":93}},"81":{"start":{"line":82,"column":0},"end":{"line":82,"column":73}},"82":{"start":{"line":83,"column":0},"end":{"line":83,"column":5}},"83":{"start":{"line":84,"column":0},"end":{"line":84,"column":28}},"84":{"start":{"line":85,"column":0},"end":{"line":85,"column":34}},"85":{"start":{"line":86,"column":0},"end":{"line":86,"column":21}},"86":{"start":{"line":87,"column":0},"end":{"line":87,"column":32}},"87":{"start":{"line":88,"column":0},"end":{"line":88,"column":22}},"88":{"start":{"line":89,"column":0},"end":{"line":89,"column":7}},"90":{"start":{"line":91,"column":0},"end":{"line":91,"column":26}},"91":{"start":{"line":92,"column":0},"end":{"line":92,"column":65}},"92":{"start":{"line":93,"column":0},"end":{"line":93,"column":55}},"93":{"start":{"line":94,"column":0},"end":{"line":94,"column":5}},"95":{"start":{"line":96,"column":0},"end":{"line":96,"column":45}},"96":{"start":{"line":97,"column":0},"end":{"line":97,"column":26}},"97":{"start":{"line":98,"column":0},"end":{"line":98,"column":13}},"98":{"start":{"line":99,"column":0},"end":{"line":99,"column":33}},"99":{"start":{"line":100,"column":0},"end":{"line":100,"column":21}},"100":{"start":{"line":101,"column":0},"end":{"line":101,"column":18}},"101":{"start":{"line":102,"column":0},"end":{"line":102,"column":32}},"102":{"start":{"line":103,"column":0},"end":{"line":103,"column":11}},"103":{"start":{"line":104,"column":0},"end":{"line":104,"column":23}},"104":{"start":{"line":105,"column":0},"end":{"line":105,"column":21}},"105":{"start":{"line":106,"column":0},"end":{"line":106,"column":9}},"106":{"start":{"line":107,"column":0},"end":{"line":107,"column":7}},"107":{"start":{"line":108,"column":0},"end":{"line":108,"column":12}},"108":{"start":{"line":109,"column":0},"end":{"line":109,"column":6}},"109":{"start":{"line":110,"column":0},"end":{"line":110,"column":3}},"110":{"start":{"line":111,"column":0},"end":{"line":111,"column":1}},"112":{"start":{"line":113,"column":0},"end":{"line":113,"column":20}}},"s":{"0":1,"2":1,"3":1,"4":1,"5":1,"6":1,"7":1,"8":1,"9":1,"10":1,"11":1,"12":1,"13":1,"14":1,"15":1,"16":1,"17":1,"18":1,"19":1,"20":1,"21":1,"22":1,"23":1,"24":1,"25":1,"26":1,"27":1,"28":1,"29":1,"30":1,"31":1,"32":1,"33":1,"34":24,"35":24,"36":24,"37":24,"38":24,"39":24,"41":1,"42":1,"43":1,"44":1,"45":1,"46":1,"47":20,"48":20,"49":20,"51":1,"52":1,"53":1,"54":1,"55":1,"56":34,"57":34,"58":34,"59":34,"60":34,"61":34,"62":147,"63":147,"64":147,"65":6,"66":147,"67":147,"68":147,"70":147,"71":14,"72":14,"73":34,"74":34,"76":1,"77":1,"78":1,"79":1,"80":1,"81":1,"82":1,"83":1,"84":4,"85":4,"86":2,"87":2,"88":2,"90":2,"91":4,"92":4,"93":4,"95":4,"96":4,"97":4,"98":4,"99":2,"100":4,"101":0,"102":0,"103":4,"104":2,"105":2,"106":4,"107":4,"108":4,"109":4,"110":1,"112":1},"branchMap":{"0":{"type":"branch","line":34,"loc":{"start":{"line":34,"column":2},"end":{"line":40,"column":3}},"locations":[{"start":{"line":34,"column":2},"end":{"line":40,"column":3}}]},"1":{"type":"branch","line":36,"loc":{"start":{"line":36,"column":43},"end":{"line":36,"column":47}},"locations":[{"start":{"line":36,"column":43},"end":{"line":36,"column":47}}]},"2":{"type":"branch","line":47,"loc":{"start":{"line":47,"column":2},"end":{"line":50,"column":3}},"locations":[{"start":{"line":47,"column":2},"end":{"line":50,"column":3}}]},"3":{"type":"branch","line":56,"loc":{"start":{"line":56,"column":2},"end":{"line":75,"column":3}},"locations":[{"start":{"line":56,"column":2},"end":{"line":75,"column":3}}]},"4":{"type":"branch","line":62,"loc":{"start":{"line":62,"column":22},"end":{"line":74,"column":5}},"locations":[{"start":{"line":62,"column":22},"end":{"line":74,"column":5}}]},"5":{"type":"branch","line":64,"loc":{"start":{"line":64,"column":30},"end":{"line":65,"column":8}},"locations":[{"start":{"line":64,"column":30},"end":{"line":65,"column":8}}]},"6":{"type":"branch","line":65,"loc":{"start":{"line":65,"column":8},"end":{"line":67,"column":7}},"locations":[{"start":{"line":65,"column":8},"end":{"line":67,"column":7}}]},"7":{"type":"branch","line":71,"loc":{"start":{"line":71,"column":42},"end":{"line":73,"column":7}},"locations":[{"start":{"line":71,"column":42},"end":{"line":73,"column":7}}]},"8":{"type":"branch","line":84,"loc":{"start":{"line":84,"column":2},"end":{"line":110,"column":3}},"locations":[{"start":{"line":84,"column":2},"end":{"line":110,"column":3}}]},"9":{"type":"branch","line":85,"loc":{"start":{"line":85,"column":27},"end":{"line":94,"column":5}},"locations":[{"start":{"line":85,"column":27},"end":{"line":94,"column":5}}]},"10":{"type":"branch","line":86,"loc":{"start":{"line":86,"column":20},"end":{"line":92,"column":8}},"locations":[{"start":{"line":86,"column":20},"end":{"line":92,"column":8}}]},"11":{"type":"branch","line":92,"loc":{"start":{"line":92,"column":8},"end":{"line":92,"column":65}},"locations":[{"start":{"line":92,"column":8},"end":{"line":92,"column":65}}]},"12":{"type":"branch","line":93,"loc":{"start":{"line":93,"column":8},"end":{"line":93,"column":55}},"locations":[{"start":{"line":93,"column":8},"end":{"line":93,"column":55}}]},"13":{"type":"branch","line":96,"loc":{"start":{"line":96,"column":23},"end":{"line":109,"column":5}},"locations":[{"start":{"line":96,"column":23},"end":{"line":109,"column":5}}]},"14":{"type":"branch","line":97,"loc":{"start":{"line":97,"column":19},"end":{"line":107,"column":7}},"locations":[{"start":{"line":97,"column":19},"end":{"line":107,"column":7}}]},"15":{"type":"branch","line":99,"loc":{"start":{"line":99,"column":32},"end":{"line":101,"column":11}},"locations":[{"start":{"line":99,"column":32},"end":{"line":101,"column":11}}]},"16":{"type":"branch","line":101,"loc":{"start":{"line":101,"column":11},"end":{"line":103,"column":11}},"locations":[{"start":{"line":101,"column":11},"end":{"line":103,"column":11}}]},"17":{"type":"branch","line":104,"loc":{"start":{"line":104,"column":10},"end":{"line":106,"column":9}},"locations":[{"start":{"line":104,"column":10},"end":{"line":106,"column":9}}]}},"b":{"0":[24],"1":[13],"2":[20],"3":[34],"4":[147],"5":[141],"6":[6],"7":[14],"8":[4],"9":[4],"10":[2],"11":[1],"12":[1],"13":[4],"14":[4],"15":[2],"16":[0],"17":[2]},"fnMap":{"0":{"name":"Queue","decl":{"start":{"line":34,"column":2},"end":{"line":40,"column":3}},"loc":{"start":{"line":34,"column":2},"end":{"line":40,"column":3}},"line":34},"1":{"name":"push","decl":{"start":{"line":47,"column":2},"end":{"line":50,"column":3}},"loc":{"start":{"line":47,"column":2},"end":{"line":50,"column":3}},"line":47},"2":{"name":"process","decl":{"start":{"line":56,"column":2},"end":{"line":75,"column":3}},"loc":{"start":{"line":56,"column":2},"end":{"line":75,"column":3}},"line":56},"3":{"name":"wait","decl":{"start":{"line":84,"column":2},"end":{"line":110,"column":3}},"loc":{"start":{"line":84,"column":2},"end":{"line":110,"column":3}},"line":84},"4":{"name":"checkCondition","decl":{"start":{"line":85,"column":27},"end":{"line":94,"column":5}},"loc":{"start":{"line":85,"column":27},"end":{"line":94,"column":5}},"line":85},"5":{"name":"poll","decl":{"start":{"line":97,"column":19},"end":{"line":107,"column":7}},"loc":{"start":{"line":97,"column":19},"end":{"line":107,"column":7}},"line":97}},"f":{"0":24,"1":20,"2":34,"3":4,"4":4,"5":4}}
,"/Users/ryota.murakami/utils/packages/browser/debounce.ts": {"path":"/Users/ryota.murakami/utils/packages/browser/debounce.ts","all":false,"statementMap":{"5":{"start":{"line":6,"column":0},"end":{"line":6,"column":25}},"6":{"start":{"line":7,"column":0},"end":{"line":7,"column":18}},"7":{"start":{"line":8,"column":0},"end":{"line":8,"column":36}},"8":{"start":{"line":9,"column":0},"end":{"line":9,"column":28}},"9":{"start":{"line":10,"column":0},"end":{"line":10,"column":19}},"10":{"start":{"line":11,"column":0},"end":{"line":11,"column":21}},"11":{"start":{"line":12,"column":0},"end":{"line":12,"column":27}},"12":{"start":{"line":13,"column":0},"end":{"line":13,"column":65}},"13":{"start":{"line":14,"column":0},"end":{"line":14,"column":3}},"14":{"start":{"line":15,"column":0},"end":{"line":15,"column":1}}},"s":{"5":1,"6":1,"7":1,"8":1,"9":1,"10":1,"11":4,"12":4,"13":4,"14":1},"branchMap":{"0":{"type":"branch","line":6,"loc":{"start":{"line":6,"column":7},"end":{"line":15,"column":1}},"locations":[{"start":{"line":6,"column":7},"end":{"line":15,"column":1}}]},"1":{"type":"branch","line":11,"loc":{"start":{"line":11,"column":9},"end":{"line":14,"column":3}},"locations":[{"start":{"line":11,"column":9},"end":{"line":14,"column":3}}]},"2":{"type":"branch","line":13,"loc":{"start":{"line":13,"column":34},"end":{"line":13,"column":57}},"locations":[{"start":{"line":13,"column":34},"end":{"line":13,"column":57}}]}},"b":{"0":[1],"1":[4],"2":[2]},"fnMap":{"0":{"name":"debounce","decl":{"start":{"line":6,"column":7},"end":{"line":15,"column":1}},"loc":{"start":{"line":6,"column":7},"end":{"line":15,"column":1}},"line":6}},"f":{"0":1}}
,"/Users/ryota.murakami/utils/packages/browser/getBase64Image.js": {"path":"/Users/ryota.murakami/utils/packages/browser/getBase64Image.js","all":false,"statementMap":{"0":{"start":{"line":1,"column":0},"end":{"line":1,"column":3}},"1":{"start":{"line":2,"column":0},"end":{"line":2,"column":56}},"2":{"start":{"line":3,"column":0},"end":{"line":3,"column":62}},"3":{"start":{"line":4,"column":0},"end":{"line":4,"column":3}},"4":{"start":{"line":5,"column":0},"end":{"line":5,"column":54}},"5":{"start":{"line":6,"column":0},"end":{"line":6,"column":69}},"6":{"start":{"line":7,"column":0},"end":{"line":7,"column":3}},"7":{"start":{"line":8,"column":0},"end":{"line":8,"column":43}},"8":{"start":{"line":9,"column":0},"end":{"line":9,"column":56}},"9":{"start":{"line":10,"column":0},"end":{"line":10,"column":24}},"10":{"start":{"line":11,"column":0},"end":{"line":11,"column":1}},"12":{"start":{"line":13,"column":0},"end":{"line":13,"column":3}},"13":{"start":{"line":14,"column":0},"end":{"line":14,"column":48}},"14":{"start":{"line":15,"column":0},"end":{"line":15,"column":50}},"15":{"start":{"line":16,"column":0},"end":{"line":16,"column":3}},"16":{"start":{"line":17,"column":0},"end":{"line":17,"column":43}},"17":{"start":{"line":18,"column":0},"end":{"line":18,"column":76}},"18":{"start":{"line":19,"column":0},"end":{"line":19,"column":3}},"19":{"start":{"line":20,"column":0},"end":{"line":20,"column":44}},"20":{"start":{"line":21,"column":0},"end":{"line":21,"column":35}},"21":{"start":{"line":22,"column":0},"end":{"line":22,"column":35}},"22":{"start":{"line":23,"column":0},"end":{"line":23,"column":33}},"23":{"start":{"line":24,"column":0},"end":{"line":24,"column":35}},"24":{"start":{"line":25,"column":0},"end":{"line":25,"column":22}},"25":{"start":{"line":26,"column":0},"end":{"line":26,"column":5}},"26":{"start":{"line":27,"column":0},"end":{"line":27,"column":30}},"27":{"start":{"line":28,"column":0},"end":{"line":28,"column":4}},"28":{"start":{"line":29,"column":0},"end":{"line":29,"column":1}},"30":{"start":{"line":31,"column":0},"end":{"line":31,"column":3}},"31":{"start":{"line":32,"column":0},"end":{"line":32,"column":76}},"32":{"start":{"line":33,"column":0},"end":{"line":33,"column":64}},"33":{"start":{"line":34,"column":0},"end":{"line":34,"column":3}},"34":{"start":{"line":35,"column":0},"end":{"line":35,"column":56}},"35":{"start":{"line":36,"column":0},"end":{"line":36,"column":76}},"36":{"start":{"line":37,"column":0},"end":{"line":37,"column":3}},"37":{"start":{"line":38,"column":0},"end":{"line":38,"column":11}},"38":{"start":{"line":39,"column":0},"end":{"line":39,"column":16}},"39":{"start":{"line":40,"column":0},"end":{"line":40,"column":32}},"40":{"start":{"line":41,"column":0},"end":{"line":41,"column":53}},"41":{"start":{"line":42,"column":0},"end":{"line":42,"column":51}},"42":{"start":{"line":43,"column":0},"end":{"line":43,"column":70}},"43":{"start":{"line":44,"column":0},"end":{"line":44,"column":3}},"44":{"start":{"line":45,"column":0},"end":{"line":45,"column":26}},"45":{"start":{"line":46,"column":0},"end":{"line":46,"column":34}},"46":{"start":{"line":47,"column":0},"end":{"line":47,"column":10}},"47":{"start":{"line":48,"column":0},"end":{"line":48,"column":62}},"48":{"start":{"line":49,"column":0},"end":{"line":49,"column":88}},"49":{"start":{"line":50,"column":0},"end":{"line":50,"column":50}},"50":{"start":{"line":51,"column":0},"end":{"line":51,"column":22}},"51":{"start":{"line":52,"column":0},"end":{"line":52,"column":37}},"52":{"start":{"line":53,"column":0},"end":{"line":53,"column":6}},"53":{"start":{"line":54,"column":0},"end":{"line":54,"column":4}},"54":{"start":{"line":55,"column":0},"end":{"line":55,"column":6}},"55":{"start":{"line":56,"column":0},"end":{"line":56,"column":3}},"56":{"start":{"line":57,"column":0},"end":{"line":57,"column":52}},"57":{"start":{"line":58,"column":0},"end":{"line":58,"column":42}},"58":{"start":{"line":59,"column":0},"end":{"line":59,"column":54}},"59":{"start":{"line":60,"column":0},"end":{"line":60,"column":3}},"60":{"start":{"line":61,"column":0},"end":{"line":61,"column":2}},"61":{"start":{"line":62,"column":0},"end":{"line":62,"column":38}},"62":{"start":{"line":63,"column":0},"end":{"line":63,"column":41}},"63":{"start":{"line":64,"column":0},"end":{"line":64,"column":15}},"64":{"start":{"line":65,"column":0},"end":{"line":65,"column":1}}},"s":{"0":1,"1":1,"2":1,"3":1,"4":1,"5":1,"6":1,"7":1,"8":39,"9":38,"10":38,"12":1,"13":1,"14":1,"15":1,"16":1,"17":1,"18":1,"19":1,"20":37,"21":37,"22":37,"23":36,"24":36,"25":36,"26":37,"27":37,"28":37,"30":1,"31":1,"32":1,"33":1,"34":1,"35":1,"36":1,"37":1,"38":1,"39":1,"40":1,"41":1,"42":1,"43":1,"44":1,"45":1,"46":1,"47":1,"48":1,"49":1,"50":1,"51":1,"52":1,"53":1,"54":1,"55":1,"56":1,"57":41,"58":2,"59":2,"60":39,"61":39,"62":37,"63":36,"64":36},"branchMap":{"0":{"type":"branch","line":8,"loc":{"start":{"line":8,"column":21},"end":{"line":11,"column":1}},"locations":[{"start":{"line":8,"column":21},"end":{"line":11,"column":1}}]},"1":{"type":"branch","line":9,"loc":{"start":{"line":9,"column":55},"end":{"line":11,"column":1}},"locations":[{"start":{"line":9,"column":55},"end":{"line":11,"column":1}}]},"2":{"type":"branch","line":20,"loc":{"start":{"line":20,"column":21},"end":{"line":29,"column":1}},"locations":[{"start":{"line":20,"column":21},"end":{"line":29,"column":1}}]},"3":{"type":"branch","line":21,"loc":{"start":{"line":21,"column":21},"end":{"line":28,"column":3}},"locations":[{"start":{"line":21,"column":21},"end":{"line":28,"column":3}}]},"4":{"type":"branch","line":23,"loc":{"start":{"line":23,"column":20},"end":{"line":26,"column":5}},"locations":[{"start":{"line":23,"column":20},"end":{"line":26,"column":5}}]},"5":{"type":"branch","line":57,"loc":{"start":{"line":57,"column":30},"end":{"line":65,"column":1}},"locations":[{"start":{"line":57,"column":30},"end":{"line":65,"column":1}}]},"6":{"type":"branch","line":58,"loc":{"start":{"line":58,"column":19},"end":{"line":58,"column":39}},"locations":[{"start":{"line":58,"column":19},"end":{"line":58,"column":39}}]},"7":{"type":"branch","line":58,"loc":{"start":{"line":58,"column":41},"end":{"line":60,"column":3}},"locations":[{"start":{"line":58,"column":41},"end":{"line":60,"column":3}}]},"8":{"type":"branch","line":60,"loc":{"start":{"line":60,"column":2},"end":{"line":62,"column":38}},"locations":[{"start":{"line":60,"column":2},"end":{"line":62,"column":38}}]},"9":{"type":"branch","line":62,"loc":{"start":{"line":62,"column":37},"end":{"line":63,"column":41}},"locations":[{"start":{"line":62,"column":37},"end":{"line":63,"column":41}}]},"10":{"type":"branch","line":63,"loc":{"start":{"line":63,"column":40},"end":{"line":65,"column":1}},"locations":[{"start":{"line":63,"column":40},"end":{"line":65,"column":1}}]}},"b":{"0":[39],"1":[38],"2":[37],"3":[37],"4":[36],"5":[41],"6":[40],"7":[2],"8":[39],"9":[37],"10":[36]},"fnMap":{"0":{"name":"getImageBlob","decl":{"start":{"line":8,"column":21},"end":{"line":11,"column":1}},"loc":{"start":{"line":8,"column":21},"end":{"line":11,"column":1}},"line":8},"1":{"name":"blobToBase64","decl":{"start":{"line":20,"column":21},"end":{"line":29,"column":1}},"loc":{"start":{"line":20,"column":21},"end":{"line":29,"column":1}},"line":20},"2":{"name":"reader.onload","decl":{"start":{"line":23,"column":20},"end":{"line":26,"column":5}},"loc":{"start":{"line":23,"column":20},"end":{"line":26,"column":5}},"line":23},"3":{"name":"getBase64Image","decl":{"start":{"line":57,"column":30},"end":{"line":65,"column":1}},"loc":{"start":{"line":57,"column":30},"end":{"line":65,"column":1}},"line":57}},"f":{"0":39,"1":37,"2":36,"3":41}}
,"/Users/ryota.murakami/utils/packages/browser/getImageRect.ts": {"path":"/Users/ryota.murakami/utils/packages/browser/getImageRect.ts","all":false,"statementMap":{"20":{"start":{"line":21,"column":0},"end":{"line":21,"column":35}},"21":{"start":{"line":22,"column":0},"end":{"line":22,"column":14}},"22":{"start":{"line":23,"column":0},"end":{"line":23,"column":47}},"23":{"start":{"line":24,"column":0},"end":{"line":24,"column":43}},"24":{"start":{"line":25,"column":0},"end":{"line":25,"column":27}},"26":{"start":{"line":27,"column":0},"end":{"line":27,"column":40}},"27":{"start":{"line":28,"column":0},"end":{"line":28,"column":69}},"28":{"start":{"line":29,"column":0},"end":{"line":29,"column":6}},"30":{"start":{"line":31,"column":0},"end":{"line":31,"column":41}},"32":{"start":{"line":33,"column":0},"end":{"line":33,"column":17}},"33":{"start":{"line":34,"column":0},"end":{"line":34,"column":4}},"34":{"start":{"line":35,"column":0},"end":{"line":35,"column":1}}},"s":{"20":193,"21":193,"22":193,"23":193,"24":193,"26":193,"27":30,"28":193,"30":193,"32":193,"33":193,"34":193},"branchMap":{"0":{"type":"branch","line":21,"loc":{"start":{"line":21,"column":0},"end":{"line":35,"column":1}},"locations":[{"start":{"line":21,"column":0},"end":{"line":35,"column":1}}]},"1":{"type":"branch","line":24,"loc":{"start":{"line":24,"column":21},"end":{"line":34,"column":3}},"locations":[{"start":{"line":24,"column":21},"end":{"line":34,"column":3}}]},"2":{"type":"branch","line":27,"loc":{"start":{"line":27,"column":33},"end":{"line":29,"column":5}},"locations":[{"start":{"line":27,"column":33},"end":{"line":29,"column":5}}]}},"b":{"0":[193],"1":[193],"2":[30]},"fnMap":{"0":{"name":"getImageRect","decl":{"start":{"line":21,"column":0},"end":{"line":35,"column":1}},"loc":{"start":{"line":21,"column":0},"end":{"line":35,"column":1}},"line":21}},"f":{"0":193}}
,"/Users/ryota.murakami/utils/packages/browser/isClient.ts": {"path":"/Users/ryota.murakami/utils/packages/browser/isClient.ts","all":false,"statementMap":{"3":{"start":{"line":4,"column":0},"end":{"line":4,"column":20}},"4":{"start":{"line":5,"column":0},"end":{"line":5,"column":34}},"5":{"start":{"line":6,"column":0},"end":{"line":6,"column":20}},"6":{"start":{"line":7,"column":0},"end":{"line":7,"column":31}},"9":{"start":{"line":10,"column":0},"end":{"line":10,"column":23}}},"s":{"3":1,"4":1,"5":6,"6":3,"9":1},"branchMap":{"0":{"type":"branch","line":5,"loc":{"start":{"line":5,"column":20},"end":{"line":6,"column":20}},"locations":[{"start":{"line":5,"column":20},"end":{"line":6,"column":20}}]},"1":{"type":"branch","line":6,"loc":{"start":{"line":6,"column":9},"end":{"line":7,"column":31}},"locations":[{"start":{"line":6,"column":9},"end":{"line":7,"column":31}}]}},"b":{"0":[6],"1":[3]},"fnMap":{},"f":{}}
,"/Users/ryota.murakami/utils/packages/browser/openInNewTab.ts": {"path":"/Users/ryota.murakami/utils/packages/browser/openInNewTab.ts","all":false,"statementMap":{"17":{"start":{"line":18,"column":0},"end":{"line":18,"column":43}},"18":{"start":{"line":19,"column":0},"end":{"line":19,"column":44}},"19":{"start":{"line":20,"column":0},"end":{"line":20,"column":26}},"20":{"start":{"line":21,"column":0},"end":{"line":21,"column":19}},"21":{"start":{"line":22,"column":0},"end":{"line":22,"column":16}},"22":{"start":{"line":23,"column":0},"end":{"line":23,"column":1}}},"s":{"17":1,"18":143,"19":143,"20":143,"21":143,"22":143},"branchMap":{"0":{"type":"branch","line":18,"loc":{"start":{"line":18,"column":7},"end":{"line":23,"column":1}},"locations":[{"start":{"line":18,"column":7},"end":{"line":23,"column":1}}]}},"b":{"0":[143]},"fnMap":{"0":{"name":"openInNewTab","decl":{"start":{"line":18,"column":7},"end":{"line":23,"column":1}},"loc":{"start":{"line":18,"column":7},"end":{"line":23,"column":1}},"line":18}},"f":{"0":143}}
,"/Users/ryota.murakami/utils/packages/browser/probability.js": {"path":"/Users/ryota.murakami/utils/packages/browser/probability.js","all":false,"statementMap":{"0":{"start":{"line":1,"column":0},"end":{"line":1,"column":3}},"1":{"start":{"line":2,"column":0},"end":{"line":2,"column":73}},"2":{"start":{"line":3,"column":0},"end":{"line":3,"column":46}},"3":{"start":{"line":4,"column":0},"end":{"line":4,"column":3}},"4":{"start":{"line":5,"column":0},"end":{"line":5,"column":52}},"5":{"start":{"line":6,"column":0},"end":{"line":6,"column":3}},"6":{"start":{"line":7,"column":0},"end":{"line":7,"column":17}},"7":{"start":{"line":8,"column":0},"end":{"line":8,"column":28}},"8":{"start":{"line":9,"column":0},"end":{"line":9,"column":1}},"10":{"start":{"line":11,"column":0},"end":{"line":11,"column":72}},"11":{"start":{"line":12,"column":0},"end":{"line":12,"column":33}},"12":{"start":{"line":13,"column":0},"end":{"line":13,"column":21}},"13":{"start":{"line":14,"column":0},"end":{"line":14,"column":1}}},"s":{"0":1,"1":1,"2":1,"3":1,"4":1,"5":1,"6":10000,"7":10000,"8":10000,"10":1,"11":1,"12":10000,"13":10000},"branchMap":{"0":{"type":"branch","line":12,"loc":{"start":{"line":12,"column":32},"end":{"line":14,"column":1}},"locations":[{"start":{"line":12,"column":32},"end":{"line":14,"column":1}}]},"1":{"type":"branch","line":7,"loc":{"start":{"line":7,"column":0},"end":{"line":9,"column":1}},"locations":[{"start":{"line":7,"column":0},"end":{"line":9,"column":1}}]}},"b":{"0":[10000],"1":[10000]},"fnMap":{"0":{"name":"rand","decl":{"start":{"line":7,"column":0},"end":{"line":9,"column":1}},"loc":{"start":{"line":7,"column":0},"end":{"line":9,"column":1}},"line":7}},"f":{"0":10000}}
,"/Users/ryota.murakami/utils/packages/browser/setupTests.ts": {"path":"/Users/ryota.murakami/utils/packages/browser/setupTests.ts","all":true,"statementMap":{"0":{"start":{"line":1,"column":0},"end":{"line":1,"column":41}}},"s":{"0":0},"branchMap":{"0":{"type":"branch","line":1,"loc":{"start":{"line":1,"column":0},"end":{"line":1,"column":41}},"locations":[{"start":{"line":1,"column":0},"end":{"line":1,"column":41}}]}},"b":{"0":[0]},"fnMap":{"0":{"name":"(empty-report)","decl":{"start":{"line":1,"column":0},"end":{"line":1,"column":41}},"loc":{"start":{"line":1,"column":0},"end":{"line":1,"column":41}},"line":1}},"f":{"0":0}}
,"/Users/ryota.murakami/utils/packages/browser/sleep.ts": {"path":"/Users/ryota.murakami/utils/packages/browser/sleep.ts","all":false,"statementMap":{"23":{"start":{"line":24,"column":0},"end":{"line":24,"column":50}},"24":{"start":{"line":25,"column":0},"end":{"line":25,"column":51}},"26":{"start":{"line":27,"column":0},"end":{"line":27,"column":20}}},"s":{"23":1,"24":43,"26":1},"branchMap":{"0":{"type":"branch","line":24,"loc":{"start":{"line":24,"column":14},"end":{"line":25,"column":51}},"locations":[{"start":{"line":24,"column":14},"end":{"line":25,"column":51}}]},"1":{"type":"branch","line":25,"loc":{"start":{"line":25,"column":14},"end":{"line":25,"column":50}},"locations":[{"start":{"line":25,"column":14},"end":{"line":25,"column":50}}]}},"b":{"0":[43],"1":[43]},"fnMap":{"0":{"name":"sleep","decl":{"start":{"line":24,"column":14},"end":{"line":25,"column":51}},"loc":{"start":{"line":24,"column":14},"end":{"line":25,"column":51}},"line":24}},"f":{"0":43}}
,"/Users/ryota.murakami/utils/packages/browser/suppressConsoleError.js": {"path":"/Users/ryota.murakami/utils/packages/browser/suppressConsoleError.js","all":false,"statementMap":{"0":{"start":{"line":1,"column":0},"end":{"line":1,"column":3}},"1":{"start":{"line":2,"column":0},"end":{"line":2,"column":62}},"2":{"start":{"line":3,"column":0},"end":{"line":3,"column":84}},"3":{"start":{"line":4,"column":0},"end":{"line":4,"column":3}},"4":{"start":{"line":5,"column":0},"end":{"line":5,"column":52}},"5":{"start":{"line":6,"column":0},"end":{"line":6,"column":54}},"6":{"start":{"line":7,"column":0},"end":{"line":7,"column":38}},"7":{"start":{"line":8,"column":0},"end":{"line":8,"column":3}},"8":{"start":{"line":9,"column":0},"end":{"line":9,"column":56}},"9":{"start":{"line":10,"column":0},"end":{"line":10,"column":3}},"10":{"start":{"line":11,"column":0},"end":{"line":11,"column":11}},"11":{"start":{"line":12,"column":0},"end":{"line":12,"column":16}},"12":{"start":{"line":13,"column":0},"end":{"line":13,"column":63}},"13":{"start":{"line":14,"column":0},"end":{"line":14,"column":34}},"14":{"start":{"line":15,"column":0},"end":{"line":15,"column":3}},"15":{"start":{"line":16,"column":0},"end":{"line":16,"column":63}},"16":{"start":{"line":17,"column":0},"end":{"line":17,"column":6}},"17":{"start":{"line":18,"column":0},"end":{"line":18,"column":3}},"18":{"start":{"line":19,"column":0},"end":{"line":19,"column":35}},"20":{"start":{"line":21,"column":0},"end":{"line":21,"column":30}},"21":{"start":{"line":22,"column":0},"end":{"line":22,"column":39}},"22":{"start":{"line":23,"column":0},"end":{"line":23,"column":2}},"23":{"start":{"line":24,"column":0},"end":{"line":24,"column":50}},"24":{"start":{"line":25,"column":0},"end":{"line":25,"column":80}},"25":{"start":{"line":26,"column":0},"end":{"line":26,"column":10}},"26":{"start":{"line":27,"column":0},"end":{"line":27,"column":3}},"27":{"start":{"line":28,"column":0},"end":{"line":28,"column":2}},"28":{"start":{"line":29,"column":0},"end":{"line":29,"column":78}},"29":{"start":{"line":30,"column":0},"end":{"line":30,"column":110}},"30":{"start":{"line":31,"column":0},"end":{"line":31,"column":10}},"31":{"start":{"line":32,"column":0},"end":{"line":32,"column":3}},"33":{"start":{"line":34,"column":0},"end":{"line":34,"column":38}},"34":{"start":{"line":35,"column":0},"end":{"line":35,"column":1}}},"s":{"0":1,"1":1,"2":1,"3":1,"4":1,"5":1,"6":1,"7":1,"8":1,"9":1,"10":1,"11":1,"12":1,"13":1,"14":1,"15":1,"16":1,"17":1,"18":1,"20":1,"21":1149,"22":1149,"23":1149,"24":1149,"25":341,"26":341,"27":808,"28":808,"29":1149,"30":342,"31":342,"33":466,"34":466},"branchMap":{"0":{"type":"branch","line":21,"loc":{"start":{"line":21,"column":16},"end":{"line":35,"column":1}},"locations":[{"start":{"line":21,"column":16},"end":{"line":35,"column":1}}]},"1":{"type":"branch","line":22,"loc":{"start":{"line":22,"column":33},"end":{"line":22,"column":38}},"locations":[{"start":{"line":22,"column":33},"end":{"line":22,"column":38}}]},"2":{"type":"branch","line":25,"loc":{"start":{"line":25,"column":79},"end":{"line":27,"column":3}},"locations":[{"start":{"line":25,"column":79},"end":{"line":27,"column":3}}]},"3":{"type":"branch","line":27,"loc":{"start":{"line":27,"column":2},"end":{"line":30,"column":48}},"locations":[{"start":{"line":27,"column":2},"end":{"line":30,"column":48}}]},"4":{"type":"branch","line":30,"loc":{"start":{"line":30,"column":48},"end":{"line":30,"column":107}},"locations":[{"start":{"line":30,"column":48},"end":{"line":30,"column":107}}]},"5":{"type":"branch","line":30,"loc":{"start":{"line":30,"column":109},"end":{"line":32,"column":3}},"locations":[{"start":{"line":30,"column":109},"end":{"line":32,"column":3}}]},"6":{"type":"branch","line":32,"loc":{"start":{"line":32,"column":2},"end":{"line":35,"column":1}},"locations":[{"start":{"line":32,"column":2},"end":{"line":35,"column":1}}]}},"b":{"0":[1149],"1":[5],"2":[341],"3":[808],"4":[343],"5":[342],"6":[466]},"fnMap":{"0":{"name":"console.error","decl":{"start":{"line":21,"column":16},"end":{"line":35,"column":1}},"loc":{"start":{"line":21,"column":16},"end":{"line":35,"column":1}},"line":21}},"f":{"0":1149}}
,"/Users/ryota.murakami/utils/packages/browser/sizeof/byte_size.js": {"path":"/Users/ryota.murakami/utils/packages/browser/sizeof/byte_size.js","all":false,"statementMap":{"0":{"start":{"line":1,"column":0},"end":{"line":1,"column":3}},"1":{"start":{"line":2,"column":0},"end":{"line":2,"column":62}},"2":{"start":{"line":3,"column":0},"end":{"line":3,"column":50}},"3":{"start":{"line":4,"column":0},"end":{"line":4,"column":41}},"4":{"start":{"line":5,"column":0},"end":{"line":5,"column":3}},"6":{"start":{"line":7,"column":0},"end":{"line":7,"column":18}},"7":{"start":{"line":8,"column":0},"end":{"line":8,"column":13}},"8":{"start":{"line":9,"column":0},"end":{"line":9,"column":12}},"9":{"start":{"line":10,"column":0},"end":{"line":10,"column":12}},"10":{"start":{"line":11,"column":0},"end":{"line":11,"column":1}}},"s":{"0":1,"1":1,"2":1,"3":1,"4":1,"6":1,"7":1,"8":1,"9":1,"10":1},"branchMap":{"0":{"type":"branch","line":1,"loc":{"start":{"line":1,"column":0},"end":{"line":2,"column":13}},"locations":[{"start":{"line":1,"column":0},"end":{"line":2,"column":13}}]}},"b":{"0":[1]},"fnMap":{},"f":{}}
,"/Users/ryota.murakami/utils/packages/browser/sizeof/index.js": {"path":"/Users/ryota.murakami/utils/packages/browser/sizeof/index.js","all":false,"statementMap":{"0":{"start":{"line":1,"column":0},"end":{"line":1,"column":40}},"1":{"start":{"line":2,"column":0},"end":{"line":2,"column":36}},"3":{"start":{"line":4,"column":0},"end":{"line":4,"column":12}},"5":{"start":{"line":6,"column":0},"end":{"line":6,"column":39}},"7":{"start":{"line":8,"column":0},"end":{"line":8,"column":38}},"9":{"start":{"line":10,"column":0},"end":{"line":10,"column":29}},"10":{"start":{"line":11,"column":0},"end":{"line":11,"column":29}},"11":{"start":{"line":12,"column":0},"end":{"line":12,"column":25}},"12":{"start":{"line":13,"column":0},"end":{"line":13,"column":31}},"13":{"start":{"line":14,"column":0},"end":{"line":14,"column":3}},"14":{"start":{"line":15,"column":0},"end":{"line":15,"column":37}},"15":{"start":{"line":16,"column":0},"end":{"line":16,"column":60}},"16":{"start":{"line":17,"column":0},"end":{"line":17,"column":66}},"17":{"start":{"line":18,"column":0},"end":{"line":18,"column":3}},"18":{"start":{"line":19,"column":0},"end":{"line":19,"column":25}},"19":{"start":{"line":20,"column":0},"end":{"line":20,"column":1}},"21":{"start":{"line":22,"column":0},"end":{"line":22,"column":37}},"22":{"start":{"line":23,"column":0},"end":{"line":23,"column":24}},"23":{"start":{"line":24,"column":0},"end":{"line":24,"column":12}},"24":{"start":{"line":25,"column":0},"end":{"line":25,"column":3}},"26":{"start":{"line":27,"column":0},"end":{"line":27,"column":15}},"27":{"start":{"line":28,"column":0},"end":{"line":28,"column":40}},"28":{"start":{"line":29,"column":0},"end":{"line":29,"column":47}},"29":{"start":{"line":30,"column":0},"end":{"line":30,"column":27}},"30":{"start":{"line":31,"column":0},"end":{"line":31,"column":45}},"31":{"start":{"line":32,"column":0},"end":{"line":32,"column":66}},"32":{"start":{"line":33,"column":0},"end":{"line":33,"column":34}},"33":{"start":{"line":34,"column":0},"end":{"line":34,"column":16}},"34":{"start":{"line":35,"column":0},"end":{"line":35,"column":7}},"35":{"start":{"line":36,"column":0},"end":{"line":36,"column":27}},"36":{"start":{"line":37,"column":0},"end":{"line":37,"column":5}},"38":{"start":{"line":39,"column":0},"end":{"line":39,"column":37}},"39":{"start":{"line":40,"column":0},"end":{"line":40,"column":9}},"40":{"start":{"line":41,"column":0},"end":{"line":41,"column":47}},"41":{"start":{"line":42,"column":0},"end":{"line":42,"column":18}},"42":{"start":{"line":43,"column":0},"end":{"line":43,"column":37}},"43":{"start":{"line":44,"column":0},"end":{"line":44,"column":71}},"44":{"start":{"line":45,"column":0},"end":{"line":45,"column":51}},"45":{"start":{"line":46,"column":0},"end":{"line":46,"column":17}},"46":{"start":{"line":47,"column":0},"end":{"line":47,"column":7}},"47":{"start":{"line":48,"column":0},"end":{"line":48,"column":5}},"48":{"start":{"line":49,"column":0},"end":{"line":49,"column":3}},"50":{"start":{"line":51,"column":0},"end":{"line":51,"column":14}},"51":{"start":{"line":52,"column":0},"end":{"line":52,"column":1}},"53":{"start":{"line":54,"column":0},"end":{"line":54,"column":30}},"54":{"start":{"line":55,"column":0},"end":{"line":55,"column":38}},"55":{"start":{"line":56,"column":0},"end":{"line":56,"column":34}},"56":{"start":{"line":57,"column":0},"end":{"line":57,"column":26}},"57":{"start":{"line":58,"column":0},"end":{"line":58,"column":5}},"59":{"start":{"line":60,"column":0},"end":{"line":60,"column":34}},"60":{"start":{"line":61,"column":0},"end":{"line":61,"column":25}},"61":{"start":{"line":62,"column":0},"end":{"line":62,"column":20}},"62":{"start":{"line":63,"column":0},"end":{"line":63,"column":48}},"63":{"start":{"line":64,"column":0},"end":{"line":64,"column":21}},"64":{"start":{"line":65,"column":0},"end":{"line":65,"column":33}},"65":{"start":{"line":66,"column":0},"end":{"line":66,"column":20}},"66":{"start":{"line":67,"column":0},"end":{"line":67,"column":32}},"67":{"start":{"line":68,"column":0},"end":{"line":68,"column":22}},"68":{"start":{"line":69,"column":0},"end":{"line":69,"column":69}},"69":{"start":{"line":70,"column":0},"end":{"line":70,"column":29}},"70":{"start":{"line":71,"column":0},"end":{"line":71,"column":60}},"71":{"start":{"line":72,"column":0},"end":{"line":72,"column":62}},"72":{"start":{"line":73,"column":0},"end":{"line":73,"column":7}},"73":{"start":{"line":74,"column":0},"end":{"line":74,"column":20}},"74":{"start":{"line":75,"column":0},"end":{"line":75,"column":36}},"75":{"start":{"line":76,"column":0},"end":{"line":76,"column":78}},"76":{"start":{"line":77,"column":0},"end":{"line":77,"column":29}},"77":{"start":{"line":78,"column":0},"end":{"line":78,"column":15}},"78":{"start":{"line":79,"column":0},"end":{"line":79,"column":16}},"79":{"start":{"line":80,"column":0},"end":{"line":80,"column":43}},"80":{"start":{"line":81,"column":0},"end":{"line":81,"column":9}},"81":{"start":{"line":82,"column":0},"end":{"line":82,"column":14}},"82":{"start":{"line":83,"column":0},"end":{"line":83,"column":16}},"83":{"start":{"line":84,"column":0},"end":{"line":84,"column":5}},"84":{"start":{"line":85,"column":0},"end":{"line":85,"column":3}},"85":{"start":{"line":86,"column":0},"end":{"line":86,"column":1}},"87":{"start":{"line":88,"column":0},"end":{"line":88,"column":3}},"88":{"start":{"line":89,"column":0},"end":{"line":89,"column":28}},"89":{"start":{"line":90,"column":0},"end":{"line":90,"column":46}},"90":{"start":{"line":91,"column":0},"end":{"line":91,"column":55}},"91":{"start":{"line":92,"column":0},"end":{"line":92,"column":15}},"92":{"start":{"line":93,"column":0},"end":{"line":93,"column":3}},"93":{"start":{"line":94,"column":0},"end":{"line":94,"column":25}},"94":{"start":{"line":95,"column":0},"end":{"line":95,"column":45}},"95":{"start":{"line":96,"column":0},"end":{"line":96,"column":1}},"97":{"start":{"line":98,"column":0},"end":{"line":98,"column":23}}},"s":{"0":1,"1":1,"3":1,"5":1,"7":1,"9":23,"10":23,"11":23,"12":117,"13":23,"14":23,"15":23,"16":23,"17":23,"18":23,"19":27,"21":27,"22":27,"23":27,"24":23,"26":23,"27":23,"28":27,"29":129,"30":129,"31":129,"32":12,"33":2,"34":10,"35":129,"36":127,"38":127,"39":127,"40":129,"41":0,"42":0,"43":0,"44":0,"45":0,"46":27,"47":23,"48":23,"50":1,"51":280,"53":280,"54":289,"55":289,"56":289,"57":288,"59":288,"60":289,"61":126,"62":289,"63":1,"64":289,"65":114,"66":289,"67":14,"68":14,"69":14,"70":14,"71":289,"72":30,"73":30,"74":30,"75":3,"76":3,"77":30,"78":27,"79":289,"80":3,"81":289,"82":1,"83":1,"84":1,"85":1,"87":1,"88":1,"89":1,"90":1,"91":1,"92":23,"93":23,"94":1,"95":1,"97":1},"branchMap":{"0":{"type":"branch","line":1,"loc":{"start":{"line":1,"column":0},"end":{"line":98,"column":6}},"locations":[{"start":{"line":1,"column":0},"end":{"line":98,"column":6}}]},"1":{"type":"branch","line":8,"loc":{"start":{"line":8,"column":32},"end":{"line":19,"column":25}},"locations":[{"start":{"line":8,"column":32},"end":{"line":19,"column":25}}]},"2":{"type":"branch","line":12,"loc":{"start":{"line":12,"column":19},"end":{"line":13,"column":31}},"locations":[{"start":{"line":12,"column":19},"end":{"line":13,"column":31}}]},"3":{"type":"branch","line":19,"loc":{"start":{"line":19,"column":9},"end":{"line":51,"column":2}},"locations":[{"start":{"line":19,"column":9},"end":{"line":51,"column":2}}]},"4":{"type":"branch","line":23,"loc":{"start":{"line":23,"column":16},"end":{"line":24,"column":10}},"locations":[{"start":{"line":23,"column":16},"end":{"line":24,"column":10}}]},"5":{"type":"branch","line":24,"loc":{"start":{"line":24,"column":4},"end":{"line":29,"column":39}},"locations":[{"start":{"line":24,"column":4},"end":{"line":29,"column":39}}]},"6":{"type":"branch","line":29,"loc":{"start":{"line":29,"column":33},"end":{"line":47,"column":3}},"locations":[{"start":{"line":29,"column":33},"end":{"line":47,"column":3}}]},"7":{"type":"branch","line":32,"loc":{"start":{"line":32,"column":29},"end":{"line":32,"column":53}},"locations":[{"start":{"line":32,"column":29},"end":{"line":32,"column":53}}]},"8":{"type":"branch","line":32,"loc":{"start":{"line":32,"column":54},"end":{"line":36,"column":21}},"locations":[{"start":{"line":32,"column":54},"end":{"line":36,"column":21}}]},"9":{"type":"branch","line":33,"loc":{"start":{"line":33,"column":19},"end":{"line":34,"column":16}},"locations":[{"start":{"line":33,"column":19},"end":{"line":34,"column":16}}]},"10":{"type":"branch","line":34,"loc":{"start":{"line":34,"column":8},"end":{"line":36,"column":21}},"locations":[{"start":{"line":34,"column":8},"end":{"line":36,"column":21}}]},"11":{"type":"branch","line":36,"loc":{"start":{"line":36,"column":21},"end":{"line":41,"column":41}},"locations":[{"start":{"line":36,"column":21},"end":{"line":41,"column":41}}]},"12":{"type":"branch","line":41,"loc":{"start":{"line":41,"column":35},"end":{"line":46,"column":17}},"locations":[{"start":{"line":41,"column":35},"end":{"line":46,"column":17}}]},"13":{"type":"branch","line":47,"loc":{"start":{"line":47,"column":3},"end":{"line":51,"column":2}},"locations":[{"start":{"line":47,"column":3},"end":{"line":51,"column":2}}]},"14":{"type":"branch","line":51,"loc":{"start":{"line":51,"column":2},"end":{"line":83,"column":14}},"locations":[{"start":{"line":51,"column":2},"end":{"line":83,"column":14}}]},"15":{"type":"branch","line":54,"loc":{"start":{"line":54,"column":23},"end":{"line":83,"column":8}},"locations":[{"start":{"line":54,"column":23},"end":{"line":83,"column":8}}]},"16":{"type":"branch","line":56,"loc":{"start":{"line":56,"column":15},"end":{"line":57,"column":19}},"locations":[{"start":{"line":56,"column":15},"end":{"line":57,"column":19}}]},"17":{"type":"branch","line":57,"loc":{"start":{"line":57,"column":13},"end":{"line":61,"column":22}},"locations":[{"start":{"line":57,"column":13},"end":{"line":61,"column":22}}]},"18":{"type":"branch","line":61,"loc":{"start":{"line":61,"column":12},"end":{"line":63,"column":31}},"locations":[{"start":{"line":61,"column":12},"end":{"line":63,"column":31}}]},"19":{"type":"branch","line":63,"loc":{"start":{"line":63,"column":31},"end":{"line":65,"column":25}},"locations":[{"start":{"line":63,"column":31},"end":{"line":65,"column":25}}]},"20":{"type":"branch","line":65,"loc":{"start":{"line":65,"column":15},"end":{"line":67,"column":15}},"locations":[{"start":{"line":65,"column":15},"end":{"line":67,"column":15}}]},"21":{"type":"branch","line":67,"loc":{"start":{"line":67,"column":15},"end":{"line":72,"column":55}},"locations":[{"start":{"line":67,"column":15},"end":{"line":72,"column":55}}]},"22":{"type":"branch","line":70,"loc":{"start":{"line":70,"column":15},"end":{"line":71,"column":42}},"locations":[{"start":{"line":70,"column":15},"end":{"line":71,"column":42}}]},"23":{"type":"branch","line":71,"loc":{"start":{"line":71,"column":53},"end":{"line":72,"column":44}},"locations":[{"start":{"line":71,"column":53},"end":{"line":72,"column":44}}]},"24":{"type":"branch","line":72,"loc":{"start":{"line":72,"column":56},"end":{"line":80,"column":35}},"locations":[{"start":{"line":72,"column":56},"end":{"line":80,"column":35}}]},"25":{"type":"branch","line":75,"loc":{"start":{"line":75,"column":17},"end":{"line":78,"column":7}},"locations":[{"start":{"line":75,"column":17},"end":{"line":78,"column":7}}]},"26":{"type":"branch","line":78,"loc":{"start":{"line":78,"column":7},"end":{"line":80,"column":35}},"locations":[{"start":{"line":78,"column":7},"end":{"line":80,"column":35}}]},"27":{"type":"branch","line":80,"loc":{"start":{"line":80,"column":42},"end":{"line":82,"column":13}},"locations":[{"start":{"line":80,"column":42},"end":{"line":82,"column":13}}]},"28":{"type":"branch","line":76,"loc":{"start":{"line":76,"column":28},"end":{"line":77,"column":23}},"locations":[{"start":{"line":76,"column":28},"end":{"line":77,"column":23}}]},"29":{"type":"branch","line":92,"loc":{"start":{"line":92,"column":2},"end":{"line":95,"column":34}},"locations":[{"start":{"line":92,"column":2},"end":{"line":95,"column":34}}]}},"b":{"0":[1],"1":[23],"2":[117],"3":[27],"4":[4],"5":[23],"6":[129],"7":[14],"8":[12],"9":[2],"10":[10],"11":[127],"12":[0],"13":[23],"14":[280],"15":[289],"16":[1],"17":[288],"18":[126],"19":[1],"20":[114],"21":[14],"22":[1],"23":[13],"24":[30],"25":[3],"26":[27],"27":[3],"28":[12],"29":[23]},"fnMap":{"0":{"name":"allProperties","decl":{"start":{"line":8,"column":32},"end":{"line":19,"column":25}},"loc":{"start":{"line":8,"column":32},"end":{"line":19,"column":25}},"line":8},"1":{"name":"sizeOfObject","decl":{"start":{"line":19,"column":9},"end":{"line":51,"column":2}},"loc":{"start":{"line":19,"column":9},"end":{"line":51,"column":2}},"line":19},"2":{"name":"getCalculator","decl":{"start":{"line":51,"column":2},"end":{"line":83,"column":14}},"loc":{"start":{"line":51,"column":2},"end":{"line":83,"column":14}},"line":51},"3":{"name":"calculator","decl":{"start":{"line":54,"column":23},"end":{"line":83,"column":8}},"loc":{"start":{"line":54,"column":23},"end":{"line":83,"column":8}},"line":54},"4":{"name":"sizeof","decl":{"start":{"line":92,"column":2},"end":{"line":95,"column":34}},"loc":{"start":{"line":92,"column":2},"end":{"line":95,"column":34}},"line":92}},"f":{"0":23,"1":27,"2":280,"3":289,"4":23}}
}
