TN:
SF:Queue.js
FN:34,Queue
FN:47,push
FN:56,process
FN:84,wait
FN:85,checkCondition
FN:97,poll
FNF:6
FNH:6
FNDA:24,Queue
FNDA:20,push
FNDA:34,process
FNDA:4,wait
FNDA:4,checkCondition
FNDA:4,poll
DA:1,1
DA:3,1
DA:4,1
DA:5,1
DA:6,1
DA:7,1
DA:8,1
DA:9,1
DA:10,1
DA:11,1
DA:12,1
DA:13,1
DA:14,1
DA:15,1
DA:16,1
DA:17,1
DA:18,1
DA:19,1
DA:20,1
DA:21,1
DA:22,1
DA:23,1
DA:24,1
DA:25,1
DA:26,1
DA:27,1
DA:28,1
DA:29,1
DA:30,1
DA:31,1
DA:32,1
DA:33,1
DA:34,1
DA:35,24
DA:36,24
DA:37,24
DA:38,24
DA:39,24
DA:40,24
DA:42,1
DA:43,1
DA:44,1
DA:45,1
DA:46,1
DA:47,1
DA:48,20
DA:49,20
DA:50,20
DA:52,1
DA:53,1
DA:54,1
DA:55,1
DA:56,1
DA:57,34
DA:58,34
DA:59,34
DA:60,34
DA:61,34
DA:62,34
DA:63,147
DA:64,147
DA:65,147
DA:66,6
DA:67,147
DA:68,147
DA:69,147
DA:71,147
DA:72,14
DA:73,14
DA:74,34
DA:75,34
DA:77,1
DA:78,1
DA:79,1
DA:80,1
DA:81,1
DA:82,1
DA:83,1
DA:84,1
DA:85,4
DA:86,4
DA:87,2
DA:88,2
DA:89,2
DA:91,2
DA:92,4
DA:93,4
DA:94,4
DA:96,4
DA:97,4
DA:98,4
DA:99,4
DA:100,2
DA:101,4
DA:102,0
DA:103,0
DA:104,4
DA:105,2
DA:106,2
DA:107,4
DA:108,4
DA:109,4
DA:110,4
DA:111,1
DA:113,1
LF:105
LH:103
BRDA:34,0,0,24
BRDA:36,1,0,13
BRDA:47,2,0,20
BRDA:56,3,0,34
BRDA:62,4,0,147
BRDA:64,5,0,141
BRDA:65,6,0,6
BRDA:71,7,0,14
BRDA:84,8,0,4
BRDA:85,9,0,4
BRDA:86,10,0,2
BRDA:92,11,0,1
BRDA:93,12,0,1
BRDA:96,13,0,4
BRDA:97,14,0,4
BRDA:99,15,0,2
BRDA:101,16,0,0
BRDA:104,17,0,2
BRF:18
BRH:17
end_of_record
TN:
SF:debounce.ts
FN:6,debounce
FNF:1
FNH:1
FNDA:1,debounce
DA:6,1
DA:7,1
DA:8,1
DA:9,1
DA:10,1
DA:11,1
DA:12,4
DA:13,4
DA:14,4
DA:15,1
LF:10
LH:10
BRDA:6,0,0,1
BRDA:11,1,0,4
BRDA:13,2,0,2
BRF:3
BRH:3
end_of_record
TN:
SF:getBase64Image.js
FN:8,getImageBlob
FN:20,blobToBase64
FN:23,reader.onload
FN:57,getBase64Image
FNF:4
FNH:4
FNDA:39,getImageBlob
FNDA:37,blobToBase64
FNDA:36,reader.onload
FNDA:41,getBase64Image
DA:1,1
DA:2,1
DA:3,1
DA:4,1
DA:5,1
DA:6,1
DA:7,1
DA:8,1
DA:9,39
DA:10,38
DA:11,38
DA:13,1
DA:14,1
DA:15,1
DA:16,1
DA:17,1
DA:18,1
DA:19,1
DA:20,1
DA:21,37
DA:22,37
DA:23,37
DA:24,36
DA:25,36
DA:26,36
DA:27,37
DA:28,37
DA:29,37
DA:31,1
DA:32,1
DA:33,1
DA:34,1
DA:35,1
DA:36,1
DA:37,1
DA:38,1
DA:39,1
DA:40,1
DA:41,1
DA:42,1
DA:43,1
DA:44,1
DA:45,1
DA:46,1
DA:47,1
DA:48,1
DA:49,1
DA:50,1
DA:51,1
DA:52,1
DA:53,1
DA:54,1
DA:55,1
DA:56,1
DA:57,1
DA:58,41
DA:59,2
DA:60,2
DA:61,39
DA:62,39
DA:63,37
DA:64,36
DA:65,36
LF:63
LH:63
BRDA:8,0,0,39
BRDA:9,1,0,38
BRDA:20,2,0,37
BRDA:21,3,0,37
BRDA:23,4,0,36
BRDA:57,5,0,41
BRDA:58,6,0,40
BRDA:58,7,0,2
BRDA:60,8,0,39
BRDA:62,9,0,37
BRDA:63,10,0,36
BRF:11
BRH:11
end_of_record
TN:
SF:getImageRect.ts
FN:21,getImageRect
FNF:1
FNH:1
FNDA:193,getImageRect
DA:21,193
DA:22,193
DA:23,193
DA:24,193
DA:25,193
DA:27,193
DA:28,30
DA:29,193
DA:31,193
DA:33,193
DA:34,193
DA:35,193
LF:12
LH:12
BRDA:21,0,0,193
BRDA:24,1,0,193
BRDA:27,2,0,30
BRF:3
BRH:3
end_of_record
TN:
SF:isClient.ts
FNF:0
FNH:0
DA:4,1
DA:5,1
DA:6,6
DA:7,3
DA:10,1
LF:5
LH:5
BRDA:5,0,0,6
BRDA:6,1,0,3
BRF:2
BRH:2
end_of_record
TN:
SF:openInNewTab.ts
FN:18,openInNewTab
FNF:1
FNH:1
FNDA:143,openInNewTab
DA:18,1
DA:19,143
DA:20,143
DA:21,143
DA:22,143
DA:23,143
LF:6
LH:6
BRDA:18,0,0,143
BRF:1
BRH:1
end_of_record
TN:
SF:probability.js
FN:7,rand
FNF:1
FNH:1
FNDA:10000,rand
DA:1,1
DA:2,1
DA:3,1
DA:4,1
DA:5,1
DA:6,1
DA:7,10000
DA:8,10000
DA:9,10000
DA:11,1
DA:12,1
DA:13,10000
DA:14,10000
LF:13
LH:13
BRDA:12,0,0,10000
BRDA:7,1,0,10000
BRF:2
BRH:2
end_of_record
TN:
SF:setupTests.ts
FN:1,(empty-report)
FNF:1
FNH:0
FNDA:0,(empty-report)
DA:1,0
LF:1
LH:0
BRDA:1,0,0,0
BRF:1
BRH:0
end_of_record
TN:
SF:sleep.ts
FN:24,sleep
FNF:1
FNH:1
FNDA:43,sleep
DA:24,1
DA:25,43
DA:27,1
LF:3
LH:3
BRDA:24,0,0,43
BRDA:25,1,0,43
BRF:2
BRH:2
end_of_record
TN:
SF:suppressConsoleError.js
FN:21,console.error
FNF:1
FNH:1
FNDA:1149,console.error
DA:1,1
DA:2,1
DA:3,1
DA:4,1
DA:5,1
DA:6,1
DA:7,1
DA:8,1
DA:9,1
DA:10,1
DA:11,1
DA:12,1
DA:13,1
DA:14,1
DA:15,1
DA:16,1
DA:17,1
DA:18,1
DA:19,1
DA:21,1
DA:22,1149
DA:23,1149
DA:24,1149
DA:25,1149
DA:26,341
DA:27,341
DA:28,808
DA:29,808
DA:30,1149
DA:31,342
DA:32,342
DA:34,466
DA:35,466
LF:33
LH:33
BRDA:21,0,0,1149
BRDA:22,1,0,5
BRDA:25,2,0,341
BRDA:27,3,0,808
BRDA:30,4,0,343
BRDA:30,5,0,342
BRDA:32,6,0,466
BRF:7
BRH:7
end_of_record
TN:
SF:sizeof/byte_size.js
FNF:0
FNH:0
DA:1,1
DA:2,1
DA:3,1
DA:4,1
DA:5,1
DA:7,1
DA:8,1
DA:9,1
DA:10,1
DA:11,1
LF:10
LH:10
BRDA:1,0,0,1
BRF:1
BRH:1
end_of_record
TN:
SF:sizeof/index.js
FN:8,allProperties
FN:19,sizeOfObject
FN:51,getCalculator
FN:54,calculator
FN:92,sizeof
FNF:5
FNH:5
FNDA:23,allProperties
FNDA:27,sizeOfObject
FNDA:280,getCalculator
FNDA:289,calculator
FNDA:23,sizeof
DA:1,1
DA:2,1
DA:4,1
DA:6,1
DA:8,1
DA:10,23
DA:11,23
DA:12,23
DA:13,117
DA:14,23
DA:15,23
DA:16,23
DA:17,23
DA:18,23
DA:19,23
DA:20,27
DA:22,27
DA:23,27
DA:24,27
DA:25,23
DA:27,23
DA:28,23
DA:29,27
DA:30,129
DA:31,129
DA:32,129
DA:33,12
DA:34,2
DA:35,10
DA:36,129
DA:37,127
DA:39,127
DA:40,127
DA:41,129
DA:42,0
DA:43,0
DA:44,0
DA:45,0
DA:46,0
DA:47,27
DA:48,23
DA:49,23
DA:51,1
DA:52,280
DA:54,280
DA:55,289
DA:56,289
DA:57,289
DA:58,288
DA:60,288
DA:61,289
DA:62,126
DA:63,289
DA:64,1
DA:65,289
DA:66,114
DA:67,289
DA:68,14
DA:69,14
DA:70,14
DA:71,14
DA:72,289
DA:73,30
DA:74,30
DA:75,30
DA:76,3
DA:77,3
DA:78,30
DA:79,27
DA:80,289
DA:81,3
DA:82,289
DA:83,1
DA:84,1
DA:85,1
DA:86,1
DA:88,1
DA:89,1
DA:90,1
DA:91,1
DA:92,1
DA:93,23
DA:94,23
DA:95,1
DA:96,1
DA:98,1
LF:86
LH:81
BRDA:1,0,0,1
BRDA:8,1,0,23
BRDA:12,2,0,117
BRDA:19,3,0,27
BRDA:23,4,0,4
BRDA:24,5,0,23
BRDA:29,6,0,129
BRDA:32,7,0,14
BRDA:32,8,0,12
BRDA:33,9,0,2
BRDA:34,10,0,10
BRDA:36,11,0,127
BRDA:41,12,0,0
BRDA:47,13,0,23
BRDA:51,14,0,280
BRDA:54,15,0,289
BRDA:56,16,0,1
BRDA:57,17,0,288
BRDA:61,18,0,126
BRDA:63,19,0,1
BRDA:65,20,0,114
BRDA:67,21,0,14
BRDA:70,22,0,1
BRDA:71,23,0,13
BRDA:72,24,0,30
BRDA:75,25,0,3
BRDA:78,26,0,27
BRDA:80,27,0,3
BRDA:76,28,0,12
BRDA:92,29,0,23
BRF:30
BRH:29
end_of_record
