{"/Users/ryota.murakami/utils/packages/node/colorful-terminal-message.js": {"path":"/Users/ryota.murakami/utils/packages/node/colorful-terminal-message.js","all":false,"statementMap":{"0":{"start":{"line":1,"column":0},"end":{"line":1,"column":19}},"1":{"start":{"line":2,"column":0},"end":{"line":2,"column":12}},"3":{"start":{"line":4,"column":0},"end":{"line":4,"column":3}},"4":{"start":{"line":5,"column":0},"end":{"line":5,"column":44}},"5":{"start":{"line":6,"column":0},"end":{"line":6,"column":3}},"6":{"start":{"line":7,"column":0},"end":{"line":7,"column":71}},"7":{"start":{"line":8,"column":0},"end":{"line":8,"column":65}},"8":{"start":{"line":9,"column":0},"end":{"line":9,"column":64}},"9":{"start":{"line":10,"column":0},"end":{"line":10,"column":3}},"10":{"start":{"line":11,"column":0},"end":{"line":11,"column":12}},"11":{"start":{"line":12,"column":0},"end":{"line":12,"column":35}},"12":{"start":{"line":13,"column":0},"end":{"line":13,"column":31}},"13":{"start":{"line":14,"column":0},"end":{"line":14,"column":26}},"14":{"start":{"line":15,"column":0},"end":{"line":15,"column":56}},"15":{"start":{"line":16,"column":0},"end":{"line":16,"column":3}},"16":{"start":{"line":17,"column":0},"end":{"line":17,"column":11}},"17":{"start":{"line":18,"column":0},"end":{"line":18,"column":10}},"18":{"start":{"line":19,"column":0},"end":{"line":19,"column":51}},"19":{"start":{"line":20,"column":0},"end":{"line":20,"column":36}},"20":{"start":{"line":21,"column":0},"end":{"line":21,"column":6}},"21":{"start":{"line":22,"column":0},"end":{"line":22,"column":3}},"23":{"start":{"line":24,"column":0},"end":{"line":24,"column":94}},"25":{"start":{"line":26,"column":0},"end":{"line":26,"column":19}},"26":{"start":{"line":27,"column":0},"end":{"line":27,"column":18}},"27":{"start":{"line":28,"column":0},"end":{"line":28,"column":19}},"28":{"start":{"line":29,"column":0},"end":{"line":29,"column":19}},"29":{"start":{"line":30,"column":0},"end":{"line":30,"column":18}},"31":{"start":{"line":32,"column":0},"end":{"line":32,"column":16}},"32":{"start":{"line":33,"column":0},"end":{"line":33,"column":3}},"33":{"start":{"line":34,"column":0},"end":{"line":34,"column":7}},"34":{"start":{"line":35,"column":0},"end":{"line":35,"column":87}},"35":{"start":{"line":36,"column":0},"end":{"line":36,"column":7}},"36":{"start":{"line":37,"column":0},"end":{"line":37,"column":38}},"37":{"start":{"line":38,"column":0},"end":{"line":38,"column":39}},"38":{"start":{"line":39,"column":0},"end":{"line":39,"column":39}},"39":{"start":{"line":40,"column":0},"end":{"line":40,"column":39}},"40":{"start":{"line":41,"column":0},"end":{"line":41,"column":38}},"41":{"start":{"line":42,"column":0},"end":{"line":42,"column":4}},"43":{"start":{"line":44,"column":0},"end":{"line":44,"column":3}},"44":{"start":{"line":45,"column":0},"end":{"line":45,"column":7}},"45":{"start":{"line":46,"column":0},"end":{"line":46,"column":87}},"46":{"start":{"line":47,"column":0},"end":{"line":47,"column":7}},"47":{"start":{"line":48,"column":0},"end":{"line":48,"column":40}},"48":{"start":{"line":49,"column":0},"end":{"line":49,"column":41}},"49":{"start":{"line":50,"column":0},"end":{"line":50,"column":41}},"50":{"start":{"line":51,"column":0},"end":{"line":51,"column":41}},"51":{"start":{"line":52,"column":0},"end":{"line":52,"column":40}},"52":{"start":{"line":53,"column":0},"end":{"line":53,"column":4}},"54":{"start":{"line":55,"column":0},"end":{"line":55,"column":3}},"55":{"start":{"line":56,"column":0},"end":{"line":56,"column":7}},"56":{"start":{"line":57,"column":0},"end":{"line":57,"column":87}},"57":{"start":{"line":58,"column":0},"end":{"line":58,"column":7}},"58":{"start":{"line":59,"column":0},"end":{"line":59,"column":38}},"59":{"start":{"line":60,"column":0},"end":{"line":60,"column":40}},"60":{"start":{"line":61,"column":0},"end":{"line":61,"column":40}},"61":{"start":{"line":62,"column":0},"end":{"line":62,"column":40}},"62":{"start":{"line":63,"column":0},"end":{"line":63,"column":39}},"63":{"start":{"line":64,"column":0},"end":{"line":64,"column":4}},"65":{"start":{"line":66,"column":0},"end":{"line":66,"column":3}},"66":{"start":{"line":67,"column":0},"end":{"line":67,"column":7}},"67":{"start":{"line":68,"column":0},"end":{"line":68,"column":87}},"68":{"start":{"line":69,"column":0},"end":{"line":69,"column":7}},"69":{"start":{"line":70,"column":0},"end":{"line":70,"column":41}},"70":{"start":{"line":71,"column":0},"end":{"line":71,"column":41}},"71":{"start":{"line":72,"column":0},"end":{"line":72,"column":41}},"72":{"start":{"line":73,"column":0},"end":{"line":73,"column":41}},"73":{"start":{"line":74,"column":0},"end":{"line":74,"column":41}},"74":{"start":{"line":75,"column":0},"end":{"line":75,"column":4}},"75":{"start":{"line":76,"column":0},"end":{"line":76,"column":1}},"77":{"start":{"line":78,"column":0},"end":{"line":78,"column":24}},"78":{"start":{"line":79,"column":0},"end":{"line":79,"column":55}},"79":{"start":{"line":80,"column":0},"end":{"line":80,"column":13}},"80":{"start":{"line":81,"column":0},"end":{"line":81,"column":9}},"81":{"start":{"line":82,"column":0},"end":{"line":82,"column":105}},"82":{"start":{"line":83,"column":0},"end":{"line":83,"column":92}},"83":{"start":{"line":84,"column":0},"end":{"line":84,"column":9}},"84":{"start":{"line":85,"column":0},"end":{"line":85,"column":86}},"85":{"start":{"line":86,"column":0},"end":{"line":86,"column":73}},"86":{"start":{"line":87,"column":0},"end":{"line":87,"column":9}},"87":{"start":{"line":88,"column":0},"end":{"line":88,"column":43}},"88":{"start":{"line":89,"column":0},"end":{"line":89,"column":43}},"89":{"start":{"line":90,"column":0},"end":{"line":90,"column":9}},"90":{"start":{"line":91,"column":0},"end":{"line":91,"column":89}},"91":{"start":{"line":92,"column":0},"end":{"line":92,"column":9}},"92":{"start":{"line":93,"column":0},"end":{"line":93,"column":6}},"93":{"start":{"line":94,"column":0},"end":{"line":94,"column":30}},"94":{"start":{"line":95,"column":0},"end":{"line":95,"column":24}},"95":{"start":{"line":96,"column":0},"end":{"line":96,"column":6}},"96":{"start":{"line":97,"column":0},"end":{"line":97,"column":7}},"98":{"start":{"line":99,"column":0},"end":{"line":99,"column":24}},"99":{"start":{"line":100,"column":0},"end":{"line":100,"column":22}},"100":{"start":{"line":101,"column":0},"end":{"line":101,"column":8}}},"s":{"0":1,"1":1,"3":1,"4":1,"5":1,"6":1,"7":1,"8":1,"9":1,"10":1,"11":1,"12":1,"13":1,"14":1,"15":1,"16":1,"17":1,"18":1,"19":1,"20":1,"21":1,"23":1,"25":1,"26":1,"27":1,"28":1,"29":1,"31":1,"32":1,"33":1,"34":1,"35":1,"36":1,"37":1,"38":1,"39":1,"40":1,"41":1,"43":1,"44":1,"45":1,"46":1,"47":1,"48":1,"49":1,"50":1,"51":1,"52":1,"54":1,"55":1,"56":1,"57":1,"58":1,"59":1,"60":1,"61":1,"62":1,"63":1,"65":1,"66":1,"67":1,"68":1,"69":1,"70":1,"71":1,"72":1,"73":1,"74":1,"75":1,"77":1,"78":19,"79":19,"80":19,"81":19,"82":19,"83":19,"84":19,"85":19,"86":19,"87":19,"88":19,"89":19,"90":19,"91":19,"92":19,"93":19,"94":380,"95":19,"96":1,"98":1,"99":1,"100":1},"branchMap":{"0":{"type":"branch","line":78,"loc":{"start":{"line":78,"column":11},"end":{"line":97,"column":2}},"locations":[{"start":{"line":78,"column":11},"end":{"line":97,"column":2}}]},"1":{"type":"branch","line":94,"loc":{"start":{"line":94,"column":13},"end":{"line":96,"column":5}},"locations":[{"start":{"line":94,"column":13},"end":{"line":96,"column":5}}]},"2":{"type":"branch","line":99,"loc":{"start":{"line":99,"column":11},"end":{"line":101,"column":2}},"locations":[{"start":{"line":99,"column":11},"end":{"line":101,"column":2}}]}},"b":{"0":[19],"1":[380],"2":[1]},"fnMap":{},"f":{}}
,"/Users/ryota.murakami/utils/packages/node/eqeqeq.codemod.js": {"path":"/Users/ryota.murakami/utils/packages/node/eqeqeq.codemod.js","all":false,"statementMap":{"0":{"start":{"line":1,"column":0},"end":{"line":1,"column":48}},"1":{"start":{"line":2,"column":0},"end":{"line":2,"column":27}},"2":{"start":{"line":3,"column":0},"end":{"line":3,"column":35}},"4":{"start":{"line":5,"column":0},"end":{"line":5,"column":23}},"5":{"start":{"line":6,"column":0},"end":{"line":6,"column":49}},"6":{"start":{"line":7,"column":0},"end":{"line":7,"column":25}},"7":{"start":{"line":8,"column":0},"end":{"line":8,"column":37}},"9":{"start":{"line":10,"column":0},"end":{"line":10,"column":45}},"10":{"start":{"line":11,"column":0},"end":{"line":11,"column":6}},"11":{"start":{"line":12,"column":0},"end":{"line":12,"column":15}},"12":{"start":{"line":13,"column":0},"end":{"line":13,"column":1}}},"s":{"0":1,"1":16,"2":16,"4":16,"5":16,"6":16,"7":0,"9":0,"10":16,"11":16,"12":16},"branchMap":{"0":{"type":"branch","line":1,"loc":{"start":{"line":1,"column":15},"end":{"line":13,"column":1}},"locations":[{"start":{"line":1,"column":15},"end":{"line":13,"column":1}}]}},"b":{"0":[16]},"fnMap":{"0":{"name":"transformer","decl":{"start":{"line":1,"column":15},"end":{"line":13,"column":1}},"loc":{"start":{"line":1,"column":15},"end":{"line":13,"column":1}},"line":1}},"f":{"0":16}}
,"/Users/ryota.murakami/utils/packages/node/exec.js": {"path":"/Users/ryota.murakami/utils/packages/node/exec.js","all":false,"statementMap":{"0":{"start":{"line":1,"column":0},"end":{"line":1,"column":42}},"2":{"start":{"line":3,"column":0},"end":{"line":3,"column":3}},"3":{"start":{"line":4,"column":0},"end":{"line":4,"column":37}},"4":{"start":{"line":5,"column":0},"end":{"line":5,"column":2}},"5":{"start":{"line":6,"column":0},"end":{"line":6,"column":56}},"6":{"start":{"line":7,"column":0},"end":{"line":7,"column":74}},"7":{"start":{"line":8,"column":0},"end":{"line":8,"column":112}},"8":{"start":{"line":9,"column":0},"end":{"line":9,"column":3}},"9":{"start":{"line":10,"column":0},"end":{"line":10,"column":46}},"10":{"start":{"line":11,"column":0},"end":{"line":11,"column":77}},"11":{"start":{"line":12,"column":0},"end":{"line":12,"column":35}},"12":{"start":{"line":13,"column":0},"end":{"line":13,"column":32}},"13":{"start":{"line":14,"column":0},"end":{"line":14,"column":23}},"14":{"start":{"line":15,"column":0},"end":{"line":15,"column":13}},"15":{"start":{"line":16,"column":0},"end":{"line":16,"column":14}},"16":{"start":{"line":17,"column":0},"end":{"line":17,"column":13}},"17":{"start":{"line":18,"column":0},"end":{"line":18,"column":7}},"18":{"start":{"line":19,"column":0},"end":{"line":19,"column":6}},"19":{"start":{"line":20,"column":0},"end":{"line":20,"column":4}},"20":{"start":{"line":21,"column":0},"end":{"line":21,"column":1}}},"s":{"0":1,"2":1,"3":1,"4":1,"5":1,"6":1,"7":1,"8":1,"9":1,"10":33,"11":33,"12":32,"13":32,"14":26,"15":32,"16":6,"17":6,"18":32,"19":33,"20":26},"branchMap":{"0":{"type":"branch","line":10,"loc":{"start":{"line":10,"column":7},"end":{"line":21,"column":1}},"locations":[{"start":{"line":10,"column":7},"end":{"line":21,"column":1}}]},"1":{"type":"branch","line":20,"loc":{"start":{"line":20,"column":3},"end":{"line":21,"column":1}},"locations":[{"start":{"line":20,"column":3},"end":{"line":21,"column":1}}]},"2":{"type":"branch","line":12,"loc":{"start":{"line":12,"column":20},"end":{"line":20,"column":3}},"locations":[{"start":{"line":12,"column":20},"end":{"line":20,"column":3}}]},"3":{"type":"branch","line":13,"loc":{"start":{"line":13,"column":21},"end":{"line":19,"column":5}},"locations":[{"start":{"line":13,"column":21},"end":{"line":19,"column":5}}]},"4":{"type":"branch","line":14,"loc":{"start":{"line":14,"column":22},"end":{"line":16,"column":7}},"locations":[{"start":{"line":14,"column":22},"end":{"line":16,"column":7}}]},"5":{"type":"branch","line":16,"loc":{"start":{"line":16,"column":7},"end":{"line":18,"column":7}},"locations":[{"start":{"line":16,"column":7},"end":{"line":18,"column":7}}]}},"b":{"0":[33],"1":[26],"2":[32],"3":[32],"4":[26],"5":[6]},"fnMap":{"0":{"name":"exec","decl":{"start":{"line":10,"column":7},"end":{"line":21,"column":1}},"loc":{"start":{"line":10,"column":7},"end":{"line":21,"column":1}},"line":10}},"f":{"0":33}}
,"/Users/ryota.murakami/utils/packages/node/git.js": {"path":"/Users/ryota.murakami/utils/packages/node/git.js","all":false,"statementMap":{"0":{"start":{"line":1,"column":0},"end":{"line":1,"column":36}},"2":{"start":{"line":3,"column":0},"end":{"line":3,"column":3}},"3":{"start":{"line":4,"column":0},"end":{"line":4,"column":64}},"4":{"start":{"line":5,"column":0},"end":{"line":5,"column":84}},"5":{"start":{"line":6,"column":0},"end":{"line":6,"column":3}},"6":{"start":{"line":7,"column":0},"end":{"line":7,"column":81}},"7":{"start":{"line":8,"column":0},"end":{"line":8,"column":93}},"8":{"start":{"line":9,"column":0},"end":{"line":9,"column":3}},"9":{"start":{"line":10,"column":0},"end":{"line":10,"column":11}},"10":{"start":{"line":11,"column":0},"end":{"line":11,"column":16}},"11":{"start":{"line":12,"column":0},"end":{"line":12,"column":24}},"12":{"start":{"line":13,"column":0},"end":{"line":13,"column":52}},"13":{"start":{"line":14,"column":0},"end":{"line":14,"column":3}},"14":{"start":{"line":15,"column":0},"end":{"line":15,"column":21}},"15":{"start":{"line":16,"column":0},"end":{"line":16,"column":43}},"16":{"start":{"line":17,"column":0},"end":{"line":17,"column":3}},"17":{"start":{"line":18,"column":0},"end":{"line":18,"column":16}},"18":{"start":{"line":19,"column":0},"end":{"line":19,"column":49}},"19":{"start":{"line":20,"column":0},"end":{"line":20,"column":3}},"20":{"start":{"line":21,"column":0},"end":{"line":21,"column":19}},"21":{"start":{"line":22,"column":0},"end":{"line":22,"column":8}},"22":{"start":{"line":23,"column":0},"end":{"line":23,"column":50}},"23":{"start":{"line":24,"column":0},"end":{"line":24,"column":24}},"24":{"start":{"line":25,"column":0},"end":{"line":25,"column":20}},"25":{"start":{"line":26,"column":0},"end":{"line":26,"column":56}},"26":{"start":{"line":27,"column":0},"end":{"line":27,"column":4}},"27":{"start":{"line":28,"column":0},"end":{"line":28,"column":6}},"28":{"start":{"line":29,"column":0},"end":{"line":29,"column":3}},"29":{"start":{"line":30,"column":0},"end":{"line":30,"column":33}},"30":{"start":{"line":31,"column":0},"end":{"line":31,"column":43}},"31":{"start":{"line":32,"column":0},"end":{"line":32,"column":42}},"32":{"start":{"line":33,"column":0},"end":{"line":33,"column":16}},"33":{"start":{"line":34,"column":0},"end":{"line":34,"column":19}},"34":{"start":{"line":35,"column":0},"end":{"line":35,"column":14}},"35":{"start":{"line":36,"column":0},"end":{"line":36,"column":30}},"36":{"start":{"line":37,"column":0},"end":{"line":37,"column":7}},"37":{"start":{"line":38,"column":0},"end":{"line":38,"column":6}},"38":{"start":{"line":39,"column":0},"end":{"line":39,"column":4}},"39":{"start":{"line":40,"column":0},"end":{"line":40,"column":1}}},"s":{"0":1,"2":1,"3":1,"4":1,"5":1,"6":1,"7":1,"8":1,"9":1,"10":1,"11":1,"12":1,"13":1,"14":1,"15":1,"16":1,"17":1,"18":1,"19":1,"20":1,"21":1,"22":1,"23":1,"24":1,"25":1,"26":1,"27":1,"28":1,"29":1,"30":53,"31":53,"32":53,"33":7,"34":53,"35":46,"36":46,"37":53,"38":53,"39":53},"branchMap":{"0":{"type":"branch","line":30,"loc":{"start":{"line":30,"column":7},"end":{"line":40,"column":1}},"locations":[{"start":{"line":30,"column":7},"end":{"line":40,"column":1}}]},"1":{"type":"branch","line":31,"loc":{"start":{"line":31,"column":21},"end":{"line":39,"column":3}},"locations":[{"start":{"line":31,"column":21},"end":{"line":39,"column":3}}]},"2":{"type":"branch","line":32,"loc":{"start":{"line":32,"column":24},"end":{"line":38,"column":5}},"locations":[{"start":{"line":32,"column":24},"end":{"line":38,"column":5}}]},"3":{"type":"branch","line":33,"loc":{"start":{"line":33,"column":15},"end":{"line":35,"column":7}},"locations":[{"start":{"line":33,"column":15},"end":{"line":35,"column":7}}]},"4":{"type":"branch","line":35,"loc":{"start":{"line":35,"column":7},"end":{"line":37,"column":7}},"locations":[{"start":{"line":35,"column":7},"end":{"line":37,"column":7}}]}},"b":{"0":[53],"1":[53],"2":[53],"3":[7],"4":[46]},"fnMap":{"0":{"name":"git","decl":{"start":{"line":30,"column":7},"end":{"line":40,"column":1}},"loc":{"start":{"line":30,"column":7},"end":{"line":40,"column":1}},"line":30}},"f":{"0":53}}
,"/Users/ryota.murakami/utils/packages/node/readFileAsJson.ts": {"path":"/Users/ryota.murakami/utils/packages/node/readFileAsJson.ts","all":false,"statementMap":{"0":{"start":{"line":1,"column":0},"end":{"line":1,"column":38}},"27":{"start":{"line":28,"column":0},"end":{"line":28,"column":56}},"28":{"start":{"line":29,"column":0},"end":{"line":29,"column":7}},"29":{"start":{"line":30,"column":0},"end":{"line":30,"column":74}},"30":{"start":{"line":31,"column":0},"end":{"line":31,"column":19}},"31":{"start":{"line":32,"column":0},"end":{"line":32,"column":20}},"32":{"start":{"line":33,"column":0},"end":{"line":33,"column":103}},"33":{"start":{"line":34,"column":0},"end":{"line":34,"column":23}},"34":{"start":{"line":35,"column":0},"end":{"line":35,"column":5}},"35":{"start":{"line":36,"column":0},"end":{"line":36,"column":3}},"36":{"start":{"line":37,"column":0},"end":{"line":37,"column":1}}},"s":{"0":1,"27":2,"28":2,"29":2,"30":1,"31":1,"32":1,"33":1,"34":1,"35":1,"36":2},"branchMap":{"0":{"type":"branch","line":28,"loc":{"start":{"line":28,"column":0},"end":{"line":37,"column":1}},"locations":[{"start":{"line":28,"column":0},"end":{"line":37,"column":1}}]},"1":{"type":"branch","line":30,"loc":{"start":{"line":30,"column":49},"end":{"line":36,"column":3}},"locations":[{"start":{"line":30,"column":49},"end":{"line":36,"column":3}}]}},"b":{"0":[2],"1":[1]},"fnMap":{"0":{"name":"readFileAsJson","decl":{"start":{"line":28,"column":0},"end":{"line":37,"column":1}},"loc":{"start":{"line":28,"column":0},"end":{"line":37,"column":1}},"line":28}},"f":{"0":2}}
,"/Users/ryota.murakami/utils/packages/node/simpleServer.js": {"path":"/Users/ryota.murakami/utils/packages/node/simpleServer.js","all":false,"statementMap":{"0":{"start":{"line":1,"column":0},"end":{"line":1,"column":3}},"1":{"start":{"line":2,"column":0},"end":{"line":2,"column":71}},"2":{"start":{"line":3,"column":0},"end":{"line":3,"column":60}},"3":{"start":{"line":4,"column":0},"end":{"line":4,"column":3}},"4":{"start":{"line":5,"column":0},"end":{"line":5,"column":24}},"5":{"start":{"line":6,"column":0},"end":{"line":6,"column":32}},"6":{"start":{"line":7,"column":0},"end":{"line":7,"column":15}},"7":{"start":{"line":8,"column":0},"end":{"line":8,"column":39}},"8":{"start":{"line":9,"column":0},"end":{"line":9,"column":3}},"9":{"start":{"line":10,"column":0},"end":{"line":10,"column":11}},"10":{"start":{"line":11,"column":0},"end":{"line":11,"column":10}},"11":{"start":{"line":12,"column":0},"end":{"line":12,"column":19}},"12":{"start":{"line":13,"column":0},"end":{"line":13,"column":23}},"13":{"start":{"line":14,"column":0},"end":{"line":14,"column":3}},"14":{"start":{"line":15,"column":0},"end":{"line":15,"column":33}},"15":{"start":{"line":16,"column":0},"end":{"line":16,"column":29}},"16":{"start":{"line":17,"column":0},"end":{"line":17,"column":26}},"17":{"start":{"line":18,"column":0},"end":{"line":18,"column":6}},"18":{"start":{"line":19,"column":0},"end":{"line":19,"column":3}},"19":{"start":{"line":20,"column":0},"end":{"line":20,"column":23}},"21":{"start":{"line":22,"column":0},"end":{"line":22,"column":28}},"22":{"start":{"line":23,"column":0},"end":{"line":23,"column":17}},"24":{"start":{"line":25,"column":0},"end":{"line":25,"column":48}},"25":{"start":{"line":26,"column":0},"end":{"line":26,"column":22}},"26":{"start":{"line":27,"column":0},"end":{"line":27,"column":45}},"27":{"start":{"line":28,"column":0},"end":{"line":28,"column":24}},"28":{"start":{"line":29,"column":0},"end":{"line":29,"column":2}},"30":{"start":{"line":31,"column":0},"end":{"line":31,"column":37}},"31":{"start":{"line":32,"column":0},"end":{"line":32,"column":62}},"32":{"start":{"line":33,"column":0},"end":{"line":33,"column":2}}},"s":{"0":1,"1":1,"2":1,"3":1,"4":1,"5":1,"6":1,"7":1,"8":1,"9":1,"10":1,"11":1,"12":1,"13":1,"14":1,"15":1,"16":1,"17":1,"18":1,"19":1,"21":1,"22":1,"24":1,"25":19,"26":19,"27":19,"28":19,"30":1,"31":10,"32":10},"branchMap":{"0":{"type":"branch","line":25,"loc":{"start":{"line":25,"column":33},"end":{"line":29,"column":2}},"locations":[{"start":{"line":25,"column":33},"end":{"line":29,"column":2}}]},"1":{"type":"branch","line":31,"loc":{"start":{"line":31,"column":30},"end":{"line":33,"column":2}},"locations":[{"start":{"line":31,"column":30},"end":{"line":33,"column":2}}]}},"b":{"0":[19],"1":[10]},"fnMap":{},"f":{}}
,"/Users/ryota.murakami/utils/packages/node/writeJson.js": {"path":"/Users/ryota.murakami/utils/packages/node/writeJson.js","all":false,"statementMap":{"0":{"start":{"line":1,"column":0},"end":{"line":1,"column":19}},"1":{"start":{"line":2,"column":0},"end":{"line":2,"column":19}},"3":{"start":{"line":4,"column":0},"end":{"line":4,"column":3}},"4":{"start":{"line":5,"column":0},"end":{"line":5,"column":67}},"5":{"start":{"line":6,"column":0},"end":{"line":6,"column":3}},"6":{"start":{"line":7,"column":0},"end":{"line":7,"column":12}},"7":{"start":{"line":8,"column":0},"end":{"line":8,"column":36}},"8":{"start":{"line":9,"column":0},"end":{"line":9,"column":46}},"9":{"start":{"line":10,"column":0},"end":{"line":10,"column":43}},"10":{"start":{"line":11,"column":0},"end":{"line":11,"column":65}},"11":{"start":{"line":12,"column":0},"end":{"line":12,"column":55}},"12":{"start":{"line":13,"column":0},"end":{"line":13,"column":3}},"13":{"start":{"line":14,"column":0},"end":{"line":14,"column":72}},"14":{"start":{"line":15,"column":0},"end":{"line":15,"column":64}},"15":{"start":{"line":16,"column":0},"end":{"line":16,"column":3}},"16":{"start":{"line":17,"column":0},"end":{"line":17,"column":11}},"17":{"start":{"line":18,"column":0},"end":{"line":18,"column":16}},"18":{"start":{"line":19,"column":0},"end":{"line":19,"column":26}},"19":{"start":{"line":20,"column":0},"end":{"line":20,"column":53}},"20":{"start":{"line":21,"column":0},"end":{"line":21,"column":53}},"21":{"start":{"line":22,"column":0},"end":{"line":22,"column":3}},"22":{"start":{"line":23,"column":0},"end":{"line":23,"column":25}},"23":{"start":{"line":24,"column":0},"end":{"line":24,"column":44}},"24":{"start":{"line":25,"column":0},"end":{"line":25,"column":74}},"25":{"start":{"line":26,"column":0},"end":{"line":26,"column":3}},"26":{"start":{"line":27,"column":0},"end":{"line":27,"column":49}},"27":{"start":{"line":28,"column":0},"end":{"line":28,"column":55}},"28":{"start":{"line":29,"column":0},"end":{"line":29,"column":47}},"29":{"start":{"line":30,"column":0},"end":{"line":30,"column":6}},"30":{"start":{"line":31,"column":0},"end":{"line":31,"column":3}},"31":{"start":{"line":32,"column":0},"end":{"line":32,"column":45}},"32":{"start":{"line":33,"column":0},"end":{"line":33,"column":57}},"33":{"start":{"line":34,"column":0},"end":{"line":34,"column":53}},"35":{"start":{"line":36,"column":0},"end":{"line":36,"column":30}},"36":{"start":{"line":37,"column":0},"end":{"line":37,"column":38}},"37":{"start":{"line":38,"column":0},"end":{"line":38,"column":21}},"38":{"start":{"line":39,"column":0},"end":{"line":39,"column":25}},"39":{"start":{"line":40,"column":0},"end":{"line":40,"column":67}},"40":{"start":{"line":41,"column":0},"end":{"line":41,"column":5}},"41":{"start":{"line":42,"column":0},"end":{"line":42,"column":10}},"42":{"start":{"line":43,"column":0},"end":{"line":43,"column":3}},"44":{"start":{"line":45,"column":0},"end":{"line":45,"column":52}},"45":{"start":{"line":46,"column":0},"end":{"line":46,"column":52}},"46":{"start":{"line":47,"column":0},"end":{"line":47,"column":73}},"47":{"start":{"line":48,"column":0},"end":{"line":48,"column":19}},"48":{"start":{"line":49,"column":0},"end":{"line":49,"column":23}},"49":{"start":{"line":50,"column":0},"end":{"line":50,"column":48}},"50":{"start":{"line":51,"column":0},"end":{"line":51,"column":3}},"51":{"start":{"line":52,"column":0},"end":{"line":52,"column":1}}},"s":{"0":1,"1":1,"3":1,"4":1,"5":1,"6":1,"7":1,"8":1,"9":1,"10":1,"11":1,"12":1,"13":1,"14":1,"15":1,"16":1,"17":1,"18":1,"19":1,"20":1,"21":1,"22":1,"23":1,"24":1,"25":1,"26":1,"27":1,"28":1,"29":1,"30":1,"31":1,"32":24,"33":24,"35":24,"36":7,"37":7,"38":7,"39":7,"40":7,"41":7,"42":7,"44":17,"45":17,"46":24,"47":24,"48":24,"49":24,"50":24,"51":24},"branchMap":{"0":{"type":"branch","line":32,"loc":{"start":{"line":32,"column":7},"end":{"line":52,"column":1}},"locations":[{"start":{"line":32,"column":7},"end":{"line":52,"column":1}}]},"1":{"type":"branch","line":36,"loc":{"start":{"line":36,"column":29},"end":{"line":43,"column":3}},"locations":[{"start":{"line":36,"column":29},"end":{"line":43,"column":3}}]},"2":{"type":"branch","line":43,"loc":{"start":{"line":43,"column":2},"end":{"line":47,"column":47}},"locations":[{"start":{"line":43,"column":2},"end":{"line":47,"column":47}}]},"3":{"type":"branch","line":47,"loc":{"start":{"line":47,"column":47},"end":{"line":47,"column":59}},"locations":[{"start":{"line":47,"column":47},"end":{"line":47,"column":59}}]},"4":{"type":"branch","line":47,"loc":{"start":{"line":47,"column":60},"end":{"line":47,"column":73}},"locations":[{"start":{"line":47,"column":60},"end":{"line":47,"column":73}}]}},"b":{"0":[24],"1":[7],"2":[17],"3":[15],"4":[1]},"fnMap":{"0":{"name":"writeJson","decl":{"start":{"line":32,"column":7},"end":{"line":52,"column":1}},"loc":{"start":{"line":32,"column":7},"end":{"line":52,"column":1}},"line":32}},"f":{"0":24}}
,"/Users/ryota.murakami/utils/packages/node/cli/run_e2e_tests.js": {"path":"/Users/ryota.murakami/utils/packages/node/cli/run_e2e_tests.js","all":false,"statementMap":{"0":{"start":{"line":1,"column":0},"end":{"line":1,"column":19}},"1":{"start":{"line":2,"column":0},"end":{"line":2,"column":100}},"2":{"start":{"line":3,"column":0},"end":{"line":3,"column":12}},"4":{"start":{"line":5,"column":0},"end":{"line":5,"column":37}},"5":{"start":{"line":6,"column":0},"end":{"line":6,"column":33}},"6":{"start":{"line":7,"column":0},"end":{"line":7,"column":27}},"7":{"start":{"line":8,"column":0},"end":{"line":8,"column":30}},"8":{"start":{"line":9,"column":0},"end":{"line":9,"column":35}},"10":{"start":{"line":11,"column":0},"end":{"line":11,"column":49}},"11":{"start":{"line":12,"column":0},"end":{"line":12,"column":37}},"13":{"start":{"line":14,"column":0},"end":{"line":14,"column":33}},"15":{"start":{"line":16,"column":0},"end":{"line":16,"column":30}},"17":{"start":{"line":18,"column":0},"end":{"line":18,"column":23}},"18":{"start":{"line":19,"column":0},"end":{"line":19,"column":24}},"19":{"start":{"line":20,"column":0},"end":{"line":20,"column":22}},"21":{"start":{"line":22,"column":0},"end":{"line":22,"column":27}},"22":{"start":{"line":23,"column":0},"end":{"line":23,"column":22}},"23":{"start":{"line":24,"column":0},"end":{"line":24,"column":16}},"24":{"start":{"line":25,"column":0},"end":{"line":25,"column":23}},"25":{"start":{"line":26,"column":0},"end":{"line":26,"column":31}},"26":{"start":{"line":27,"column":0},"end":{"line":27,"column":6}},"27":{"start":{"line":28,"column":0},"end":{"line":28,"column":31}},"28":{"start":{"line":29,"column":0},"end":{"line":29,"column":15}},"29":{"start":{"line":30,"column":0},"end":{"line":30,"column":1}},"31":{"start":{"line":32,"column":0},"end":{"line":32,"column":30}},"32":{"start":{"line":33,"column":0},"end":{"line":33,"column":42}},"33":{"start":{"line":34,"column":0},"end":{"line":34,"column":1}},"35":{"start":{"line":36,"column":0},"end":{"line":36,"column":27}},"36":{"start":{"line":37,"column":0},"end":{"line":37,"column":39}},"37":{"start":{"line":38,"column":0},"end":{"line":38,"column":25}},"38":{"start":{"line":39,"column":0},"end":{"line":39,"column":45}},"39":{"start":{"line":40,"column":0},"end":{"line":40,"column":3}},"40":{"start":{"line":41,"column":0},"end":{"line":41,"column":1}},"42":{"start":{"line":43,"column":0},"end":{"line":43,"column":29}},"43":{"start":{"line":44,"column":0},"end":{"line":44,"column":39}},"44":{"start":{"line":45,"column":0},"end":{"line":45,"column":25}},"45":{"start":{"line":46,"column":0},"end":{"line":46,"column":48}},"46":{"start":{"line":47,"column":0},"end":{"line":47,"column":3}},"47":{"start":{"line":48,"column":0},"end":{"line":48,"column":1}},"49":{"start":{"line":50,"column":0},"end":{"line":50,"column":18}},"50":{"start":{"line":51,"column":0},"end":{"line":51,"column":38}},"51":{"start":{"line":52,"column":0},"end":{"line":52,"column":31}},"53":{"start":{"line":54,"column":0},"end":{"line":54,"column":19}},"54":{"start":{"line":55,"column":0},"end":{"line":55,"column":22}},"56":{"start":{"line":57,"column":0},"end":{"line":57,"column":31}},"58":{"start":{"line":59,"column":0},"end":{"line":59,"column":61}},"59":{"start":{"line":60,"column":0},"end":{"line":60,"column":44}},"60":{"start":{"line":61,"column":0},"end":{"line":61,"column":16}},"61":{"start":{"line":62,"column":0},"end":{"line":62,"column":4}},"62":{"start":{"line":63,"column":0},"end":{"line":63,"column":44}},"63":{"start":{"line":64,"column":0},"end":{"line":64,"column":40}},"64":{"start":{"line":65,"column":0},"end":{"line":65,"column":41}},"65":{"start":{"line":66,"column":0},"end":{"line":66,"column":18}},"66":{"start":{"line":67,"column":0},"end":{"line":67,"column":29}},"67":{"start":{"line":68,"column":0},"end":{"line":68,"column":40}},"69":{"start":{"line":70,"column":0},"end":{"line":70,"column":66}},"70":{"start":{"line":71,"column":0},"end":{"line":71,"column":76}},"71":{"start":{"line":72,"column":0},"end":{"line":72,"column":25}},"72":{"start":{"line":73,"column":0},"end":{"line":73,"column":5}},"73":{"start":{"line":74,"column":0},"end":{"line":74,"column":4}},"74":{"start":{"line":75,"column":0},"end":{"line":75,"column":34}},"75":{"start":{"line":76,"column":0},"end":{"line":76,"column":30}},"77":{"start":{"line":78,"column":0},"end":{"line":78,"column":27}},"79":{"start":{"line":80,"column":0},"end":{"line":80,"column":15}},"80":{"start":{"line":81,"column":0},"end":{"line":81,"column":4}},"81":{"start":{"line":82,"column":0},"end":{"line":82,"column":1}},"83":{"start":{"line":84,"column":0},"end":{"line":84,"column":22}},"84":{"start":{"line":85,"column":0},"end":{"line":85,"column":38}},"85":{"start":{"line":86,"column":0},"end":{"line":86,"column":38}},"87":{"start":{"line":88,"column":0},"end":{"line":88,"column":19}},"88":{"start":{"line":89,"column":0},"end":{"line":89,"column":22}},"90":{"start":{"line":91,"column":0},"end":{"line":91,"column":30}},"92":{"start":{"line":93,"column":0},"end":{"line":93,"column":26}},"94":{"start":{"line":95,"column":0},"end":{"line":95,"column":19}},"95":{"start":{"line":96,"column":0},"end":{"line":96,"column":7}},"96":{"start":{"line":97,"column":0},"end":{"line":97,"column":78}},"97":{"start":{"line":98,"column":0},"end":{"line":98,"column":49}},"98":{"start":{"line":99,"column":0},"end":{"line":99,"column":37}},"99":{"start":{"line":100,"column":0},"end":{"line":100,"column":56}},"100":{"start":{"line":101,"column":0},"end":{"line":101,"column":59}},"101":{"start":{"line":102,"column":0},"end":{"line":102,"column":18}},"102":{"start":{"line":103,"column":0},"end":{"line":103,"column":60}},"103":{"start":{"line":104,"column":0},"end":{"line":104,"column":9}},"104":{"start":{"line":105,"column":0},"end":{"line":105,"column":7}},"105":{"start":{"line":106,"column":0},"end":{"line":106,"column":6}},"106":{"start":{"line":107,"column":0},"end":{"line":107,"column":19}},"107":{"start":{"line":108,"column":0},"end":{"line":108,"column":53}},"108":{"start":{"line":109,"column":0},"end":{"line":109,"column":65}},"109":{"start":{"line":110,"column":0},"end":{"line":110,"column":3}},"111":{"start":{"line":112,"column":0},"end":{"line":112,"column":44}},"112":{"start":{"line":113,"column":0},"end":{"line":113,"column":19}},"113":{"start":{"line":114,"column":0},"end":{"line":114,"column":41}},"114":{"start":{"line":115,"column":0},"end":{"line":115,"column":4}},"115":{"start":{"line":116,"column":0},"end":{"line":116,"column":45}},"116":{"start":{"line":117,"column":0},"end":{"line":117,"column":40}},"118":{"start":{"line":119,"column":0},"end":{"line":119,"column":24}},"119":{"start":{"line":120,"column":0},"end":{"line":120,"column":25}},"120":{"start":{"line":121,"column":0},"end":{"line":121,"column":5}},"122":{"start":{"line":123,"column":0},"end":{"line":123,"column":49}},"123":{"start":{"line":124,"column":0},"end":{"line":124,"column":41}},"125":{"start":{"line":126,"column":0},"end":{"line":126,"column":25}},"127":{"start":{"line":128,"column":0},"end":{"line":128,"column":29}},"129":{"start":{"line":130,"column":0},"end":{"line":130,"column":24}},"130":{"start":{"line":131,"column":0},"end":{"line":131,"column":5}},"131":{"start":{"line":132,"column":0},"end":{"line":132,"column":4}},"132":{"start":{"line":133,"column":0},"end":{"line":133,"column":45}},"133":{"start":{"line":134,"column":0},"end":{"line":134,"column":40}},"134":{"start":{"line":135,"column":0},"end":{"line":135,"column":45}},"135":{"start":{"line":136,"column":0},"end":{"line":136,"column":43}},"136":{"start":{"line":137,"column":0},"end":{"line":137,"column":97}},"138":{"start":{"line":139,"column":0},"end":{"line":139,"column":52}},"139":{"start":{"line":140,"column":0},"end":{"line":140,"column":45}},"141":{"start":{"line":142,"column":0},"end":{"line":142,"column":21}},"142":{"start":{"line":143,"column":0},"end":{"line":143,"column":47}},"143":{"start":{"line":144,"column":0},"end":{"line":144,"column":33}},"145":{"start":{"line":146,"column":0},"end":{"line":146,"column":21}},"146":{"start":{"line":147,"column":0},"end":{"line":147,"column":12}},"147":{"start":{"line":148,"column":0},"end":{"line":148,"column":62}},"148":{"start":{"line":149,"column":0},"end":{"line":149,"column":18}},"149":{"start":{"line":150,"column":0},"end":{"line":150,"column":5}},"150":{"start":{"line":151,"column":0},"end":{"line":151,"column":4}},"151":{"start":{"line":152,"column":0},"end":{"line":152,"column":1}},"153":{"start":{"line":154,"column":0},"end":{"line":154,"column":35}},"154":{"start":{"line":155,"column":0},"end":{"line":155,"column":32}},"156":{"start":{"line":157,"column":0},"end":{"line":157,"column":63}},"157":{"start":{"line":158,"column":0},"end":{"line":158,"column":43}},"158":{"start":{"line":159,"column":0},"end":{"line":159,"column":76}},"159":{"start":{"line":160,"column":0},"end":{"line":160,"column":34}},"160":{"start":{"line":161,"column":0},"end":{"line":161,"column":27}},"161":{"start":{"line":162,"column":0},"end":{"line":162,"column":28}},"162":{"start":{"line":163,"column":0},"end":{"line":163,"column":5}},"163":{"start":{"line":164,"column":0},"end":{"line":164,"column":4}},"164":{"start":{"line":165,"column":0},"end":{"line":165,"column":43}},"165":{"start":{"line":166,"column":0},"end":{"line":166,"column":76}},"166":{"start":{"line":167,"column":0},"end":{"line":167,"column":34}},"167":{"start":{"line":168,"column":0},"end":{"line":168,"column":27}},"168":{"start":{"line":169,"column":0},"end":{"line":169,"column":30}},"169":{"start":{"line":170,"column":0},"end":{"line":170,"column":5}},"171":{"start":{"line":172,"column":0},"end":{"line":172,"column":19}},"172":{"start":{"line":173,"column":0},"end":{"line":173,"column":4}},"173":{"start":{"line":174,"column":0},"end":{"line":174,"column":37}},"174":{"start":{"line":175,"column":0},"end":{"line":175,"column":51}},"176":{"start":{"line":177,"column":0},"end":{"line":177,"column":22}},"177":{"start":{"line":178,"column":0},"end":{"line":178,"column":4}},"178":{"start":{"line":179,"column":0},"end":{"line":179,"column":1}},"180":{"start":{"line":181,"column":0},"end":{"line":181,"column":29}},"181":{"start":{"line":182,"column":0},"end":{"line":182,"column":30}},"182":{"start":{"line":183,"column":0},"end":{"line":183,"column":9}},"183":{"start":{"line":184,"column":0},"end":{"line":184,"column":46}},"184":{"start":{"line":185,"column":0},"end":{"line":185,"column":25}},"185":{"start":{"line":186,"column":0},"end":{"line":186,"column":21}},"186":{"start":{"line":187,"column":0},"end":{"line":187,"column":21}},"187":{"start":{"line":188,"column":0},"end":{"line":188,"column":5}},"188":{"start":{"line":189,"column":0},"end":{"line":189,"column":3}},"190":{"start":{"line":191,"column":0},"end":{"line":191,"column":31}},"191":{"start":{"line":192,"column":0},"end":{"line":192,"column":9}},"192":{"start":{"line":193,"column":0},"end":{"line":193,"column":47}},"193":{"start":{"line":194,"column":0},"end":{"line":194,"column":26}},"194":{"start":{"line":195,"column":0},"end":{"line":195,"column":21}},"195":{"start":{"line":196,"column":0},"end":{"line":196,"column":21}},"196":{"start":{"line":197,"column":0},"end":{"line":197,"column":5}},"197":{"start":{"line":198,"column":0},"end":{"line":198,"column":3}},"199":{"start":{"line":200,"column":0},"end":{"line":200,"column":29}},"200":{"start":{"line":201,"column":0},"end":{"line":201,"column":9}},"201":{"start":{"line":202,"column":0},"end":{"line":202,"column":45}},"202":{"start":{"line":203,"column":0},"end":{"line":203,"column":24}},"203":{"start":{"line":204,"column":0},"end":{"line":204,"column":21}},"204":{"start":{"line":205,"column":0},"end":{"line":205,"column":21}},"205":{"start":{"line":206,"column":0},"end":{"line":206,"column":5}},"206":{"start":{"line":207,"column":0},"end":{"line":207,"column":3}},"208":{"start":{"line":209,"column":0},"end":{"line":209,"column":40}},"209":{"start":{"line":210,"column":0},"end":{"line":210,"column":20}},"210":{"start":{"line":211,"column":0},"end":{"line":211,"column":1}},"212":{"start":{"line":213,"column":0},"end":{"line":213,"column":31}},"224":{"start":{"line":225,"column":0},"end":{"line":225,"column":60}},"225":{"start":{"line":226,"column":0},"end":{"line":226,"column":54}},"226":{"start":{"line":227,"column":0},"end":{"line":227,"column":9}},"227":{"start":{"line":228,"column":0},"end":{"line":228,"column":1}}},"s":{"0":1,"1":1,"2":1,"4":1,"5":1,"6":1,"7":1,"8":1,"10":1,"11":1,"13":1,"15":1,"17":1,"18":1,"19":1,"21":19,"22":19,"23":19,"24":19,"25":20,"26":19,"27":19,"28":19,"29":19,"31":107,"32":107,"33":107,"35":9,"36":9,"37":9,"38":9,"39":9,"40":9,"42":9,"43":9,"44":9,"45":9,"46":9,"47":9,"49":27,"50":27,"51":6,"53":6,"54":27,"56":27,"58":27,"59":27,"60":2,"61":27,"62":27,"63":0,"64":0,"65":0,"66":0,"67":0,"69":0,"70":0,"71":0,"72":0,"73":27,"74":27,"75":14,"77":14,"79":14,"80":27,"81":27,"83":14,"84":14,"85":0,"87":0,"88":14,"90":14,"92":14,"94":14,"95":14,"96":14,"97":14,"98":14,"99":14,"100":14,"101":14,"102":14,"103":14,"104":14,"105":14,"106":14,"107":0,"108":0,"109":0,"111":14,"112":14,"113":14,"114":14,"115":14,"116":7,"118":7,"119":7,"120":7,"122":7,"123":7,"125":7,"127":7,"129":7,"130":7,"131":14,"132":14,"133":2,"134":2,"135":1,"136":1,"138":1,"139":1,"141":1,"142":1,"143":1,"145":1,"146":1,"147":0,"148":0,"149":0,"150":14,"151":14,"153":7,"154":7,"156":7,"157":7,"158":0,"159":0,"160":0,"161":0,"162":0,"163":7,"164":7,"165":1,"166":1,"167":1,"168":1,"169":1,"171":1,"172":7,"173":7,"174":3,"176":3,"177":7,"178":7,"180":12,"181":12,"182":12,"183":12,"184":12,"185":12,"186":1,"187":1,"188":12,"190":12,"191":6,"192":6,"193":6,"194":6,"195":0,"196":0,"197":6,"199":12,"200":4,"201":4,"202":4,"203":4,"204":0,"205":0,"206":4,"208":12,"209":12,"210":12,"212":1,"224":1,"225":1,"226":0,"227":0},"branchMap":{"0":{"type":"branch","line":226,"loc":{"start":{"line":226,"column":53},"end":{"line":228,"column":1}},"locations":[{"start":{"line":226,"column":53},"end":{"line":228,"column":1}}]},"1":{"type":"branch","line":22,"loc":{"start":{"line":22,"column":0},"end":{"line":30,"column":1}},"locations":[{"start":{"line":22,"column":0},"end":{"line":30,"column":1}}]},"2":{"type":"branch","line":25,"loc":{"start":{"line":25,"column":12},"end":{"line":27,"column":5}},"locations":[{"start":{"line":25,"column":12},"end":{"line":27,"column":5}}]},"3":{"type":"branch","line":28,"loc":{"start":{"line":28,"column":9},"end":{"line":28,"column":30}},"locations":[{"start":{"line":28,"column":9},"end":{"line":28,"column":30}}]},"4":{"type":"branch","line":32,"loc":{"start":{"line":32,"column":0},"end":{"line":34,"column":1}},"locations":[{"start":{"line":32,"column":0},"end":{"line":34,"column":1}}]},"5":{"type":"branch","line":36,"loc":{"start":{"line":36,"column":0},"end":{"line":41,"column":1}},"locations":[{"start":{"line":36,"column":0},"end":{"line":41,"column":1}}]},"6":{"type":"branch","line":43,"loc":{"start":{"line":43,"column":0},"end":{"line":48,"column":1}},"locations":[{"start":{"line":43,"column":0},"end":{"line":48,"column":1}}]},"7":{"type":"branch","line":50,"loc":{"start":{"line":50,"column":0},"end":{"line":82,"column":1}},"locations":[{"start":{"line":50,"column":0},"end":{"line":82,"column":1}}]},"8":{"type":"branch","line":51,"loc":{"start":{"line":51,"column":31},"end":{"line":55,"column":3}},"locations":[{"start":{"line":51,"column":31},"end":{"line":55,"column":3}}]},"9":{"type":"branch","line":60,"loc":{"start":{"line":60,"column":33},"end":{"line":62,"column":3}},"locations":[{"start":{"line":60,"column":33},"end":{"line":62,"column":3}}]},"10":{"type":"branch","line":75,"loc":{"start":{"line":75,"column":27},"end":{"line":81,"column":3}},"locations":[{"start":{"line":75,"column":27},"end":{"line":81,"column":3}}]},"11":{"type":"branch","line":84,"loc":{"start":{"line":84,"column":0},"end":{"line":152,"column":1}},"locations":[{"start":{"line":84,"column":0},"end":{"line":152,"column":1}}]},"12":{"type":"branch","line":107,"loc":{"start":{"line":107,"column":4},"end":{"line":110,"column":3}},"locations":[{"start":{"line":107,"column":4},"end":{"line":110,"column":3}}]},"13":{"type":"branch","line":98,"loc":{"start":{"line":98,"column":40},"end":{"line":106,"column":5}},"locations":[{"start":{"line":98,"column":40},"end":{"line":106,"column":5}}]},"14":{"type":"branch","line":116,"loc":{"start":{"line":116,"column":34},"end":{"line":132,"column":3}},"locations":[{"start":{"line":116,"column":34},"end":{"line":132,"column":3}}]},"15":{"type":"branch","line":133,"loc":{"start":{"line":133,"column":34},"end":{"line":151,"column":3}},"locations":[{"start":{"line":133,"column":34},"end":{"line":151,"column":3}}]},"16":{"type":"branch","line":135,"loc":{"start":{"line":135,"column":44},"end":{"line":150,"column":5}},"locations":[{"start":{"line":135,"column":44},"end":{"line":150,"column":5}}]},"17":{"type":"branch","line":147,"loc":{"start":{"line":147,"column":5},"end":{"line":150,"column":5}},"locations":[{"start":{"line":147,"column":5},"end":{"line":150,"column":5}}]},"18":{"type":"branch","line":154,"loc":{"start":{"line":154,"column":0},"end":{"line":179,"column":1}},"locations":[{"start":{"line":154,"column":0},"end":{"line":179,"column":1}}]},"19":{"type":"branch","line":165,"loc":{"start":{"line":165,"column":32},"end":{"line":173,"column":3}},"locations":[{"start":{"line":165,"column":32},"end":{"line":173,"column":3}}]},"20":{"type":"branch","line":174,"loc":{"start":{"line":174,"column":26},"end":{"line":178,"column":3}},"locations":[{"start":{"line":174,"column":26},"end":{"line":178,"column":3}}]},"21":{"type":"branch","line":181,"loc":{"start":{"line":181,"column":0},"end":{"line":211,"column":1}},"locations":[{"start":{"line":181,"column":0},"end":{"line":211,"column":1}}]},"22":{"type":"branch","line":186,"loc":{"start":{"line":186,"column":6},"end":{"line":188,"column":5}},"locations":[{"start":{"line":186,"column":6},"end":{"line":188,"column":5}}]},"23":{"type":"branch","line":191,"loc":{"start":{"line":191,"column":30},"end":{"line":198,"column":3}},"locations":[{"start":{"line":191,"column":30},"end":{"line":198,"column":3}}]},"24":{"type":"branch","line":195,"loc":{"start":{"line":195,"column":6},"end":{"line":197,"column":5}},"locations":[{"start":{"line":195,"column":6},"end":{"line":197,"column":5}}]},"25":{"type":"branch","line":200,"loc":{"start":{"line":200,"column":28},"end":{"line":207,"column":3}},"locations":[{"start":{"line":200,"column":28},"end":{"line":207,"column":3}}]},"26":{"type":"branch","line":204,"loc":{"start":{"line":204,"column":6},"end":{"line":206,"column":5}},"locations":[{"start":{"line":204,"column":6},"end":{"line":206,"column":5}}]}},"b":{"0":[0],"1":[19],"2":[20],"3":[20],"4":[107],"5":[9],"6":[9],"7":[27],"8":[6],"9":[2],"10":[14],"11":[14],"12":[0],"13":[14],"14":[7],"15":[2],"16":[1],"17":[0],"18":[7],"19":[1],"20":[3],"21":[12],"22":[1],"23":[6],"24":[0],"25":[4],"26":[0]},"fnMap":{"0":{"name":"format","decl":{"start":{"line":22,"column":0},"end":{"line":30,"column":1}},"loc":{"start":{"line":22,"column":0},"end":{"line":30,"column":1}},"line":22},"1":{"name":"logBright","decl":{"start":{"line":32,"column":0},"end":{"line":34,"column":1}},"loc":{"start":{"line":32,"column":0},"end":{"line":34,"column":1}},"line":32},"2":{"name":"logDim","decl":{"start":{"line":36,"column":0},"end":{"line":41,"column":1}},"loc":{"start":{"line":36,"column":0},"end":{"line":41,"column":1}},"line":36},"3":{"name":"logError","decl":{"start":{"line":43,"column":0},"end":{"line":48,"column":1}},"loc":{"start":{"line":43,"column":0},"end":{"line":48,"column":1}},"line":43},"4":{"name":"build","decl":{"start":{"line":50,"column":0},"end":{"line":82,"column":1}},"loc":{"start":{"line":50,"column":0},"end":{"line":82,"column":1}},"line":50},"5":{"name":"runServer","decl":{"start":{"line":84,"column":0},"end":{"line":152,"column":1}},"loc":{"start":{"line":84,"column":0},"end":{"line":152,"column":1}},"line":84},"6":{"name":"runEndToEndTests","decl":{"start":{"line":154,"column":0},"end":{"line":179,"column":1}},"loc":{"start":{"line":154,"column":0},"end":{"line":179,"column":1}},"line":154},"7":{"name":"exitWithCode","decl":{"start":{"line":181,"column":0},"end":{"line":211,"column":1}},"loc":{"start":{"line":181,"column":0},"end":{"line":211,"column":1}},"line":181}},"f":{"0":19,"1":107,"2":9,"3":9,"4":27,"5":14,"6":7,"7":12}}
,"/Users/ryota.murakami/utils/packages/node/jwt/token-generator.js": {"path":"/Users/ryota.murakami/utils/packages/node/jwt/token-generator.js","all":false,"statementMap":{"0":{"start":{"line":1,"column":0},"end":{"line":1,"column":74}},"1":{"start":{"line":2,"column":0},"end":{"line":2,"column":3}},"2":{"start":{"line":3,"column":0},"end":{"line":3,"column":46}},"3":{"start":{"line":4,"column":0},"end":{"line":4,"column":3}},"4":{"start":{"line":5,"column":0},"end":{"line":5,"column":83}},"5":{"start":{"line":6,"column":0},"end":{"line":6,"column":77}},"6":{"start":{"line":7,"column":0},"end":{"line":7,"column":44}},"7":{"start":{"line":8,"column":0},"end":{"line":8,"column":3}},"8":{"start":{"line":9,"column":0},"end":{"line":9,"column":12}},"9":{"start":{"line":10,"column":0},"end":{"line":10,"column":24}},"10":{"start":{"line":11,"column":0},"end":{"line":11,"column":53}},"11":{"start":{"line":12,"column":0},"end":{"line":12,"column":33}},"12":{"start":{"line":13,"column":0},"end":{"line":13,"column":51}},"13":{"start":{"line":14,"column":0},"end":{"line":14,"column":3}},"14":{"start":{"line":15,"column":0},"end":{"line":15,"column":11}},"15":{"start":{"line":16,"column":0},"end":{"line":16,"column":16}},"16":{"start":{"line":17,"column":0},"end":{"line":17,"column":40}},"17":{"start":{"line":18,"column":0},"end":{"line":18,"column":50}},"18":{"start":{"line":19,"column":0},"end":{"line":19,"column":75}},"19":{"start":{"line":20,"column":0},"end":{"line":20,"column":44}},"20":{"start":{"line":21,"column":0},"end":{"line":21,"column":4}},"21":{"start":{"line":22,"column":0},"end":{"line":22,"column":3}},"22":{"start":{"line":23,"column":0},"end":{"line":23,"column":22}},"23":{"start":{"line":24,"column":0},"end":{"line":24,"column":62}},"24":{"start":{"line":25,"column":0},"end":{"line":25,"column":3}},"25":{"start":{"line":26,"column":0},"end":{"line":26,"column":23}},"26":{"start":{"line":27,"column":0},"end":{"line":27,"column":47}},"27":{"start":{"line":28,"column":0},"end":{"line":28,"column":39}},"28":{"start":{"line":29,"column":0},"end":{"line":29,"column":24}},"29":{"start":{"line":30,"column":0},"end":{"line":30,"column":5}},"30":{"start":{"line":31,"column":0},"end":{"line":31,"column":6}},"31":{"start":{"line":32,"column":0},"end":{"line":32,"column":3}},"33":{"start":{"line":34,"column":0},"end":{"line":34,"column":30}},"35":{"start":{"line":36,"column":0},"end":{"line":36,"column":3}},"36":{"start":{"line":37,"column":0},"end":{"line":37,"column":29}},"37":{"start":{"line":38,"column":0},"end":{"line":38,"column":3}},"38":{"start":{"line":39,"column":0},"end":{"line":39,"column":87}},"39":{"start":{"line":40,"column":0},"end":{"line":40,"column":87}},"40":{"start":{"line":41,"column":0},"end":{"line":41,"column":88}},"41":{"start":{"line":42,"column":0},"end":{"line":42,"column":3}},"42":{"start":{"line":43,"column":0},"end":{"line":43,"column":73}},"43":{"start":{"line":44,"column":0},"end":{"line":44,"column":46}},"44":{"start":{"line":45,"column":0},"end":{"line":45,"column":44}},"45":{"start":{"line":46,"column":0},"end":{"line":46,"column":82}},"46":{"start":{"line":47,"column":0},"end":{"line":47,"column":1}},"48":{"start":{"line":49,"column":0},"end":{"line":49,"column":3}},"49":{"start":{"line":50,"column":0},"end":{"line":50,"column":51}},"50":{"start":{"line":51,"column":0},"end":{"line":51,"column":3}},"51":{"start":{"line":52,"column":0},"end":{"line":52,"column":57}},"52":{"start":{"line":53,"column":0},"end":{"line":53,"column":80}},"53":{"start":{"line":54,"column":0},"end":{"line":54,"column":37}},"54":{"start":{"line":55,"column":0},"end":{"line":55,"column":3}},"55":{"start":{"line":56,"column":0},"end":{"line":56,"column":65}},"56":{"start":{"line":57,"column":0},"end":{"line":57,"column":69}},"57":{"start":{"line":58,"column":0},"end":{"line":58,"column":67}},"58":{"start":{"line":59,"column":0},"end":{"line":59,"column":1}},"60":{"start":{"line":61,"column":0},"end":{"line":61,"column":3}},"61":{"start":{"line":62,"column":0},"end":{"line":62,"column":79}},"62":{"start":{"line":63,"column":0},"end":{"line":63,"column":78}},"63":{"start":{"line":64,"column":0},"end":{"line":64,"column":3}},"64":{"start":{"line":65,"column":0},"end":{"line":65,"column":56}},"65":{"start":{"line":66,"column":0},"end":{"line":66,"column":57}},"66":{"start":{"line":67,"column":0},"end":{"line":67,"column":73}},"67":{"start":{"line":68,"column":0},"end":{"line":68,"column":76}},"68":{"start":{"line":69,"column":0},"end":{"line":69,"column":60}},"69":{"start":{"line":70,"column":0},"end":{"line":70,"column":3}},"70":{"start":{"line":71,"column":0},"end":{"line":71,"column":69}},"71":{"start":{"line":72,"column":0},"end":{"line":72,"column":29}},"72":{"start":{"line":73,"column":0},"end":{"line":73,"column":10}},"73":{"start":{"line":74,"column":0},"end":{"line":74,"column":27}},"74":{"start":{"line":75,"column":0},"end":{"line":75,"column":26}},"75":{"start":{"line":76,"column":0},"end":{"line":76,"column":3}},"76":{"start":{"line":77,"column":0},"end":{"line":77,"column":20}},"77":{"start":{"line":78,"column":0},"end":{"line":78,"column":20}},"78":{"start":{"line":79,"column":0},"end":{"line":79,"column":20}},"79":{"start":{"line":80,"column":0},"end":{"line":80,"column":118}},"80":{"start":{"line":81,"column":0},"end":{"line":81,"column":56}},"81":{"start":{"line":82,"column":0},"end":{"line":82,"column":43}},"82":{"start":{"line":83,"column":0},"end":{"line":83,"column":47}},"83":{"start":{"line":84,"column":0},"end":{"line":84,"column":3}},"84":{"start":{"line":85,"column":0},"end":{"line":85,"column":96}},"85":{"start":{"line":86,"column":0},"end":{"line":86,"column":67}},"86":{"start":{"line":87,"column":0},"end":{"line":87,"column":1}},"88":{"start":{"line":89,"column":0},"end":{"line":89,"column":29}}},"s":{"0":1,"1":1,"2":1,"3":1,"4":1,"5":1,"6":1,"7":1,"8":1,"9":1,"10":1,"11":1,"12":1,"13":1,"14":1,"15":1,"16":1,"17":1,"18":1,"19":1,"20":1,"21":1,"22":1,"23":1,"24":1,"25":1,"26":1,"27":1,"28":1,"29":1,"30":1,"31":1,"33":1,"35":1,"36":1,"37":1,"38":1,"39":1,"40":1,"41":1,"42":29,"43":29,"44":29,"45":29,"46":29,"48":1,"49":1,"50":1,"51":1,"52":1,"53":1,"54":1,"55":1,"56":23,"57":23,"58":23,"60":1,"61":1,"62":1,"63":1,"64":1,"65":1,"66":1,"67":1,"68":1,"69":1,"70":1,"71":16,"72":16,"73":16,"74":16,"75":16,"76":16,"77":16,"78":16,"79":16,"80":16,"81":16,"82":8,"83":8,"84":12,"85":12,"86":12,"88":1},"branchMap":{"0":{"type":"branch","line":43,"loc":{"start":{"line":43,"column":0},"end":{"line":47,"column":1}},"locations":[{"start":{"line":43,"column":0},"end":{"line":47,"column":1}}]},"1":{"type":"branch","line":56,"loc":{"start":{"line":56,"column":32},"end":{"line":59,"column":1}},"locations":[{"start":{"line":56,"column":32},"end":{"line":59,"column":1}}]},"2":{"type":"branch","line":71,"loc":{"start":{"line":71,"column":35},"end":{"line":87,"column":1}},"locations":[{"start":{"line":71,"column":35},"end":{"line":87,"column":1}}]},"3":{"type":"branch","line":82,"loc":{"start":{"line":82,"column":42},"end":{"line":84,"column":3}},"locations":[{"start":{"line":82,"column":42},"end":{"line":84,"column":3}}]},"4":{"type":"branch","line":84,"loc":{"start":{"line":84,"column":2},"end":{"line":87,"column":1}},"locations":[{"start":{"line":84,"column":2},"end":{"line":87,"column":1}}]}},"b":{"0":[29],"1":[23],"2":[16],"3":[8],"4":[12]},"fnMap":{"0":{"name":"TokenGenerator","decl":{"start":{"line":43,"column":0},"end":{"line":47,"column":1}},"loc":{"start":{"line":43,"column":0},"end":{"line":47,"column":1}},"line":43},"1":{"name":"TokenGenerator.sign","decl":{"start":{"line":56,"column":32},"end":{"line":59,"column":1}},"loc":{"start":{"line":56,"column":32},"end":{"line":59,"column":1}},"line":56},"2":{"name":"TokenGenerator.refresh","decl":{"start":{"line":71,"column":35},"end":{"line":87,"column":1}},"loc":{"start":{"line":71,"column":35},"end":{"line":87,"column":1}},"line":71}},"f":{"0":29,"1":23,"2":16}}
,"/Users/ryota.murakami/utils/packages/node/jwt/token-generator.tester.js": {"path":"/Users/ryota.murakami/utils/packages/node/jwt/token-generator.tester.js","all":false,"statementMap":{"0":{"start":{"line":1,"column":0},"end":{"line":1,"column":74}},"1":{"start":{"line":2,"column":0},"end":{"line":2,"column":3}},"2":{"start":{"line":3,"column":0},"end":{"line":3,"column":39}},"3":{"start":{"line":4,"column":0},"end":{"line":4,"column":3}},"5":{"start":{"line":6,"column":0},"end":{"line":6,"column":30}},"7":{"start":{"line":8,"column":0},"end":{"line":8,"column":49}},"9":{"start":{"line":10,"column":0},"end":{"line":10,"column":53}},"10":{"start":{"line":11,"column":0},"end":{"line":11,"column":21}},"11":{"start":{"line":12,"column":0},"end":{"line":12,"column":18}},"12":{"start":{"line":13,"column":0},"end":{"line":13,"column":13}},"13":{"start":{"line":14,"column":0},"end":{"line":14,"column":18}},"14":{"start":{"line":15,"column":0},"end":{"line":15,"column":21}},"15":{"start":{"line":16,"column":0},"end":{"line":16,"column":2}},"16":{"start":{"line":17,"column":0},"end":{"line":17,"column":34}},"17":{"start":{"line":18,"column":0},"end":{"line":18,"column":27}},"18":{"start":{"line":19,"column":0},"end":{"line":19,"column":73}},"19":{"start":{"line":20,"column":0},"end":{"line":20,"column":1}},"20":{"start":{"line":21,"column":0},"end":{"line":21,"column":24}},"21":{"start":{"line":22,"column":0},"end":{"line":22,"column":48}},"22":{"start":{"line":23,"column":0},"end":{"line":23,"column":15}},"23":{"start":{"line":24,"column":0},"end":{"line":24,"column":54}},"24":{"start":{"line":25,"column":0},"end":{"line":25,"column":4}},"26":{"start":{"line":27,"column":0},"end":{"line":27,"column":52}},"28":{"start":{"line":29,"column":0},"end":{"line":29,"column":53}},"29":{"start":{"line":30,"column":0},"end":{"line":30,"column":8}}},"s":{"0":1,"1":1,"2":1,"3":1,"5":1,"7":1,"9":1,"10":1,"11":1,"12":1,"13":1,"14":1,"15":1,"16":1,"17":1,"18":1,"19":1,"20":1,"21":10,"22":10,"23":10,"24":10,"26":10,"28":10,"29":1},"branchMap":{"0":{"type":"branch","line":21,"loc":{"start":{"line":21,"column":11},"end":{"line":30,"column":2}},"locations":[{"start":{"line":21,"column":11},"end":{"line":30,"column":2}}]}},"b":{"0":[10]},"fnMap":{},"f":{}}
}
