TN:
SF:colorful-terminal-message.js
FNF:0
FNH:0
DA:1,1
DA:2,1
DA:4,1
DA:5,1
DA:6,1
DA:7,1
DA:8,1
DA:9,1
DA:10,1
DA:11,1
DA:12,1
DA:13,1
DA:14,1
DA:15,1
DA:16,1
DA:17,1
DA:18,1
DA:19,1
DA:20,1
DA:21,1
DA:22,1
DA:24,1
DA:26,1
DA:27,1
DA:28,1
DA:29,1
DA:30,1
DA:32,1
DA:33,1
DA:34,1
DA:35,1
DA:36,1
DA:37,1
DA:38,1
DA:39,1
DA:40,1
DA:41,1
DA:42,1
DA:44,1
DA:45,1
DA:46,1
DA:47,1
DA:48,1
DA:49,1
DA:50,1
DA:51,1
DA:52,1
DA:53,1
DA:55,1
DA:56,1
DA:57,1
DA:58,1
DA:59,1
DA:60,1
DA:61,1
DA:62,1
DA:63,1
DA:64,1
DA:66,1
DA:67,1
DA:68,1
DA:69,1
DA:70,1
DA:71,1
DA:72,1
DA:73,1
DA:74,1
DA:75,1
DA:76,1
DA:78,1
DA:79,19
DA:80,19
DA:81,19
DA:82,19
DA:83,19
DA:84,19
DA:85,19
DA:86,19
DA:87,19
DA:88,19
DA:89,19
DA:90,19
DA:91,19
DA:92,19
DA:93,19
DA:94,19
DA:95,380
DA:96,19
DA:97,1
DA:99,1
DA:100,1
DA:101,1
LF:92
LH:92
BRDA:78,0,0,19
BRDA:94,1,0,380
BRDA:99,2,0,1
BRF:3
BRH:3
end_of_record
TN:
SF:eqeqeq.codemod.js
FN:1,transformer
FNF:1
FNH:1
FNDA:16,transformer
DA:1,1
DA:2,16
DA:3,16
DA:5,16
DA:6,16
DA:7,16
DA:8,0
DA:10,0
DA:11,16
DA:12,16
DA:13,16
LF:11
LH:9
BRDA:1,0,0,16
BRF:1
BRH:1
end_of_record
TN:
SF:exec.js
FN:10,exec
FNF:1
FNH:1
FNDA:33,exec
DA:1,1
DA:3,1
DA:4,1
DA:5,1
DA:6,1
DA:7,1
DA:8,1
DA:9,1
DA:10,1
DA:11,33
DA:12,33
DA:13,32
DA:14,32
DA:15,26
DA:16,32
DA:17,6
DA:18,6
DA:19,32
DA:20,33
DA:21,26
LF:20
LH:20
BRDA:10,0,0,33
BRDA:20,1,0,26
BRDA:12,2,0,32
BRDA:13,3,0,32
BRDA:14,4,0,26
BRDA:16,5,0,6
BRF:6
BRH:6
end_of_record
TN:
SF:git.js
FN:30,git
FNF:1
FNH:1
FNDA:53,git
DA:1,1
DA:3,1
DA:4,1
DA:5,1
DA:6,1
DA:7,1
DA:8,1
DA:9,1
DA:10,1
DA:11,1
DA:12,1
DA:13,1
DA:14,1
DA:15,1
DA:16,1
DA:17,1
DA:18,1
DA:19,1
DA:20,1
DA:21,1
DA:22,1
DA:23,1
DA:24,1
DA:25,1
DA:26,1
DA:27,1
DA:28,1
DA:29,1
DA:30,1
DA:31,53
DA:32,53
DA:33,53
DA:34,7
DA:35,53
DA:36,46
DA:37,46
DA:38,53
DA:39,53
DA:40,53
LF:39
LH:39
BRDA:30,0,0,53
BRDA:31,1,0,53
BRDA:32,2,0,53
BRDA:33,3,0,7
BRDA:35,4,0,46
BRF:5
BRH:5
end_of_record
TN:
SF:readFileAsJson.ts
FN:28,readFileAsJson
FNF:1
FNH:1
FNDA:2,readFileAsJson
DA:1,1
DA:28,2
DA:29,2
DA:30,2
DA:31,1
DA:32,1
DA:33,1
DA:34,1
DA:35,1
DA:36,1
DA:37,2
LF:11
LH:11
BRDA:28,0,0,2
BRDA:30,1,0,1
BRF:2
BRH:2
end_of_record
TN:
SF:simpleServer.js
FNF:0
FNH:0
DA:1,1
DA:2,1
DA:3,1
DA:4,1
DA:5,1
DA:6,1
DA:7,1
DA:8,1
DA:9,1
DA:10,1
DA:11,1
DA:12,1
DA:13,1
DA:14,1
DA:15,1
DA:16,1
DA:17,1
DA:18,1
DA:19,1
DA:20,1
DA:22,1
DA:23,1
DA:25,1
DA:26,19
DA:27,19
DA:28,19
DA:29,19
DA:31,1
DA:32,10
DA:33,10
LF:30
LH:30
BRDA:25,0,0,19
BRDA:31,1,0,10
BRF:2
BRH:2
end_of_record
TN:
SF:writeJson.js
FN:32,writeJson
FNF:1
FNH:1
FNDA:24,writeJson
DA:1,1
DA:2,1
DA:4,1
DA:5,1
DA:6,1
DA:7,1
DA:8,1
DA:9,1
DA:10,1
DA:11,1
DA:12,1
DA:13,1
DA:14,1
DA:15,1
DA:16,1
DA:17,1
DA:18,1
DA:19,1
DA:20,1
DA:21,1
DA:22,1
DA:23,1
DA:24,1
DA:25,1
DA:26,1
DA:27,1
DA:28,1
DA:29,1
DA:30,1
DA:31,1
DA:32,1
DA:33,24
DA:34,24
DA:36,24
DA:37,7
DA:38,7
DA:39,7
DA:40,7
DA:41,7
DA:42,7
DA:43,7
DA:45,17
DA:46,17
DA:47,24
DA:48,24
DA:49,24
DA:50,24
DA:51,24
DA:52,24
LF:49
LH:49
BRDA:32,0,0,24
BRDA:36,1,0,7
BRDA:43,2,0,17
BRDA:47,3,0,15
BRDA:47,4,0,1
BRF:5
BRH:5
end_of_record
TN:
SF:cli/run_e2e_tests.js
FN:22,format
FN:32,logBright
FN:36,logDim
FN:43,logError
FN:50,build
FN:84,runServer
FN:154,runEndToEndTests
FN:181,exitWithCode
FNF:8
FNH:8
FNDA:19,format
FNDA:107,logBright
FNDA:9,logDim
FNDA:9,logError
FNDA:27,build
FNDA:14,runServer
FNDA:7,runEndToEndTests
FNDA:12,exitWithCode
DA:1,1
DA:2,1
DA:3,1
DA:5,1
DA:6,1
DA:7,1
DA:8,1
DA:9,1
DA:11,1
DA:12,1
DA:14,1
DA:16,1
DA:18,1
DA:19,1
DA:20,1
DA:22,19
DA:23,19
DA:24,19
DA:25,19
DA:26,20
DA:27,19
DA:28,19
DA:29,19
DA:30,19
DA:32,107
DA:33,107
DA:34,107
DA:36,9
DA:37,9
DA:38,9
DA:39,9
DA:40,9
DA:41,9
DA:43,9
DA:44,9
DA:45,9
DA:46,9
DA:47,9
DA:48,9
DA:50,27
DA:51,27
DA:52,6
DA:54,6
DA:55,27
DA:57,27
DA:59,27
DA:60,27
DA:61,2
DA:62,27
DA:63,27
DA:64,0
DA:65,0
DA:66,0
DA:67,0
DA:68,0
DA:70,0
DA:71,0
DA:72,0
DA:73,0
DA:74,27
DA:75,27
DA:76,14
DA:78,14
DA:80,14
DA:81,27
DA:82,27
DA:84,14
DA:85,14
DA:86,0
DA:88,0
DA:89,14
DA:91,14
DA:93,14
DA:95,14
DA:96,14
DA:97,14
DA:98,14
DA:99,14
DA:100,14
DA:101,14
DA:102,14
DA:103,14
DA:104,14
DA:105,14
DA:106,14
DA:107,14
DA:108,0
DA:109,0
DA:110,0
DA:112,14
DA:113,14
DA:114,14
DA:115,14
DA:116,14
DA:117,7
DA:119,7
DA:120,7
DA:121,7
DA:123,7
DA:124,7
DA:126,7
DA:128,7
DA:130,7
DA:131,7
DA:132,14
DA:133,14
DA:134,2
DA:135,2
DA:136,1
DA:137,1
DA:139,1
DA:140,1
DA:142,1
DA:143,1
DA:144,1
DA:146,1
DA:147,1
DA:148,0
DA:149,0
DA:150,0
DA:151,14
DA:152,14
DA:154,7
DA:155,7
DA:157,7
DA:158,7
DA:159,0
DA:160,0
DA:161,0
DA:162,0
DA:163,0
DA:164,7
DA:165,7
DA:166,1
DA:167,1
DA:168,1
DA:169,1
DA:170,1
DA:172,1
DA:173,7
DA:174,7
DA:175,3
DA:177,3
DA:178,7
DA:179,7
DA:181,12
DA:182,12
DA:183,12
DA:184,12
DA:185,12
DA:186,12
DA:187,1
DA:188,1
DA:189,12
DA:191,12
DA:192,6
DA:193,6
DA:194,6
DA:195,6
DA:196,0
DA:197,0
DA:198,6
DA:200,12
DA:201,4
DA:202,4
DA:203,4
DA:204,4
DA:205,0
DA:206,0
DA:207,4
DA:209,12
DA:210,12
DA:211,12
DA:213,1
DA:225,1
DA:226,1
DA:227,0
DA:228,0
LF:178
LH:150
BRDA:226,0,0,0
BRDA:22,1,0,19
BRDA:25,2,0,20
BRDA:28,3,0,20
BRDA:32,4,0,107
BRDA:36,5,0,9
BRDA:43,6,0,9
BRDA:50,7,0,27
BRDA:51,8,0,6
BRDA:60,9,0,2
BRDA:75,10,0,14
BRDA:84,11,0,14
BRDA:107,12,0,0
BRDA:98,13,0,14
BRDA:116,14,0,7
BRDA:133,15,0,2
BRDA:135,16,0,1
BRDA:147,17,0,0
BRDA:154,18,0,7
BRDA:165,19,0,1
BRDA:174,20,0,3
BRDA:181,21,0,12
BRDA:186,22,0,1
BRDA:191,23,0,6
BRDA:195,24,0,0
BRDA:200,25,0,4
BRDA:204,26,0,0
BRF:27
BRH:22
end_of_record
TN:
SF:jwt/token-generator.js
FN:43,TokenGenerator
FN:56,TokenGenerator.sign
FN:71,TokenGenerator.refresh
FNF:3
FNH:3
FNDA:29,TokenGenerator
FNDA:23,TokenGenerator.sign
FNDA:16,TokenGenerator.refresh
DA:1,1
DA:2,1
DA:3,1
DA:4,1
DA:5,1
DA:6,1
DA:7,1
DA:8,1
DA:9,1
DA:10,1
DA:11,1
DA:12,1
DA:13,1
DA:14,1
DA:15,1
DA:16,1
DA:17,1
DA:18,1
DA:19,1
DA:20,1
DA:21,1
DA:22,1
DA:23,1
DA:24,1
DA:25,1
DA:26,1
DA:27,1
DA:28,1
DA:29,1
DA:30,1
DA:31,1
DA:32,1
DA:34,1
DA:36,1
DA:37,1
DA:38,1
DA:39,1
DA:40,1
DA:41,1
DA:42,1
DA:43,29
DA:44,29
DA:45,29
DA:46,29
DA:47,29
DA:49,1
DA:50,1
DA:51,1
DA:52,1
DA:53,1
DA:54,1
DA:55,1
DA:56,1
DA:57,23
DA:58,23
DA:59,23
DA:61,1
DA:62,1
DA:63,1
DA:64,1
DA:65,1
DA:66,1
DA:67,1
DA:68,1
DA:69,1
DA:70,1
DA:71,1
DA:72,16
DA:73,16
DA:74,16
DA:75,16
DA:76,16
DA:77,16
DA:78,16
DA:79,16
DA:80,16
DA:81,16
DA:82,16
DA:83,8
DA:84,8
DA:85,12
DA:86,12
DA:87,12
DA:89,1
LF:84
LH:84
BRDA:43,0,0,29
BRDA:56,1,0,23
BRDA:71,2,0,16
BRDA:82,3,0,8
BRDA:84,4,0,12
BRF:5
BRH:5
end_of_record
TN:
SF:jwt/token-generator.tester.js
FNF:0
FNH:0
DA:1,1
DA:2,1
DA:3,1
DA:4,1
DA:6,1
DA:8,1
DA:10,1
DA:11,1
DA:12,1
DA:13,1
DA:14,1
DA:15,1
DA:16,1
DA:17,1
DA:18,1
DA:19,1
DA:20,1
DA:21,1
DA:22,10
DA:23,10
DA:24,10
DA:25,10
DA:27,10
DA:29,10
DA:30,1
LF:25
LH:25
BRDA:21,0,0,10
BRF:1
BRH:1
end_of_record
